{"/Users/laradelltria/Documents/GitHub/PF-RedBack/src/server/fakedb.js": {"path":"/Users/laradelltria/Documents/GitHub/PF-RedBack/src/server/fakedb.js","statementMap":{"0":{"start":{"line":2,"column":21},"end":{"line":66,"column":1}},"1":{"start":{"line":68,"column":14},"end":{"line":74,"column":1}},"2":{"start":{"line":76,"column":23},"end":{"line":107,"column":1}}},"fnMap":{},"branchMap":{},"s":{"0":3,"1":3,"2":3},"f":{},"b":{},"_coverageSchema":"1a1c01bbd47fc00a2c39e90264f33305004495a9","hash":"ccee5885869de9bd4b6ac622f75ca8829e831d53"}
,"/Users/laradelltria/Documents/GitHub/PF-RedBack/src/server/index.js": {"path":"/Users/laradelltria/Documents/GitHub/PF-RedBack/src/server/index.js","statementMap":{"0":{"start":{"line":14,"column":12},"end":{"line":14,"column":21}},"1":{"start":{"line":18,"column":0},"end":{"line":18,"column":68}},"2":{"start":{"line":21,"column":0},"end":{"line":21,"column":16}},"3":{"start":{"line":22,"column":0},"end":{"line":22,"column":45}},"4":{"start":{"line":23,"column":0},"end":{"line":23,"column":67}},"5":{"start":{"line":24,"column":0},"end":{"line":24,"column":24}},"6":{"start":{"line":26,"column":0},"end":{"line":28,"column":3}},"7":{"start":{"line":27,"column":2},"end":{"line":27,"column":34}},"8":{"start":{"line":30,"column":0},"end":{"line":30,"column":38}},"9":{"start":{"line":31,"column":0},"end":{"line":31,"column":34}},"10":{"start":{"line":32,"column":0},"end":{"line":32,"column":38}},"11":{"start":{"line":33,"column":0},"end":{"line":33,"column":44}},"12":{"start":{"line":34,"column":0},"end":{"line":34,"column":43}},"13":{"start":{"line":35,"column":0},"end":{"line":35,"column":36}},"14":{"start":{"line":38,"column":0},"end":{"line":40,"column":2}},"15":{"start":{"line":39,"column":2},"end":{"line":39,"column":52}}},"fnMap":{"0":{"name":"(anonymous_0)","decl":{"start":{"line":26,"column":13},"end":{"line":26,"column":14}},"loc":{"start":{"line":26,"column":27},"end":{"line":28,"column":1}},"line":26},"1":{"name":"(anonymous_1)","decl":{"start":{"line":38,"column":24},"end":{"line":38,"column":25}},"loc":{"start":{"line":39,"column":2},"end":{"line":39,"column":52}},"line":39}},"branchMap":{},"s":{"0":2,"1":2,"2":2,"3":2,"4":2,"5":2,"6":2,"7":1,"8":2,"9":2,"10":2,"11":2,"12":2,"13":2,"14":2,"15":2},"f":{"0":1,"1":2},"b":{},"_coverageSchema":"1a1c01bbd47fc00a2c39e90264f33305004495a9","hash":"aeb63e661701d29be54527c1a024bcfb206f23e1"}
,"/Users/laradelltria/Documents/GitHub/PF-RedBack/src/server/swagger.js": {"path":"/Users/laradelltria/Documents/GitHub/PF-RedBack/src/server/swagger.js","statementMap":{"0":{"start":{"line":3,"column":26},"end":{"line":10,"column":1}},"1":{"start":{"line":12,"column":16},"end":{"line":15,"column":1}},"2":{"start":{"line":17,"column":20},"end":{"line":17,"column":41}}},"fnMap":{},"branchMap":{},"s":{"0":2,"1":2,"2":2},"f":{},"b":{},"_coverageSchema":"1a1c01bbd47fc00a2c39e90264f33305004495a9","hash":"3e405db57797abc0431dc7cfb407dce2a907bd02"}
,"/Users/laradelltria/Documents/GitHub/PF-RedBack/src/server/config/config.js": {"path":"/Users/laradelltria/Documents/GitHub/PF-RedBack/src/server/config/config.js","statementMap":{"0":{"start":{"line":4,"column":0},"end":{"line":4,"column":15}},"1":{"start":{"line":16,"column":4},"end":{"line":16,"column":15}},"2":{"start":{"line":18,"column":13},"end":{"line":18,"column":37}},"3":{"start":{"line":19,"column":0},"end":{"line":19,"column":33}},"4":{"start":{"line":20,"column":0},"end":{"line":20,"column":33}}},"fnMap":{},"branchMap":{"0":{"loc":{"start":{"line":18,"column":13},"end":{"line":18,"column":37}},"type":"binary-expr","locations":[{"start":{"line":18,"column":13},"end":{"line":18,"column":29}},{"start":{"line":18,"column":33},"end":{"line":18,"column":37}}],"line":18}},"s":{"0":8,"1":8,"2":8,"3":8,"4":8},"f":{},"b":{"0":[8,0]},"_coverageSchema":"1a1c01bbd47fc00a2c39e90264f33305004495a9","hash":"f02b9263bc5b286caafbbaaa1e50ff1a73076615"}
,"/Users/laradelltria/Documents/GitHub/PF-RedBack/src/server/config/firebase.js": {"path":"/Users/laradelltria/Documents/GitHub/PF-RedBack/src/server/config/firebase.js","statementMap":{"0":{"start":{"line":11,"column":28},"end":{"line":11,"column":64}},"1":{"start":{"line":12,"column":29},"end":{"line":12,"column":50}},"2":{"start":{"line":13,"column":27},"end":{"line":13,"column":53}},"3":{"start":{"line":14,"column":32},"end":{"line":14,"column":56}}},"fnMap":{},"branchMap":{},"s":{"0":8,"1":8,"2":8,"3":8},"f":{},"b":{},"_coverageSchema":"1a1c01bbd47fc00a2c39e90264f33305004495a9","hash":"0e2fd6c96c06015c426251149c556b43e00a76c4"}
,"/Users/laradelltria/Documents/GitHub/PF-RedBack/src/server/controllers/accountController.js": {"path":"/Users/laradelltria/Documents/GitHub/PF-RedBack/src/server/controllers/accountController.js","statementMap":{"0":{"start":{"line":31,"column":13},"end":{"line":31,"column":26}},"1":{"start":{"line":32,"column":11},"end":{"line":32,"column":22}},"2":{"start":{"line":34,"column":19},"end":{"line":34,"column":47}},"3":{"start":{"line":35,"column":16},"end":{"line":35,"column":39}},"4":{"start":{"line":36,"column":15},"end":{"line":36,"column":37}},"5":{"start":{"line":44,"column":19},"end":{"line":69,"column":1}},"6":{"start":{"line":45,"column":4},"end":{"line":68,"column":5}},"7":{"start":{"line":46,"column":19},"end":{"line":46,"column":39}},"8":{"start":{"line":47,"column":33},"end":{"line":47,"column":53}},"9":{"start":{"line":48,"column":34},"end":{"line":48,"column":64}},"10":{"start":{"line":51,"column":8},"end":{"line":63,"column":9}},"11":{"start":{"line":52,"column":34},"end":{"line":52,"column":58}},"12":{"start":{"line":53,"column":26},"end":{"line":58,"column":13}},"13":{"start":{"line":59,"column":12},"end":{"line":59,"column":42}},"14":{"start":{"line":60,"column":12},"end":{"line":60,"column":19}},"15":{"start":{"line":62,"column":12},"end":{"line":62,"column":49}},"16":{"start":{"line":65,"column":8},"end":{"line":65,"column":49}},"17":{"start":{"line":66,"column":8},"end":{"line":66,"column":64}},"18":{"start":{"line":67,"column":8},"end":{"line":67,"column":15}},"19":{"start":{"line":76,"column":26},"end":{"line":105,"column":1}},"20":{"start":{"line":77,"column":4},"end":{"line":104,"column":5}},"21":{"start":{"line":78,"column":21},"end":{"line":78,"column":37}},"22":{"start":{"line":79,"column":8},"end":{"line":99,"column":9}},"23":{"start":{"line":80,"column":35},"end":{"line":80,"column":61}},"24":{"start":{"line":81,"column":36},"end":{"line":81,"column":64}},"25":{"start":{"line":84,"column":12},"end":{"line":96,"column":13}},"26":{"start":{"line":85,"column":36},"end":{"line":85,"column":58}},"27":{"start":{"line":86,"column":30},"end":{"line":91,"column":17}},"28":{"start":{"line":92,"column":16},"end":{"line":92,"column":46}},"29":{"start":{"line":93,"column":16},"end":{"line":93,"column":23}},"30":{"start":{"line":95,"column":16},"end":{"line":95,"column":53}},"31":{"start":{"line":98,"column":12},"end":{"line":98,"column":42}},"32":{"start":{"line":101,"column":8},"end":{"line":101,"column":49}},"33":{"start":{"line":102,"column":8},"end":{"line":102,"column":51}},"34":{"start":{"line":103,"column":8},"end":{"line":103,"column":15}},"35":{"start":{"line":117,"column":14},"end":{"line":171,"column":1}},"36":{"start":{"line":118,"column":32},"end":{"line":118,"column":40}},"37":{"start":{"line":121,"column":4},"end":{"line":129,"column":5}},"38":{"start":{"line":122,"column":8},"end":{"line":122,"column":53}},"39":{"start":{"line":123,"column":8},"end":{"line":123,"column":62}},"40":{"start":{"line":124,"column":8},"end":{"line":124,"column":15}},"41":{"start":{"line":125,"column":11},"end":{"line":129,"column":5}},"42":{"start":{"line":126,"column":8},"end":{"line":126,"column":44}},"43":{"start":{"line":127,"column":8},"end":{"line":127,"column":53}},"44":{"start":{"line":128,"column":8},"end":{"line":128,"column":15}},"45":{"start":{"line":131,"column":4},"end":{"line":170,"column":5}},"46":{"start":{"line":132,"column":22},"end":{"line":132,"column":65}},"47":{"start":{"line":133,"column":34},"end":{"line":133,"column":54}},"48":{"start":{"line":136,"column":8},"end":{"line":165,"column":9}},"49":{"start":{"line":137,"column":12},"end":{"line":137,"column":75}},"50":{"start":{"line":138,"column":12},"end":{"line":138,"column":53}},"51":{"start":{"line":139,"column":12},"end":{"line":139,"column":19}},"52":{"start":{"line":141,"column":25},"end":{"line":141,"column":71}},"53":{"start":{"line":142,"column":37},"end":{"line":142,"column":56}},"54":{"start":{"line":144,"column":28},"end":{"line":144,"column":59}},"55":{"start":{"line":145,"column":12},"end":{"line":145,"column":62}},"56":{"start":{"line":148,"column":12},"end":{"line":164,"column":13}},"57":{"start":{"line":149,"column":16},"end":{"line":149,"column":71}},"58":{"start":{"line":150,"column":40},"end":{"line":154,"column":17}},"59":{"start":{"line":158,"column":16},"end":{"line":158,"column":57}},"60":{"start":{"line":159,"column":16},"end":{"line":159,"column":23}},"61":{"start":{"line":161,"column":16},"end":{"line":161,"column":61}},"62":{"start":{"line":162,"column":16},"end":{"line":162,"column":58}},"63":{"start":{"line":163,"column":16},"end":{"line":163,"column":23}},"64":{"start":{"line":167,"column":8},"end":{"line":167,"column":27}},"65":{"start":{"line":168,"column":8},"end":{"line":168,"column":60}},"66":{"start":{"line":169,"column":8},"end":{"line":169,"column":15}},"67":{"start":{"line":183,"column":15},"end":{"line":252,"column":1}},"68":{"start":{"line":184,"column":21},"end":{"line":184,"column":29}},"69":{"start":{"line":185,"column":45},"end":{"line":185,"column":49}},"70":{"start":{"line":188,"column":4},"end":{"line":196,"column":5}},"71":{"start":{"line":189,"column":8},"end":{"line":189,"column":38}},"72":{"start":{"line":190,"column":8},"end":{"line":190,"column":47}},"73":{"start":{"line":191,"column":8},"end":{"line":191,"column":15}},"74":{"start":{"line":192,"column":11},"end":{"line":196,"column":5}},"75":{"start":{"line":193,"column":8},"end":{"line":193,"column":44}},"76":{"start":{"line":194,"column":8},"end":{"line":194,"column":53}},"77":{"start":{"line":195,"column":8},"end":{"line":195,"column":15}},"78":{"start":{"line":198,"column":4},"end":{"line":251,"column":5}},"79":{"start":{"line":199,"column":22},"end":{"line":199,"column":65}},"80":{"start":{"line":200,"column":34},"end":{"line":200,"column":54}},"81":{"start":{"line":203,"column":8},"end":{"line":241,"column":9}},"82":{"start":{"line":204,"column":12},"end":{"line":204,"column":62}},"83":{"start":{"line":205,"column":12},"end":{"line":212,"column":14}},"84":{"start":{"line":207,"column":20},"end":{"line":211,"column":22}},"85":{"start":{"line":213,"column":12},"end":{"line":213,"column":51}},"86":{"start":{"line":214,"column":12},"end":{"line":214,"column":19}},"87":{"start":{"line":216,"column":12},"end":{"line":216,"column":74}},"88":{"start":{"line":218,"column":25},"end":{"line":218,"column":71}},"89":{"start":{"line":219,"column":37},"end":{"line":219,"column":56}},"90":{"start":{"line":222,"column":12},"end":{"line":226,"column":13}},"91":{"start":{"line":223,"column":16},"end":{"line":223,"column":62}},"92":{"start":{"line":224,"column":16},"end":{"line":224,"column":58}},"93":{"start":{"line":225,"column":16},"end":{"line":225,"column":23}},"94":{"start":{"line":228,"column":28},"end":{"line":228,"column":59}},"95":{"start":{"line":229,"column":12},"end":{"line":229,"column":62}},"96":{"start":{"line":232,"column":12},"end":{"line":240,"column":13}},"97":{"start":{"line":233,"column":16},"end":{"line":233,"column":72}},"98":{"start":{"line":234,"column":16},"end":{"line":234,"column":57}},"99":{"start":{"line":235,"column":16},"end":{"line":235,"column":23}},"100":{"start":{"line":237,"column":16},"end":{"line":237,"column":62}},"101":{"start":{"line":238,"column":16},"end":{"line":238,"column":58}},"102":{"start":{"line":239,"column":16},"end":{"line":239,"column":23}},"103":{"start":{"line":243,"column":8},"end":{"line":243,"column":27}},"104":{"start":{"line":244,"column":8},"end":{"line":250,"column":9}},"105":{"start":{"line":245,"column":12},"end":{"line":245,"column":49}},"106":{"start":{"line":246,"column":12},"end":{"line":246,"column":19}},"107":{"start":{"line":248,"column":12},"end":{"line":248,"column":53}},"108":{"start":{"line":249,"column":12},"end":{"line":249,"column":19}},"109":{"start":{"line":265,"column":20},"end":{"line":322,"column":1}},"110":{"start":{"line":266,"column":4},"end":{"line":321,"column":5}},"111":{"start":{"line":267,"column":21},"end":{"line":267,"column":37}},"112":{"start":{"line":268,"column":31},"end":{"line":268,"column":39}},"113":{"start":{"line":271,"column":27},"end":{"line":271,"column":53}},"114":{"start":{"line":272,"column":28},"end":{"line":272,"column":52}},"115":{"start":{"line":274,"column":8},"end":{"line":276,"column":9}},"116":{"start":{"line":275,"column":12},"end":{"line":275,"column":67}},"117":{"start":{"line":278,"column":33},"end":{"line":278,"column":51}},"118":{"start":{"line":279,"column":29},"end":{"line":284,"column":9}},"119":{"start":{"line":286,"column":8},"end":{"line":289,"column":9}},"120":{"start":{"line":287,"column":12},"end":{"line":287,"column":48}},"121":{"start":{"line":288,"column":12},"end":{"line":288,"column":19}},"122":{"start":{"line":291,"column":8},"end":{"line":294,"column":9}},"123":{"start":{"line":292,"column":12},"end":{"line":292,"column":54}},"124":{"start":{"line":293,"column":12},"end":{"line":293,"column":61}},"125":{"start":{"line":296,"column":8},"end":{"line":299,"column":9}},"126":{"start":{"line":297,"column":12},"end":{"line":297,"column":56}},"127":{"start":{"line":298,"column":12},"end":{"line":298,"column":61}},"128":{"start":{"line":301,"column":31},"end":{"line":301,"column":57}},"129":{"start":{"line":302,"column":32},"end":{"line":302,"column":60}},"130":{"start":{"line":305,"column":8},"end":{"line":317,"column":9}},"131":{"start":{"line":306,"column":32},"end":{"line":306,"column":54}},"132":{"start":{"line":307,"column":26},"end":{"line":312,"column":13}},"133":{"start":{"line":313,"column":12},"end":{"line":313,"column":42}},"134":{"start":{"line":314,"column":12},"end":{"line":314,"column":19}},"135":{"start":{"line":316,"column":12},"end":{"line":316,"column":46}},"136":{"start":{"line":319,"column":8},"end":{"line":319,"column":65}},"137":{"start":{"line":320,"column":8},"end":{"line":320,"column":62}},"138":{"start":{"line":335,"column":22},"end":{"line":358,"column":1}},"139":{"start":{"line":336,"column":4},"end":{"line":357,"column":5}},"140":{"start":{"line":337,"column":21},"end":{"line":337,"column":37}},"141":{"start":{"line":340,"column":27},"end":{"line":340,"column":53}},"142":{"start":{"line":341,"column":28},"end":{"line":341,"column":52}},"143":{"start":{"line":343,"column":8},"end":{"line":345,"column":9}},"144":{"start":{"line":344,"column":12},"end":{"line":344,"column":67}},"145":{"start":{"line":348,"column":8},"end":{"line":351,"column":11}},"146":{"start":{"line":350,"column":12},"end":{"line":350,"column":34}},"147":{"start":{"line":353,"column":8},"end":{"line":353,"column":69}},"148":{"start":{"line":355,"column":8},"end":{"line":355,"column":66}},"149":{"start":{"line":356,"column":8},"end":{"line":356,"column":63}},"150":{"start":{"line":370,"column":23},"end":{"line":391,"column":1}},"151":{"start":{"line":371,"column":4},"end":{"line":390,"column":5}},"152":{"start":{"line":372,"column":21},"end":{"line":372,"column":37}},"153":{"start":{"line":373,"column":32},"end":{"line":373,"column":40}},"154":{"start":{"line":375,"column":8},"end":{"line":377,"column":9}},"155":{"start":{"line":376,"column":12},"end":{"line":376,"column":70}},"156":{"start":{"line":379,"column":8},"end":{"line":381,"column":9}},"157":{"start":{"line":380,"column":12},"end":{"line":380,"column":69}},"158":{"start":{"line":384,"column":8},"end":{"line":384,"column":48}},"159":{"start":{"line":386,"column":8},"end":{"line":386,"column":70}},"160":{"start":{"line":388,"column":8},"end":{"line":388,"column":67}},"161":{"start":{"line":389,"column":8},"end":{"line":389,"column":64}},"162":{"start":{"line":402,"column":15},"end":{"line":418,"column":1}},"163":{"start":{"line":403,"column":4},"end":{"line":417,"column":5}},"164":{"start":{"line":404,"column":21},"end":{"line":404,"column":37}},"165":{"start":{"line":406,"column":8},"end":{"line":408,"column":9}},"166":{"start":{"line":407,"column":12},"end":{"line":407,"column":70}},"167":{"start":{"line":411,"column":8},"end":{"line":411,"column":28}},"168":{"start":{"line":413,"column":8},"end":{"line":413,"column":69}},"169":{"start":{"line":415,"column":8},"end":{"line":415,"column":61}},"170":{"start":{"line":416,"column":8},"end":{"line":416,"column":58}}},"fnMap":{"0":{"name":"(anonymous_0)","decl":{"start":{"line":44,"column":19},"end":{"line":44,"column":20}},"loc":{"start":{"line":44,"column":39},"end":{"line":69,"column":1}},"line":44},"1":{"name":"(anonymous_1)","decl":{"start":{"line":76,"column":26},"end":{"line":76,"column":27}},"loc":{"start":{"line":76,"column":46},"end":{"line":105,"column":1}},"line":76},"2":{"name":"(anonymous_2)","decl":{"start":{"line":117,"column":14},"end":{"line":117,"column":15}},"loc":{"start":{"line":117,"column":34},"end":{"line":171,"column":1}},"line":117},"3":{"name":"(anonymous_3)","decl":{"start":{"line":183,"column":15},"end":{"line":183,"column":16}},"loc":{"start":{"line":183,"column":35},"end":{"line":252,"column":1}},"line":183},"4":{"name":"(anonymous_4)","decl":{"start":{"line":206,"column":16},"end":{"line":206,"column":17}},"loc":{"start":{"line":207,"column":20},"end":{"line":211,"column":22}},"line":207},"5":{"name":"(anonymous_5)","decl":{"start":{"line":265,"column":20},"end":{"line":265,"column":21}},"loc":{"start":{"line":265,"column":40},"end":{"line":322,"column":1}},"line":265},"6":{"name":"(anonymous_6)","decl":{"start":{"line":335,"column":22},"end":{"line":335,"column":23}},"loc":{"start":{"line":335,"column":42},"end":{"line":358,"column":1}},"line":335},"7":{"name":"(anonymous_7)","decl":{"start":{"line":348,"column":36},"end":{"line":348,"column":37}},"loc":{"start":{"line":348,"column":42},"end":{"line":351,"column":9}},"line":348},"8":{"name":"(anonymous_8)","decl":{"start":{"line":370,"column":23},"end":{"line":370,"column":24}},"loc":{"start":{"line":370,"column":43},"end":{"line":391,"column":1}},"line":370},"9":{"name":"(anonymous_9)","decl":{"start":{"line":402,"column":15},"end":{"line":402,"column":16}},"loc":{"start":{"line":402,"column":35},"end":{"line":418,"column":1}},"line":402}},"branchMap":{"0":{"loc":{"start":{"line":51,"column":8},"end":{"line":63,"column":9}},"type":"if","locations":[{"start":{"line":51,"column":8},"end":{"line":63,"column":9}},{"start":{"line":61,"column":15},"end":{"line":63,"column":9}}],"line":51},"1":{"loc":{"start":{"line":79,"column":8},"end":{"line":99,"column":9}},"type":"if","locations":[{"start":{"line":79,"column":8},"end":{"line":99,"column":9}},{"start":{"line":97,"column":15},"end":{"line":99,"column":9}}],"line":79},"2":{"loc":{"start":{"line":84,"column":12},"end":{"line":96,"column":13}},"type":"if","locations":[{"start":{"line":84,"column":12},"end":{"line":96,"column":13}},{"start":{"line":94,"column":19},"end":{"line":96,"column":13}}],"line":84},"3":{"loc":{"start":{"line":121,"column":4},"end":{"line":129,"column":5}},"type":"if","locations":[{"start":{"line":121,"column":4},"end":{"line":129,"column":5}},{"start":{"line":125,"column":11},"end":{"line":129,"column":5}}],"line":121},"4":{"loc":{"start":{"line":121,"column":8},"end":{"line":121,"column":39}},"type":"binary-expr","locations":[{"start":{"line":121,"column":8},"end":{"line":121,"column":20}},{"start":{"line":121,"column":24},"end":{"line":121,"column":39}}],"line":121},"5":{"loc":{"start":{"line":125,"column":11},"end":{"line":129,"column":5}},"type":"if","locations":[{"start":{"line":125,"column":11},"end":{"line":129,"column":5}},{"start":{},"end":{}}],"line":125},"6":{"loc":{"start":{"line":136,"column":8},"end":{"line":165,"column":9}},"type":"if","locations":[{"start":{"line":136,"column":8},"end":{"line":165,"column":9}},{"start":{"line":140,"column":15},"end":{"line":165,"column":9}}],"line":136},"7":{"loc":{"start":{"line":148,"column":12},"end":{"line":164,"column":13}},"type":"if","locations":[{"start":{"line":148,"column":12},"end":{"line":164,"column":13}},{"start":{"line":160,"column":19},"end":{"line":164,"column":13}}],"line":148},"8":{"loc":{"start":{"line":188,"column":4},"end":{"line":196,"column":5}},"type":"if","locations":[{"start":{"line":188,"column":4},"end":{"line":196,"column":5}},{"start":{"line":192,"column":11},"end":{"line":196,"column":5}}],"line":188},"9":{"loc":{"start":{"line":188,"column":8},"end":{"line":188,"column":54}},"type":"binary-expr","locations":[{"start":{"line":188,"column":8},"end":{"line":188,"column":19}},{"start":{"line":188,"column":23},"end":{"line":188,"column":35}},{"start":{"line":188,"column":39},"end":{"line":188,"column":54}}],"line":188},"10":{"loc":{"start":{"line":192,"column":11},"end":{"line":196,"column":5}},"type":"if","locations":[{"start":{"line":192,"column":11},"end":{"line":196,"column":5}},{"start":{},"end":{}}],"line":192},"11":{"loc":{"start":{"line":203,"column":8},"end":{"line":241,"column":9}},"type":"if","locations":[{"start":{"line":203,"column":8},"end":{"line":241,"column":9}},{"start":{"line":215,"column":15},"end":{"line":241,"column":9}}],"line":203},"12":{"loc":{"start":{"line":222,"column":12},"end":{"line":226,"column":13}},"type":"if","locations":[{"start":{"line":222,"column":12},"end":{"line":226,"column":13}},{"start":{},"end":{}}],"line":222},"13":{"loc":{"start":{"line":232,"column":12},"end":{"line":240,"column":13}},"type":"if","locations":[{"start":{"line":232,"column":12},"end":{"line":240,"column":13}},{"start":{"line":236,"column":19},"end":{"line":240,"column":13}}],"line":232},"14":{"loc":{"start":{"line":244,"column":8},"end":{"line":250,"column":9}},"type":"if","locations":[{"start":{"line":244,"column":8},"end":{"line":250,"column":9}},{"start":{"line":247,"column":15},"end":{"line":250,"column":9}}],"line":244},"15":{"loc":{"start":{"line":274,"column":8},"end":{"line":276,"column":9}},"type":"if","locations":[{"start":{"line":274,"column":8},"end":{"line":276,"column":9}},{"start":{},"end":{}}],"line":274},"16":{"loc":{"start":{"line":286,"column":8},"end":{"line":289,"column":9}},"type":"if","locations":[{"start":{"line":286,"column":8},"end":{"line":289,"column":9}},{"start":{},"end":{}}],"line":286},"17":{"loc":{"start":{"line":291,"column":8},"end":{"line":294,"column":9}},"type":"if","locations":[{"start":{"line":291,"column":8},"end":{"line":294,"column":9}},{"start":{},"end":{}}],"line":291},"18":{"loc":{"start":{"line":296,"column":8},"end":{"line":299,"column":9}},"type":"if","locations":[{"start":{"line":296,"column":8},"end":{"line":299,"column":9}},{"start":{},"end":{}}],"line":296},"19":{"loc":{"start":{"line":305,"column":8},"end":{"line":317,"column":9}},"type":"if","locations":[{"start":{"line":305,"column":8},"end":{"line":317,"column":9}},{"start":{"line":315,"column":15},"end":{"line":317,"column":9}}],"line":305},"20":{"loc":{"start":{"line":343,"column":8},"end":{"line":345,"column":9}},"type":"if","locations":[{"start":{"line":343,"column":8},"end":{"line":345,"column":9}},{"start":{},"end":{}}],"line":343},"21":{"loc":{"start":{"line":375,"column":8},"end":{"line":377,"column":9}},"type":"if","locations":[{"start":{"line":375,"column":8},"end":{"line":377,"column":9}},{"start":{},"end":{}}],"line":375},"22":{"loc":{"start":{"line":379,"column":8},"end":{"line":381,"column":9}},"type":"if","locations":[{"start":{"line":379,"column":8},"end":{"line":381,"column":9}},{"start":{},"end":{}}],"line":379},"23":{"loc":{"start":{"line":406,"column":8},"end":{"line":408,"column":9}},"type":"if","locations":[{"start":{"line":406,"column":8},"end":{"line":408,"column":9}},{"start":{},"end":{}}],"line":406}},"s":{"0":3,"1":3,"2":3,"3":3,"4":3,"5":3,"6":7,"7":7,"8":7,"9":7,"10":7,"11":2,"12":2,"13":2,"14":2,"15":3,"16":5,"17":5,"18":5,"19":3,"20":8,"21":8,"22":8,"23":6,"24":6,"25":6,"26":2,"27":2,"28":2,"29":2,"30":2,"31":2,"32":6,"33":6,"34":6,"35":3,"36":6,"37":6,"38":1,"39":1,"40":1,"41":5,"42":1,"43":1,"44":1,"45":4,"46":4,"47":4,"48":3,"49":1,"50":1,"51":1,"52":2,"53":2,"54":2,"55":2,"56":2,"57":1,"58":1,"59":1,"60":1,"61":1,"62":1,"63":1,"64":1,"65":1,"66":1,"67":3,"68":8,"69":8,"70":8,"71":1,"72":1,"73":1,"74":7,"75":1,"76":1,"77":1,"78":6,"79":6,"80":6,"81":5,"82":1,"83":1,"84":1,"85":1,"86":1,"87":4,"88":4,"89":4,"90":4,"91":1,"92":1,"93":1,"94":2,"95":2,"96":2,"97":1,"98":1,"99":1,"100":1,"101":1,"102":1,"103":2,"104":2,"105":0,"106":0,"107":2,"108":2,"109":3,"110":4,"111":4,"112":4,"113":4,"114":4,"115":3,"116":1,"117":2,"118":2,"119":2,"120":0,"121":0,"122":2,"123":1,"124":1,"125":2,"126":1,"127":1,"128":2,"129":2,"130":2,"131":1,"132":1,"133":1,"134":1,"135":1,"136":2,"137":2,"138":3,"139":3,"140":3,"141":3,"142":3,"143":2,"144":1,"145":1,"146":1,"147":1,"148":1,"149":1,"150":3,"151":6,"152":6,"153":6,"154":6,"155":1,"156":5,"157":1,"158":4,"159":2,"160":2,"161":2,"162":3,"163":5,"164":5,"165":5,"166":1,"167":4,"168":2,"169":2,"170":2},"f":{"0":7,"1":8,"2":6,"3":8,"4":1,"5":4,"6":3,"7":1,"8":6,"9":5},"b":{"0":[2,3],"1":[6,2],"2":[2,2],"3":[1,5],"4":[6,5],"5":[1,4],"6":[1,2],"7":[1,1],"8":[1,7],"9":[8,7,7],"10":[1,6],"11":[1,4],"12":[1,2],"13":[1,1],"14":[0,2],"15":[1,2],"16":[0,2],"17":[1,1],"18":[1,1],"19":[1,1],"20":[1,1],"21":[1,5],"22":[1,4],"23":[1,4]},"_coverageSchema":"1a1c01bbd47fc00a2c39e90264f33305004495a9","hash":"c118d02b81133ef7e2ea27661eb66903156bad5b"}
,"/Users/laradelltria/Documents/GitHub/PF-RedBack/src/server/controllers/lostPetController.js": {"path":"/Users/laradelltria/Documents/GitHub/PF-RedBack/src/server/controllers/lostPetController.js","statementMap":{"0":{"start":{"line":14,"column":13},"end":{"line":14,"column":26}},"1":{"start":{"line":15,"column":11},"end":{"line":15,"column":22}},"2":{"start":{"line":16,"column":20},"end":{"line":16,"column":47}},"3":{"start":{"line":21,"column":19},"end":{"line":108,"column":1}},"4":{"start":{"line":22,"column":4},"end":{"line":107,"column":5}},"5":{"start":{"line":23,"column":21},"end":{"line":23,"column":29}},"6":{"start":{"line":24,"column":21},"end":{"line":24,"column":37}},"7":{"start":{"line":27,"column":8},"end":{"line":29,"column":9}},"8":{"start":{"line":28,"column":12},"end":{"line":28,"column":50}},"9":{"start":{"line":31,"column":31},"end":{"line":31,"column":57}},"10":{"start":{"line":32,"column":32},"end":{"line":32,"column":60}},"11":{"start":{"line":34,"column":8},"end":{"line":36,"column":9}},"12":{"start":{"line":35,"column":12},"end":{"line":35,"column":61}},"13":{"start":{"line":38,"column":28},"end":{"line":38,"column":50}},"14":{"start":{"line":41,"column":8},"end":{"line":49,"column":9}},"15":{"start":{"line":48,"column":12},"end":{"line":48,"column":44}},"16":{"start":{"line":51,"column":30},"end":{"line":51,"column":46}},"17":{"start":{"line":52,"column":22},"end":{"line":52,"column":38}},"18":{"start":{"line":55,"column":21},"end":{"line":55,"column":76}},"19":{"start":{"line":56,"column":21},"end":{"line":59,"column":26}},"20":{"start":{"line":60,"column":39},"end":{"line":60,"column":57}},"21":{"start":{"line":61,"column":33},"end":{"line":61,"column":65}},"22":{"start":{"line":62,"column":34},"end":{"line":62,"column":70}},"23":{"start":{"line":65,"column":36},"end":{"line":67,"column":9}},"24":{"start":{"line":68,"column":36},"end":{"line":68,"column":55}},"25":{"start":{"line":69,"column":36},"end":{"line":69,"column":58}},"26":{"start":{"line":72,"column":28},"end":{"line":92,"column":9}},"27":{"start":{"line":94,"column":8},"end":{"line":94,"column":56}},"28":{"start":{"line":96,"column":8},"end":{"line":100,"column":11}},"29":{"start":{"line":102,"column":8},"end":{"line":102,"column":72}},"30":{"start":{"line":103,"column":8},"end":{"line":106,"column":11}}},"fnMap":{"0":{"name":"(anonymous_0)","decl":{"start":{"line":21,"column":19},"end":{"line":21,"column":20}},"loc":{"start":{"line":21,"column":39},"end":{"line":108,"column":1}},"line":21}},"branchMap":{"0":{"loc":{"start":{"line":27,"column":8},"end":{"line":29,"column":9}},"type":"if","locations":[{"start":{"line":27,"column":8},"end":{"line":29,"column":9}},{"start":{},"end":{}}],"line":27},"1":{"loc":{"start":{"line":34,"column":8},"end":{"line":36,"column":9}},"type":"if","locations":[{"start":{"line":34,"column":8},"end":{"line":36,"column":9}},{"start":{},"end":{}}],"line":34},"2":{"loc":{"start":{"line":41,"column":8},"end":{"line":49,"column":9}},"type":"if","locations":[{"start":{"line":41,"column":8},"end":{"line":49,"column":9}},{"start":{},"end":{}}],"line":41},"3":{"loc":{"start":{"line":42,"column":12},"end":{"line":46,"column":37}},"type":"binary-expr","locations":[{"start":{"line":42,"column":12},"end":{"line":42,"column":31}},{"start":{"line":43,"column":12},"end":{"line":43,"column":36}},{"start":{"line":44,"column":12},"end":{"line":44,"column":36}},{"start":{"line":45,"column":12},"end":{"line":45,"column":40}},{"start":{"line":46,"column":12},"end":{"line":46,"column":37}}],"line":42},"4":{"loc":{"start":{"line":90,"column":12},"end":{"line":90,"column":39}},"type":"binary-expr","locations":[{"start":{"line":90,"column":12},"end":{"line":90,"column":33}},{"start":{"line":90,"column":37},"end":{"line":90,"column":39}}],"line":90}},"s":{"0":3,"1":3,"2":3,"3":3,"4":6,"5":6,"6":6,"7":6,"8":1,"9":5,"10":5,"11":5,"12":1,"13":4,"14":4,"15":1,"16":3,"17":3,"18":3,"19":3,"20":3,"21":3,"22":3,"23":3,"24":2,"25":2,"26":2,"27":2,"28":2,"29":4,"30":4},"f":{"0":6},"b":{"0":[1,5],"1":[1,4],"2":[1,3],"3":[4,3,3,3,3],"4":[2,1]},"_coverageSchema":"1a1c01bbd47fc00a2c39e90264f33305004495a9","hash":"488ba0722764636af9c0aa2aa824c309bb813af2"}
,"/Users/laradelltria/Documents/GitHub/PF-RedBack/src/server/controllers/messageController.js": {"path":"/Users/laradelltria/Documents/GitHub/PF-RedBack/src/server/controllers/messageController.js","statementMap":{"0":{"start":{"line":20,"column":13},"end":{"line":20,"column":26}},"1":{"start":{"line":21,"column":11},"end":{"line":21,"column":22}},"2":{"start":{"line":22,"column":17},"end":{"line":22,"column":40}},"3":{"start":{"line":32,"column":20},"end":{"line":49,"column":1}},"4":{"start":{"line":34,"column":4},"end":{"line":48,"column":5}},"5":{"start":{"line":35,"column":25},"end":{"line":35,"column":27}},"6":{"start":{"line":36,"column":22},"end":{"line":36,"column":45}},"7":{"start":{"line":38,"column":8},"end":{"line":41,"column":10}},"8":{"start":{"line":39,"column":25},"end":{"line":39,"column":35}},"9":{"start":{"line":40,"column":12},"end":{"line":40,"column":31}},"10":{"start":{"line":43,"column":8},"end":{"line":43,"column":45}},"11":{"start":{"line":46,"column":8},"end":{"line":46,"column":62}},"12":{"start":{"line":47,"column":8},"end":{"line":47,"column":76}},"13":{"start":{"line":58,"column":26},"end":{"line":72,"column":1}},"14":{"start":{"line":60,"column":4},"end":{"line":71,"column":5}},"15":{"start":{"line":61,"column":29},"end":{"line":61,"column":39}},"16":{"start":{"line":62,"column":8},"end":{"line":62,"column":68}},"17":{"start":{"line":64,"column":16},"end":{"line":64,"column":66}},"18":{"start":{"line":65,"column":21},"end":{"line":65,"column":37}},"19":{"start":{"line":66,"column":25},"end":{"line":66,"column":44}},"20":{"start":{"line":67,"column":8},"end":{"line":67,"column":45}},"21":{"start":{"line":69,"column":8},"end":{"line":69,"column":61}},"22":{"start":{"line":70,"column":8},"end":{"line":70,"column":75}},"23":{"start":{"line":81,"column":22},"end":{"line":115,"column":1}},"24":{"start":{"line":82,"column":4},"end":{"line":114,"column":5}},"25":{"start":{"line":83,"column":27},"end":{"line":83,"column":37}},"26":{"start":{"line":85,"column":8},"end":{"line":87,"column":9}},"27":{"start":{"line":86,"column":12},"end":{"line":86,"column":61}},"28":{"start":{"line":89,"column":26},"end":{"line":89,"column":28}},"29":{"start":{"line":91,"column":16},"end":{"line":91,"column":73}},"30":{"start":{"line":92,"column":22},"end":{"line":92,"column":38}},"31":{"start":{"line":94,"column":8},"end":{"line":107,"column":10}},"32":{"start":{"line":95,"column":25},"end":{"line":95,"column":35}},"33":{"start":{"line":98,"column":12},"end":{"line":98,"column":52}},"34":{"start":{"line":99,"column":12},"end":{"line":99,"column":56}},"35":{"start":{"line":101,"column":12},"end":{"line":104,"column":14}},"36":{"start":{"line":102,"column":16},"end":{"line":102,"column":72}},"37":{"start":{"line":103,"column":16},"end":{"line":103,"column":30}},"38":{"start":{"line":106,"column":12},"end":{"line":106,"column":31}},"39":{"start":{"line":109,"column":8},"end":{"line":109,"column":45}},"40":{"start":{"line":112,"column":8},"end":{"line":112,"column":61}},"41":{"start":{"line":113,"column":8},"end":{"line":113,"column":75}},"42":{"start":{"line":124,"column":27},"end":{"line":164,"column":1}},"43":{"start":{"line":126,"column":4},"end":{"line":163,"column":5}},"44":{"start":{"line":127,"column":33},"end":{"line":127,"column":42}},"45":{"start":{"line":129,"column":8},"end":{"line":129,"column":26}},"46":{"start":{"line":130,"column":8},"end":{"line":130,"column":26}},"47":{"start":{"line":132,"column":8},"end":{"line":134,"column":9}},"48":{"start":{"line":133,"column":12},"end":{"line":133,"column":71}},"49":{"start":{"line":137,"column":16},"end":{"line":137,"column":72}},"50":{"start":{"line":138,"column":22},"end":{"line":138,"column":38}},"51":{"start":{"line":141,"column":8},"end":{"line":158,"column":9}},"52":{"start":{"line":142,"column":25},"end":{"line":142,"column":35}},"53":{"start":{"line":144,"column":12},"end":{"line":144,"column":77}},"54":{"start":{"line":146,"column":12},"end":{"line":157,"column":13}},"55":{"start":{"line":148,"column":16},"end":{"line":148,"column":56}},"56":{"start":{"line":149,"column":16},"end":{"line":149,"column":60}},"57":{"start":{"line":151,"column":16},"end":{"line":154,"column":18}},"58":{"start":{"line":152,"column":20},"end":{"line":152,"column":76}},"59":{"start":{"line":153,"column":20},"end":{"line":153,"column":34}},"60":{"start":{"line":156,"column":16},"end":{"line":156,"column":87}},"61":{"start":{"line":159,"column":8},"end":{"line":159,"column":63}},"62":{"start":{"line":161,"column":8},"end":{"line":161,"column":61}},"63":{"start":{"line":162,"column":8},"end":{"line":162,"column":75}},"64":{"start":{"line":173,"column":23},"end":{"line":214,"column":1}},"65":{"start":{"line":176,"column":4},"end":{"line":213,"column":5}},"66":{"start":{"line":177,"column":29},"end":{"line":177,"column":39}},"67":{"start":{"line":178,"column":41},"end":{"line":178,"column":49}},"68":{"start":{"line":180,"column":26},"end":{"line":180,"column":42}},"69":{"start":{"line":182,"column":30},"end":{"line":182,"column":56}},"70":{"start":{"line":185,"column":27},"end":{"line":188,"column":9}},"71":{"start":{"line":191,"column":27},"end":{"line":199,"column":9}},"72":{"start":{"line":202,"column":8},"end":{"line":205,"column":10}},"73":{"start":{"line":207,"column":8},"end":{"line":207,"column":53}},"74":{"start":{"line":208,"column":8},"end":{"line":208,"column":64}},"75":{"start":{"line":211,"column":8},"end":{"line":211,"column":67}},"76":{"start":{"line":212,"column":8},"end":{"line":212,"column":81}},"77":{"start":{"line":223,"column":22},"end":{"line":283,"column":1}},"78":{"start":{"line":226,"column":4},"end":{"line":281,"column":5}},"79":{"start":{"line":227,"column":33},"end":{"line":227,"column":42}},"80":{"start":{"line":228,"column":41},"end":{"line":228,"column":49}},"81":{"start":{"line":230,"column":8},"end":{"line":230,"column":40}},"82":{"start":{"line":233,"column":8},"end":{"line":235,"column":9}},"83":{"start":{"line":234,"column":12},"end":{"line":234,"column":66}},"84":{"start":{"line":240,"column":27},"end":{"line":240,"column":40}},"85":{"start":{"line":241,"column":25},"end":{"line":241,"column":38}},"86":{"start":{"line":242,"column":26},"end":{"line":242,"column":42}},"87":{"start":{"line":244,"column":22},"end":{"line":244,"column":36}},"88":{"start":{"line":247,"column":27},"end":{"line":250,"column":9}},"89":{"start":{"line":253,"column":27},"end":{"line":261,"column":9}},"90":{"start":{"line":264,"column":26},"end":{"line":270,"column":9}},"91":{"start":{"line":273,"column":8},"end":{"line":273,"column":50}},"92":{"start":{"line":275,"column":8},"end":{"line":275,"column":58}},"93":{"start":{"line":276,"column":8},"end":{"line":276,"column":38}},"94":{"start":{"line":279,"column":8},"end":{"line":279,"column":66}},"95":{"start":{"line":280,"column":8},"end":{"line":280,"column":80}},"96":{"start":{"line":291,"column":25},"end":{"line":338,"column":1}},"97":{"start":{"line":294,"column":4},"end":{"line":337,"column":5}},"98":{"start":{"line":295,"column":29},"end":{"line":295,"column":39}},"99":{"start":{"line":297,"column":8},"end":{"line":297,"column":45}},"100":{"start":{"line":300,"column":30},"end":{"line":300,"column":56}},"101":{"start":{"line":301,"column":29},"end":{"line":301,"column":56}},"102":{"start":{"line":303,"column":8},"end":{"line":305,"column":9}},"103":{"start":{"line":304,"column":12},"end":{"line":304,"column":57}},"104":{"start":{"line":308,"column":25},"end":{"line":308,"column":44}},"105":{"start":{"line":309,"column":25},"end":{"line":309,"column":42}},"106":{"start":{"line":313,"column":8},"end":{"line":323,"column":9}},"107":{"start":{"line":313,"column":21},"end":{"line":313,"column":38}},"108":{"start":{"line":314,"column":12},"end":{"line":314,"column":65}},"109":{"start":{"line":315,"column":12},"end":{"line":322,"column":13}},"110":{"start":{"line":316,"column":16},"end":{"line":316,"column":47}},"111":{"start":{"line":317,"column":16},"end":{"line":317,"column":41}},"112":{"start":{"line":318,"column":16},"end":{"line":318,"column":50}},"113":{"start":{"line":319,"column":19},"end":{"line":322,"column":13}},"114":{"start":{"line":320,"column":16},"end":{"line":320,"column":46}},"115":{"start":{"line":321,"column":16},"end":{"line":321,"column":21}},"116":{"start":{"line":326,"column":8},"end":{"line":328,"column":10}},"117":{"start":{"line":331,"column":8},"end":{"line":331,"column":44}},"118":{"start":{"line":332,"column":8},"end":{"line":332,"column":53}},"119":{"start":{"line":335,"column":8},"end":{"line":335,"column":69}},"120":{"start":{"line":336,"column":8},"end":{"line":336,"column":83}},"121":{"start":{"line":346,"column":29},"end":{"line":382,"column":1}},"122":{"start":{"line":347,"column":4},"end":{"line":380,"column":5}},"123":{"start":{"line":348,"column":40},"end":{"line":348,"column":50}},"124":{"start":{"line":351,"column":30},"end":{"line":351,"column":56}},"125":{"start":{"line":352,"column":29},"end":{"line":352,"column":56}},"126":{"start":{"line":354,"column":8},"end":{"line":356,"column":9}},"127":{"start":{"line":355,"column":12},"end":{"line":355,"column":57}},"128":{"start":{"line":359,"column":25},"end":{"line":359,"column":44}},"129":{"start":{"line":360,"column":25},"end":{"line":360,"column":42}},"130":{"start":{"line":361,"column":29},"end":{"line":361,"column":91}},"131":{"start":{"line":361,"column":59},"end":{"line":361,"column":90}},"132":{"start":{"line":363,"column":8},"end":{"line":365,"column":9}},"133":{"start":{"line":364,"column":12},"end":{"line":364,"column":60}},"134":{"start":{"line":368,"column":8},"end":{"line":368,"column":48}},"135":{"start":{"line":370,"column":8},"end":{"line":372,"column":10}},"136":{"start":{"line":374,"column":8},"end":{"line":374,"column":48}},"137":{"start":{"line":375,"column":8},"end":{"line":375,"column":57}},"138":{"start":{"line":378,"column":8},"end":{"line":378,"column":69}},"139":{"start":{"line":379,"column":8},"end":{"line":379,"column":83}}},"fnMap":{"0":{"name":"(anonymous_0)","decl":{"start":{"line":32,"column":20},"end":{"line":32,"column":21}},"loc":{"start":{"line":32,"column":40},"end":{"line":49,"column":1}},"line":32},"1":{"name":"(anonymous_1)","decl":{"start":{"line":38,"column":22},"end":{"line":38,"column":23}},"loc":{"start":{"line":38,"column":31},"end":{"line":41,"column":9}},"line":38},"2":{"name":"(anonymous_2)","decl":{"start":{"line":58,"column":26},"end":{"line":58,"column":27}},"loc":{"start":{"line":58,"column":46},"end":{"line":72,"column":1}},"line":58},"3":{"name":"(anonymous_3)","decl":{"start":{"line":81,"column":22},"end":{"line":81,"column":23}},"loc":{"start":{"line":81,"column":42},"end":{"line":115,"column":1}},"line":81},"4":{"name":"(anonymous_4)","decl":{"start":{"line":94,"column":22},"end":{"line":94,"column":23}},"loc":{"start":{"line":94,"column":31},"end":{"line":107,"column":9}},"line":94},"5":{"name":"(anonymous_5)","decl":{"start":{"line":101,"column":46},"end":{"line":101,"column":47}},"loc":{"start":{"line":101,"column":57},"end":{"line":104,"column":13}},"line":101},"6":{"name":"(anonymous_6)","decl":{"start":{"line":124,"column":27},"end":{"line":124,"column":28}},"loc":{"start":{"line":124,"column":47},"end":{"line":164,"column":1}},"line":124},"7":{"name":"(anonymous_7)","decl":{"start":{"line":151,"column":50},"end":{"line":151,"column":51}},"loc":{"start":{"line":151,"column":61},"end":{"line":154,"column":17}},"line":151},"8":{"name":"(anonymous_8)","decl":{"start":{"line":173,"column":23},"end":{"line":173,"column":24}},"loc":{"start":{"line":173,"column":43},"end":{"line":214,"column":1}},"line":173},"9":{"name":"(anonymous_9)","decl":{"start":{"line":223,"column":22},"end":{"line":223,"column":23}},"loc":{"start":{"line":223,"column":42},"end":{"line":283,"column":1}},"line":223},"10":{"name":"(anonymous_10)","decl":{"start":{"line":291,"column":25},"end":{"line":291,"column":26}},"loc":{"start":{"line":291,"column":45},"end":{"line":338,"column":1}},"line":291},"11":{"name":"(anonymous_11)","decl":{"start":{"line":346,"column":29},"end":{"line":346,"column":30}},"loc":{"start":{"line":346,"column":49},"end":{"line":382,"column":1}},"line":346},"12":{"name":"(anonymous_12)","decl":{"start":{"line":361,"column":48},"end":{"line":361,"column":49}},"loc":{"start":{"line":361,"column":59},"end":{"line":361,"column":90}},"line":361}},"branchMap":{"0":{"loc":{"start":{"line":85,"column":8},"end":{"line":87,"column":9}},"type":"if","locations":[{"start":{"line":85,"column":8},"end":{"line":87,"column":9}},{"start":{},"end":{}}],"line":85},"1":{"loc":{"start":{"line":132,"column":8},"end":{"line":134,"column":9}},"type":"if","locations":[{"start":{"line":132,"column":8},"end":{"line":134,"column":9}},{"start":{},"end":{}}],"line":132},"2":{"loc":{"start":{"line":132,"column":12},"end":{"line":132,"column":28}},"type":"binary-expr","locations":[{"start":{"line":132,"column":12},"end":{"line":132,"column":18}},{"start":{"line":132,"column":22},"end":{"line":132,"column":28}}],"line":132},"3":{"loc":{"start":{"line":146,"column":12},"end":{"line":157,"column":13}},"type":"if","locations":[{"start":{"line":146,"column":12},"end":{"line":157,"column":13}},{"start":{},"end":{}}],"line":146},"4":{"loc":{"start":{"line":233,"column":8},"end":{"line":235,"column":9}},"type":"if","locations":[{"start":{"line":233,"column":8},"end":{"line":235,"column":9}},{"start":{},"end":{}}],"line":233},"5":{"loc":{"start":{"line":233,"column":12},"end":{"line":233,"column":28}},"type":"binary-expr","locations":[{"start":{"line":233,"column":12},"end":{"line":233,"column":18}},{"start":{"line":233,"column":22},"end":{"line":233,"column":28}}],"line":233},"6":{"loc":{"start":{"line":303,"column":8},"end":{"line":305,"column":9}},"type":"if","locations":[{"start":{"line":303,"column":8},"end":{"line":305,"column":9}},{"start":{},"end":{}}],"line":303},"7":{"loc":{"start":{"line":315,"column":12},"end":{"line":322,"column":13}},"type":"if","locations":[{"start":{"line":315,"column":12},"end":{"line":322,"column":13}},{"start":{"line":319,"column":19},"end":{"line":322,"column":13}}],"line":315},"8":{"loc":{"start":{"line":319,"column":19},"end":{"line":322,"column":13}},"type":"if","locations":[{"start":{"line":319,"column":19},"end":{"line":322,"column":13}},{"start":{},"end":{}}],"line":319},"9":{"loc":{"start":{"line":354,"column":8},"end":{"line":356,"column":9}},"type":"if","locations":[{"start":{"line":354,"column":8},"end":{"line":356,"column":9}},{"start":{},"end":{}}],"line":354},"10":{"loc":{"start":{"line":363,"column":8},"end":{"line":365,"column":9}},"type":"if","locations":[{"start":{"line":363,"column":8},"end":{"line":365,"column":9}},{"start":{},"end":{}}],"line":363}},"s":{"0":3,"1":3,"2":3,"3":3,"4":1,"5":1,"6":1,"7":1,"8":1,"9":1,"10":1,"11":0,"12":0,"13":3,"14":1,"15":1,"16":1,"17":1,"18":1,"19":1,"20":1,"21":0,"22":0,"23":3,"24":0,"25":0,"26":0,"27":0,"28":0,"29":0,"30":0,"31":0,"32":0,"33":0,"34":0,"35":0,"36":0,"37":0,"38":0,"39":0,"40":0,"41":0,"42":3,"43":0,"44":0,"45":0,"46":0,"47":0,"48":0,"49":0,"50":0,"51":0,"52":0,"53":0,"54":0,"55":0,"56":0,"57":0,"58":0,"59":0,"60":0,"61":0,"62":0,"63":0,"64":3,"65":0,"66":0,"67":0,"68":0,"69":0,"70":0,"71":0,"72":0,"73":0,"74":0,"75":0,"76":0,"77":3,"78":3,"79":3,"80":3,"81":3,"82":3,"83":1,"84":2,"85":2,"86":2,"87":2,"88":2,"89":2,"90":2,"91":2,"92":1,"93":1,"94":1,"95":1,"96":3,"97":1,"98":1,"99":1,"100":1,"101":1,"102":1,"103":0,"104":1,"105":1,"106":1,"107":1,"108":1,"109":1,"110":0,"111":0,"112":0,"113":1,"114":1,"115":1,"116":1,"117":1,"118":1,"119":0,"120":0,"121":3,"122":0,"123":0,"124":0,"125":0,"126":0,"127":0,"128":0,"129":0,"130":0,"131":0,"132":0,"133":0,"134":0,"135":0,"136":0,"137":0,"138":0,"139":0},"f":{"0":1,"1":1,"2":1,"3":0,"4":0,"5":0,"6":0,"7":0,"8":0,"9":3,"10":1,"11":0,"12":0},"b":{"0":[0,0],"1":[0,0],"2":[0,0],"3":[0,0],"4":[1,2],"5":[3,2],"6":[0,1],"7":[0,1],"8":[1,0],"9":[0,0],"10":[0,0]},"_coverageSchema":"1a1c01bbd47fc00a2c39e90264f33305004495a9","hash":"d645ccecbd2a665de542de4a6a88ed39b608d338"}
,"/Users/laradelltria/Documents/GitHub/PF-RedBack/src/server/controllers/otpVerificationController.js": {"path":"/Users/laradelltria/Documents/GitHub/PF-RedBack/src/server/controllers/otpVerificationController.js","statementMap":{"0":{"start":{"line":19,"column":13},"end":{"line":19,"column":26}},"1":{"start":{"line":20,"column":11},"end":{"line":20,"column":22}},"2":{"start":{"line":22,"column":16},"end":{"line":22,"column":38}},"3":{"start":{"line":23,"column":24},"end":{"line":23,"column":25}},"4":{"start":{"line":33,"column":18},"end":{"line":71,"column":1}},"5":{"start":{"line":34,"column":26},"end":{"line":34,"column":34}},"6":{"start":{"line":36,"column":4},"end":{"line":70,"column":5}},"7":{"start":{"line":37,"column":28},"end":{"line":46,"column":10}},"8":{"start":{"line":48,"column":8},"end":{"line":48,"column":34}},"9":{"start":{"line":50,"column":44},"end":{"line":50,"column":63}},"10":{"start":{"line":51,"column":8},"end":{"line":51,"column":53}},"11":{"start":{"line":53,"column":26},"end":{"line":53,"column":54}},"12":{"start":{"line":55,"column":8},"end":{"line":63,"column":10}},"13":{"start":{"line":65,"column":8},"end":{"line":65,"column":49}},"14":{"start":{"line":66,"column":8},"end":{"line":66,"column":63}},"15":{"start":{"line":68,"column":8},"end":{"line":68,"column":26}},"16":{"start":{"line":69,"column":8},"end":{"line":69,"column":43}},"17":{"start":{"line":77,"column":24},"end":{"line":80,"column":1}},"18":{"start":{"line":78,"column":17},"end":{"line":78,"column":153}},"19":{"start":{"line":79,"column":4},"end":{"line":79,"column":15}},"20":{"start":{"line":85,"column":20},"end":{"line":93,"column":1}},"21":{"start":{"line":86,"column":19},"end":{"line":86,"column":57}},"22":{"start":{"line":87,"column":18},"end":{"line":90,"column":6}},"23":{"start":{"line":91,"column":23},"end":{"line":91,"column":63}},"24":{"start":{"line":92,"column":4},"end":{"line":92,"column":38}},"25":{"start":{"line":107,"column":17},"end":{"line":128,"column":1}},"26":{"start":{"line":108,"column":4},"end":{"line":108,"column":56}},"27":{"start":{"line":110,"column":14},"end":{"line":110,"column":65}},"28":{"start":{"line":111,"column":26},"end":{"line":111,"column":42}},"29":{"start":{"line":113,"column":4},"end":{"line":127,"column":5}},"30":{"start":{"line":114,"column":8},"end":{"line":119,"column":10}},"31":{"start":{"line":121,"column":23},"end":{"line":121,"column":48}},"32":{"start":{"line":122,"column":8},"end":{"line":126,"column":10}},"33":{"start":{"line":136,"column":23},"end":{"line":148,"column":1}},"34":{"start":{"line":137,"column":4},"end":{"line":139,"column":5}},"35":{"start":{"line":138,"column":8},"end":{"line":138,"column":40}},"36":{"start":{"line":141,"column":4},"end":{"line":143,"column":5}},"37":{"start":{"line":142,"column":8},"end":{"line":142,"column":41}},"38":{"start":{"line":145,"column":4},"end":{"line":147,"column":5}},"39":{"start":{"line":146,"column":8},"end":{"line":146,"column":46}},"40":{"start":{"line":164,"column":18},"end":{"line":218,"column":1}},"41":{"start":{"line":165,"column":38},"end":{"line":165,"column":46}},"42":{"start":{"line":167,"column":4},"end":{"line":216,"column":5}},"43":{"start":{"line":168,"column":18},"end":{"line":168,"column":69}},"44":{"start":{"line":169,"column":30},"end":{"line":169,"column":46}},"45":{"start":{"line":171,"column":8},"end":{"line":174,"column":9}},"46":{"start":{"line":172,"column":12},"end":{"line":172,"column":51}},"47":{"start":{"line":173,"column":12},"end":{"line":173,"column":18}},"48":{"start":{"line":176,"column":24},"end":{"line":176,"column":52}},"49":{"start":{"line":177,"column":23},"end":{"line":177,"column":48}},"50":{"start":{"line":179,"column":28},"end":{"line":179,"column":38}},"51":{"start":{"line":181,"column":8},"end":{"line":185,"column":9}},"52":{"start":{"line":182,"column":12},"end":{"line":182,"column":42}},"53":{"start":{"line":183,"column":12},"end":{"line":183,"column":47}},"54":{"start":{"line":184,"column":12},"end":{"line":184,"column":18}},"55":{"start":{"line":187,"column":8},"end":{"line":191,"column":9}},"56":{"start":{"line":188,"column":12},"end":{"line":188,"column":59}},"57":{"start":{"line":189,"column":12},"end":{"line":189,"column":59}},"58":{"start":{"line":190,"column":12},"end":{"line":190,"column":18}},"59":{"start":{"line":193,"column":25},"end":{"line":198,"column":10}},"60":{"start":{"line":201,"column":8},"end":{"line":211,"column":9}},"61":{"start":{"line":202,"column":12},"end":{"line":202,"column":53}},"62":{"start":{"line":203,"column":12},"end":{"line":205,"column":14}},"63":{"start":{"line":206,"column":12},"end":{"line":206,"column":39}},"64":{"start":{"line":207,"column":12},"end":{"line":207,"column":48}},"65":{"start":{"line":209,"column":12},"end":{"line":209,"column":60}},"66":{"start":{"line":210,"column":12},"end":{"line":210,"column":49}},"67":{"start":{"line":214,"column":8},"end":{"line":214,"column":34}},"68":{"start":{"line":215,"column":8},"end":{"line":215,"column":50}}},"fnMap":{"0":{"name":"(anonymous_0)","decl":{"start":{"line":33,"column":18},"end":{"line":33,"column":19}},"loc":{"start":{"line":33,"column":38},"end":{"line":71,"column":1}},"line":33},"1":{"name":"(anonymous_1)","decl":{"start":{"line":77,"column":24},"end":{"line":77,"column":25}},"loc":{"start":{"line":77,"column":40},"end":{"line":80,"column":1}},"line":77},"2":{"name":"(anonymous_2)","decl":{"start":{"line":85,"column":20},"end":{"line":85,"column":21}},"loc":{"start":{"line":85,"column":32},"end":{"line":93,"column":1}},"line":85},"3":{"name":"(anonymous_3)","decl":{"start":{"line":107,"column":17},"end":{"line":107,"column":18}},"loc":{"start":{"line":107,"column":58},"end":{"line":128,"column":1}},"line":107},"4":{"name":"(anonymous_4)","decl":{"start":{"line":136,"column":23},"end":{"line":136,"column":24}},"loc":{"start":{"line":136,"column":58},"end":{"line":148,"column":1}},"line":136},"5":{"name":"(anonymous_5)","decl":{"start":{"line":164,"column":18},"end":{"line":164,"column":19}},"loc":{"start":{"line":164,"column":37},"end":{"line":218,"column":1}},"line":164}},"branchMap":{"0":{"loc":{"start":{"line":113,"column":4},"end":{"line":127,"column":5}},"type":"if","locations":[{"start":{"line":113,"column":4},"end":{"line":127,"column":5}},{"start":{"line":120,"column":11},"end":{"line":127,"column":5}}],"line":113},"1":{"loc":{"start":{"line":137,"column":4},"end":{"line":139,"column":5}},"type":"if","locations":[{"start":{"line":137,"column":4},"end":{"line":139,"column":5}},{"start":{},"end":{}}],"line":137},"2":{"loc":{"start":{"line":141,"column":4},"end":{"line":143,"column":5}},"type":"if","locations":[{"start":{"line":141,"column":4},"end":{"line":143,"column":5}},{"start":{},"end":{}}],"line":141},"3":{"loc":{"start":{"line":145,"column":4},"end":{"line":147,"column":5}},"type":"if","locations":[{"start":{"line":145,"column":4},"end":{"line":147,"column":5}},{"start":{},"end":{}}],"line":145},"4":{"loc":{"start":{"line":171,"column":8},"end":{"line":174,"column":9}},"type":"if","locations":[{"start":{"line":171,"column":8},"end":{"line":174,"column":9}},{"start":{},"end":{}}],"line":171},"5":{"loc":{"start":{"line":181,"column":8},"end":{"line":185,"column":9}},"type":"if","locations":[{"start":{"line":181,"column":8},"end":{"line":185,"column":9}},{"start":{},"end":{}}],"line":181},"6":{"loc":{"start":{"line":187,"column":8},"end":{"line":191,"column":9}},"type":"if","locations":[{"start":{"line":187,"column":8},"end":{"line":191,"column":9}},{"start":{},"end":{}}],"line":187},"7":{"loc":{"start":{"line":201,"column":8},"end":{"line":211,"column":9}},"type":"if","locations":[{"start":{"line":201,"column":8},"end":{"line":211,"column":9}},{"start":{"line":208,"column":15},"end":{"line":211,"column":9}}],"line":201}},"s":{"0":3,"1":3,"2":3,"3":3,"4":3,"5":2,"6":2,"7":2,"8":2,"9":2,"10":2,"11":2,"12":2,"13":1,"14":1,"15":1,"16":1,"17":3,"18":2,"19":2,"20":3,"21":2,"22":2,"23":2,"24":2,"25":3,"26":2,"27":2,"28":2,"29":2,"30":1,"31":1,"32":1,"33":3,"34":6,"35":1,"36":5,"37":1,"38":4,"39":1,"40":3,"41":6,"42":6,"43":6,"44":6,"45":5,"46":1,"47":1,"48":4,"49":4,"50":4,"51":4,"52":1,"53":1,"54":1,"55":3,"56":1,"57":1,"58":1,"59":2,"60":2,"61":1,"62":1,"63":1,"64":1,"65":1,"66":1,"67":1,"68":1},"f":{"0":2,"1":2,"2":2,"3":2,"4":6,"5":6},"b":{"0":[1,1],"1":[1,5],"2":[1,4],"3":[1,3],"4":[1,4],"5":[1,3],"6":[1,2],"7":[1,1]},"_coverageSchema":"1a1c01bbd47fc00a2c39e90264f33305004495a9","hash":"cb64fc5f645d31ddd2655118e6cae75a23423463"}
,"/Users/laradelltria/Documents/GitHub/PF-RedBack/src/server/controllers/postController.js": {"path":"/Users/laradelltria/Documents/GitHub/PF-RedBack/src/server/controllers/postController.js","statementMap":{"0":{"start":{"line":23,"column":13},"end":{"line":23,"column":26}},"1":{"start":{"line":24,"column":11},"end":{"line":24,"column":22}},"2":{"start":{"line":25,"column":21},"end":{"line":25,"column":48}},"3":{"start":{"line":26,"column":24},"end":{"line":26,"column":54}},"4":{"start":{"line":28,"column":15},"end":{"line":28,"column":29}},"5":{"start":{"line":30,"column":24},"end":{"line":37,"column":1}},"6":{"start":{"line":42,"column":21},"end":{"line":75,"column":1}},"7":{"start":{"line":43,"column":4},"end":{"line":73,"column":5}},"8":{"start":{"line":45,"column":25},"end":{"line":45,"column":27}},"9":{"start":{"line":47,"column":22},"end":{"line":47,"column":49}},"10":{"start":{"line":49,"column":8},"end":{"line":49,"column":31}},"11":{"start":{"line":52,"column":8},"end":{"line":65,"column":10}},"12":{"start":{"line":53,"column":25},"end":{"line":53,"column":35}},"13":{"start":{"line":54,"column":25},"end":{"line":54,"column":82}},"14":{"start":{"line":55,"column":25},"end":{"line":55,"column":82}},"15":{"start":{"line":56,"column":12},"end":{"line":56,"column":35}},"16":{"start":{"line":58,"column":12},"end":{"line":58,"column":45}},"17":{"start":{"line":59,"column":12},"end":{"line":59,"column":45}},"18":{"start":{"line":61,"column":12},"end":{"line":63,"column":13}},"19":{"start":{"line":62,"column":16},"end":{"line":62,"column":35}},"20":{"start":{"line":68,"column":8},"end":{"line":68,"column":45}},"21":{"start":{"line":71,"column":8},"end":{"line":71,"column":66}},"22":{"start":{"line":72,"column":8},"end":{"line":72,"column":80}},"23":{"start":{"line":81,"column":25},"end":{"line":123,"column":1}},"24":{"start":{"line":82,"column":4},"end":{"line":122,"column":5}},"25":{"start":{"line":84,"column":25},"end":{"line":84,"column":27}},"26":{"start":{"line":86,"column":8},"end":{"line":86,"column":32}},"27":{"start":{"line":89,"column":20},"end":{"line":89,"column":33}},"28":{"start":{"line":92,"column":16},"end":{"line":92,"column":65}},"29":{"start":{"line":97,"column":30},"end":{"line":97,"column":46}},"30":{"start":{"line":99,"column":8},"end":{"line":115,"column":11}},"31":{"start":{"line":101,"column":25},"end":{"line":101,"column":35}},"32":{"start":{"line":103,"column":25},"end":{"line":103,"column":76}},"33":{"start":{"line":104,"column":25},"end":{"line":104,"column":76}},"34":{"start":{"line":107,"column":12},"end":{"line":107,"column":35}},"35":{"start":{"line":109,"column":12},"end":{"line":109,"column":45}},"36":{"start":{"line":110,"column":12},"end":{"line":110,"column":45}},"37":{"start":{"line":112,"column":12},"end":{"line":112,"column":31}},"38":{"start":{"line":114,"column":12},"end":{"line":114,"column":46}},"39":{"start":{"line":117,"column":8},"end":{"line":117,"column":45}},"40":{"start":{"line":120,"column":8},"end":{"line":120,"column":66}},"41":{"start":{"line":121,"column":8},"end":{"line":121,"column":80}},"42":{"start":{"line":128,"column":24},"end":{"line":155,"column":1}},"43":{"start":{"line":130,"column":4},"end":{"line":154,"column":5}},"44":{"start":{"line":132,"column":8},"end":{"line":132,"column":30}},"45":{"start":{"line":135,"column":20},"end":{"line":135,"column":37}},"46":{"start":{"line":137,"column":8},"end":{"line":137,"column":24}},"47":{"start":{"line":140,"column":16},"end":{"line":140,"column":65}},"48":{"start":{"line":142,"column":21},"end":{"line":142,"column":37}},"49":{"start":{"line":144,"column":25},"end":{"line":144,"column":44}},"50":{"start":{"line":146,"column":8},"end":{"line":146,"column":41}},"51":{"start":{"line":148,"column":8},"end":{"line":148,"column":45}},"52":{"start":{"line":152,"column":8},"end":{"line":152,"column":66}},"53":{"start":{"line":153,"column":8},"end":{"line":153,"column":80}},"54":{"start":{"line":160,"column":24},"end":{"line":189,"column":1}},"55":{"start":{"line":161,"column":4},"end":{"line":187,"column":5}},"56":{"start":{"line":163,"column":25},"end":{"line":163,"column":27}},"57":{"start":{"line":165,"column":22},"end":{"line":165,"column":52}},"58":{"start":{"line":167,"column":8},"end":{"line":179,"column":10}},"59":{"start":{"line":168,"column":25},"end":{"line":168,"column":35}},"60":{"start":{"line":169,"column":25},"end":{"line":169,"column":76}},"61":{"start":{"line":170,"column":25},"end":{"line":170,"column":76}},"62":{"start":{"line":171,"column":12},"end":{"line":171,"column":35}},"63":{"start":{"line":173,"column":12},"end":{"line":173,"column":45}},"64":{"start":{"line":174,"column":12},"end":{"line":174,"column":45}},"65":{"start":{"line":176,"column":12},"end":{"line":178,"column":13}},"66":{"start":{"line":177,"column":16},"end":{"line":177,"column":35}},"67":{"start":{"line":182,"column":8},"end":{"line":182,"column":45}},"68":{"start":{"line":185,"column":8},"end":{"line":185,"column":66}},"69":{"start":{"line":186,"column":8},"end":{"line":186,"column":80}},"70":{"start":{"line":194,"column":28},"end":{"line":230,"column":1}},"71":{"start":{"line":195,"column":4},"end":{"line":229,"column":5}},"72":{"start":{"line":197,"column":25},"end":{"line":197,"column":27}},"73":{"start":{"line":200,"column":20},"end":{"line":200,"column":33}},"74":{"start":{"line":203,"column":16},"end":{"line":203,"column":68}},"75":{"start":{"line":208,"column":30},"end":{"line":208,"column":46}},"76":{"start":{"line":210,"column":8},"end":{"line":222,"column":11}},"77":{"start":{"line":211,"column":25},"end":{"line":211,"column":35}},"78":{"start":{"line":212,"column":25},"end":{"line":212,"column":76}},"79":{"start":{"line":213,"column":25},"end":{"line":213,"column":76}},"80":{"start":{"line":214,"column":12},"end":{"line":214,"column":35}},"81":{"start":{"line":216,"column":12},"end":{"line":216,"column":45}},"82":{"start":{"line":217,"column":12},"end":{"line":217,"column":45}},"83":{"start":{"line":219,"column":12},"end":{"line":219,"column":31}},"84":{"start":{"line":221,"column":12},"end":{"line":221,"column":46}},"85":{"start":{"line":224,"column":8},"end":{"line":224,"column":45}},"86":{"start":{"line":227,"column":8},"end":{"line":227,"column":66}},"87":{"start":{"line":228,"column":8},"end":{"line":228,"column":80}},"88":{"start":{"line":235,"column":27},"end":{"line":268,"column":1}},"89":{"start":{"line":237,"column":4},"end":{"line":267,"column":5}},"90":{"start":{"line":239,"column":8},"end":{"line":239,"column":30}},"91":{"start":{"line":242,"column":20},"end":{"line":242,"column":37}},"92":{"start":{"line":244,"column":8},"end":{"line":244,"column":24}},"93":{"start":{"line":247,"column":16},"end":{"line":247,"column":68}},"94":{"start":{"line":249,"column":21},"end":{"line":249,"column":37}},"95":{"start":{"line":251,"column":25},"end":{"line":251,"column":44}},"96":{"start":{"line":252,"column":21},"end":{"line":252,"column":76}},"97":{"start":{"line":253,"column":21},"end":{"line":253,"column":76}},"98":{"start":{"line":254,"column":8},"end":{"line":254,"column":35}},"99":{"start":{"line":256,"column":8},"end":{"line":256,"column":45}},"100":{"start":{"line":257,"column":8},"end":{"line":257,"column":45}},"101":{"start":{"line":259,"column":8},"end":{"line":259,"column":41}},"102":{"start":{"line":261,"column":8},"end":{"line":261,"column":45}},"103":{"start":{"line":265,"column":8},"end":{"line":265,"column":66}},"104":{"start":{"line":266,"column":8},"end":{"line":266,"column":80}},"105":{"start":{"line":274,"column":32},"end":{"line":309,"column":1}},"106":{"start":{"line":275,"column":20},"end":{"line":275,"column":30}},"107":{"start":{"line":276,"column":30},"end":{"line":276,"column":51}},"108":{"start":{"line":277,"column":23},"end":{"line":277,"column":109}},"109":{"start":{"line":279,"column":29},"end":{"line":279,"column":49}},"110":{"start":{"line":281,"column":34},"end":{"line":281,"column":76}},"111":{"start":{"line":282,"column":32},"end":{"line":282,"column":70}},"112":{"start":{"line":283,"column":31},"end":{"line":283,"column":67}},"113":{"start":{"line":284,"column":33},"end":{"line":284,"column":68}},"114":{"start":{"line":286,"column":4},"end":{"line":308,"column":5}},"115":{"start":{"line":287,"column":8},"end":{"line":287,"column":69}},"116":{"start":{"line":288,"column":8},"end":{"line":288,"column":40}},"117":{"start":{"line":289,"column":11},"end":{"line":308,"column":5}},"118":{"start":{"line":290,"column":22},"end":{"line":290,"column":60}},"119":{"start":{"line":291,"column":24},"end":{"line":291,"column":50}},"120":{"start":{"line":292,"column":8},"end":{"line":292,"column":67}},"121":{"start":{"line":293,"column":8},"end":{"line":293,"column":40}},"122":{"start":{"line":294,"column":11},"end":{"line":308,"column":5}},"123":{"start":{"line":295,"column":25},"end":{"line":295,"column":51}},"124":{"start":{"line":297,"column":32},"end":{"line":297,"column":102}},"125":{"start":{"line":298,"column":33},"end":{"line":298,"column":106}},"126":{"start":{"line":300,"column":25},"end":{"line":300,"column":79}},"127":{"start":{"line":301,"column":25},"end":{"line":301,"column":72}},"128":{"start":{"line":303,"column":8},"end":{"line":303,"column":56}},"129":{"start":{"line":304,"column":8},"end":{"line":304,"column":40}},"130":{"start":{"line":306,"column":8},"end":{"line":306,"column":68}},"131":{"start":{"line":307,"column":8},"end":{"line":307,"column":40}},"132":{"start":{"line":316,"column":25},"end":{"line":392,"column":1}},"133":{"start":{"line":317,"column":54},"end":{"line":317,"column":62}},"134":{"start":{"line":319,"column":49},"end":{"line":319,"column":64}},"135":{"start":{"line":321,"column":20},"end":{"line":321,"column":51}},"136":{"start":{"line":323,"column":24},"end":{"line":323,"column":33}},"137":{"start":{"line":324,"column":19},"end":{"line":324,"column":73}},"138":{"start":{"line":326,"column":4},"end":{"line":326,"column":50}},"139":{"start":{"line":328,"column":4},"end":{"line":391,"column":5}},"140":{"start":{"line":330,"column":8},"end":{"line":356,"column":9}},"141":{"start":{"line":332,"column":27},"end":{"line":332,"column":81}},"142":{"start":{"line":334,"column":37},"end":{"line":334,"column":109}},"143":{"start":{"line":335,"column":39},"end":{"line":335,"column":113}},"144":{"start":{"line":337,"column":36},"end":{"line":337,"column":69}},"145":{"start":{"line":338,"column":12},"end":{"line":338,"column":82}},"146":{"start":{"line":341,"column":12},"end":{"line":344,"column":13}},"147":{"start":{"line":342,"column":43},"end":{"line":342,"column":78}},"148":{"start":{"line":343,"column":16},"end":{"line":343,"column":88}},"149":{"start":{"line":346,"column":15},"end":{"line":356,"column":9}},"150":{"start":{"line":348,"column":29},"end":{"line":348,"column":71}},"151":{"start":{"line":349,"column":12},"end":{"line":349,"column":75}},"152":{"start":{"line":353,"column":12},"end":{"line":353,"column":45}},"153":{"start":{"line":354,"column":29},"end":{"line":354,"column":52}},"154":{"start":{"line":355,"column":12},"end":{"line":355,"column":75}},"155":{"start":{"line":358,"column":8},"end":{"line":358,"column":56}},"156":{"start":{"line":362,"column":8},"end":{"line":383,"column":9}},"157":{"start":{"line":363,"column":12},"end":{"line":365,"column":14}},"158":{"start":{"line":364,"column":16},"end":{"line":364,"column":58}},"159":{"start":{"line":366,"column":15},"end":{"line":383,"column":9}},"160":{"start":{"line":367,"column":35},"end":{"line":367,"column":60}},"161":{"start":{"line":368,"column":12},"end":{"line":368,"column":61}},"162":{"start":{"line":369,"column":12},"end":{"line":377,"column":13}},"163":{"start":{"line":370,"column":16},"end":{"line":370,"column":55}},"164":{"start":{"line":371,"column":16},"end":{"line":371,"column":80}},"165":{"start":{"line":374,"column":16},"end":{"line":376,"column":18}},"166":{"start":{"line":375,"column":20},"end":{"line":375,"column":62}},"167":{"start":{"line":380,"column":12},"end":{"line":382,"column":14}},"168":{"start":{"line":381,"column":16},"end":{"line":381,"column":58}},"169":{"start":{"line":385,"column":8},"end":{"line":385,"column":57}},"170":{"start":{"line":387,"column":8},"end":{"line":387,"column":43}},"171":{"start":{"line":389,"column":8},"end":{"line":389,"column":51}},"172":{"start":{"line":390,"column":8},"end":{"line":390,"column":28}},"173":{"start":{"line":401,"column":24},"end":{"line":419,"column":1}},"174":{"start":{"line":403,"column":4},"end":{"line":418,"column":5}},"175":{"start":{"line":404,"column":21},"end":{"line":404,"column":52}},"176":{"start":{"line":405,"column":25},"end":{"line":405,"column":38}},"177":{"start":{"line":407,"column":8},"end":{"line":417,"column":9}},"178":{"start":{"line":408,"column":12},"end":{"line":408,"column":29}},"179":{"start":{"line":410,"column":35},"end":{"line":410,"column":88}},"180":{"start":{"line":412,"column":12},"end":{"line":416,"column":13}},"181":{"start":{"line":413,"column":16},"end":{"line":413,"column":55}},"182":{"start":{"line":414,"column":28},"end":{"line":414,"column":48}},"183":{"start":{"line":415,"column":16},"end":{"line":415,"column":44}},"184":{"start":{"line":425,"column":20},"end":{"line":430,"column":1}},"185":{"start":{"line":426,"column":17},"end":{"line":426,"column":68}},"186":{"start":{"line":427,"column":17},"end":{"line":427,"column":68}},"187":{"start":{"line":428,"column":4},"end":{"line":428,"column":37}},"188":{"start":{"line":429,"column":4},"end":{"line":429,"column":37}},"189":{"start":{"line":437,"column":23},"end":{"line":464,"column":1}},"190":{"start":{"line":438,"column":49},"end":{"line":438,"column":64}},"191":{"start":{"line":440,"column":18},"end":{"line":440,"column":20}},"192":{"start":{"line":442,"column":20},"end":{"line":442,"column":35}},"193":{"start":{"line":443,"column":18},"end":{"line":443,"column":31}},"194":{"start":{"line":445,"column":4},"end":{"line":447,"column":5}},"195":{"start":{"line":446,"column":8},"end":{"line":446,"column":59}},"196":{"start":{"line":449,"column":4},"end":{"line":451,"column":5}},"197":{"start":{"line":450,"column":8},"end":{"line":450,"column":53}},"198":{"start":{"line":453,"column":4},"end":{"line":461,"column":5}},"199":{"start":{"line":454,"column":8},"end":{"line":454,"column":39}},"200":{"start":{"line":455,"column":8},"end":{"line":455,"column":35}},"201":{"start":{"line":457,"column":8},"end":{"line":457,"column":41}},"202":{"start":{"line":459,"column":8},"end":{"line":459,"column":59}},"203":{"start":{"line":460,"column":8},"end":{"line":460,"column":57}},"204":{"start":{"line":463,"column":4},"end":{"line":463,"column":18}},"205":{"start":{"line":475,"column":20},"end":{"line":507,"column":1}},"206":{"start":{"line":476,"column":19},"end":{"line":476,"column":31}},"207":{"start":{"line":477,"column":24},"end":{"line":477,"column":39}},"208":{"start":{"line":478,"column":25},"end":{"line":478,"column":29}},"209":{"start":{"line":479,"column":20},"end":{"line":487,"column":5}},"210":{"start":{"line":489,"column":4},"end":{"line":506,"column":5}},"211":{"start":{"line":490,"column":25},"end":{"line":490,"column":61}},"212":{"start":{"line":491,"column":29},"end":{"line":491,"column":47}},"213":{"start":{"line":493,"column":8},"end":{"line":501,"column":10}},"214":{"start":{"line":494,"column":12},"end":{"line":500,"column":14}},"215":{"start":{"line":495,"column":16},"end":{"line":499,"column":17}},"216":{"start":{"line":496,"column":20},"end":{"line":496,"column":59}},"217":{"start":{"line":498,"column":20},"end":{"line":498,"column":69}},"218":{"start":{"line":502,"column":8},"end":{"line":502,"column":29}},"219":{"start":{"line":504,"column":8},"end":{"line":504,"column":28}},"220":{"start":{"line":505,"column":8},"end":{"line":505,"column":19}},"221":{"start":{"line":515,"column":19},"end":{"line":527,"column":1}},"222":{"start":{"line":516,"column":22},"end":{"line":524,"column":5}},"223":{"start":{"line":526,"column":4},"end":{"line":526,"column":99}},"224":{"start":{"line":526,"column":39},"end":{"line":526,"column":64}},"225":{"start":{"line":526,"column":83},"end":{"line":526,"column":98}},"226":{"start":{"line":534,"column":28},"end":{"line":541,"column":1}},"227":{"start":{"line":535,"column":23},"end":{"line":535,"column":47}},"228":{"start":{"line":536,"column":23},"end":{"line":536,"column":25}},"229":{"start":{"line":537,"column":4},"end":{"line":539,"column":6}},"230":{"start":{"line":538,"column":8},"end":{"line":538,"column":35}},"231":{"start":{"line":540,"column":4},"end":{"line":540,"column":21}},"232":{"start":{"line":543,"column":26},"end":{"line":552,"column":1}},"233":{"start":{"line":544,"column":4},"end":{"line":551,"column":6}},"234":{"start":{"line":545,"column":8},"end":{"line":550,"column":9}},"235":{"start":{"line":546,"column":12},"end":{"line":546,"column":41}},"236":{"start":{"line":548,"column":12},"end":{"line":548,"column":55}},"237":{"start":{"line":549,"column":12},"end":{"line":549,"column":23}},"238":{"start":{"line":558,"column":26},"end":{"line":583,"column":1}},"239":{"start":{"line":559,"column":4},"end":{"line":582,"column":5}},"240":{"start":{"line":560,"column":21},"end":{"line":560,"column":37}},"241":{"start":{"line":562,"column":8},"end":{"line":578,"column":9}},"242":{"start":{"line":563,"column":27},"end":{"line":563,"column":35}},"243":{"start":{"line":564,"column":12},"end":{"line":564,"column":44}},"244":{"start":{"line":566,"column":22},"end":{"line":566,"column":116}},"245":{"start":{"line":567,"column":29},"end":{"line":567,"column":45}},"246":{"start":{"line":569,"column":12},"end":{"line":574,"column":13}},"247":{"start":{"line":570,"column":16},"end":{"line":570,"column":77}},"248":{"start":{"line":571,"column":16},"end":{"line":571,"column":46}},"249":{"start":{"line":573,"column":16},"end":{"line":573,"column":27}},"250":{"start":{"line":576,"column":12},"end":{"line":576,"column":45}},"251":{"start":{"line":577,"column":12},"end":{"line":577,"column":23}},"252":{"start":{"line":580,"column":8},"end":{"line":580,"column":57}},"253":{"start":{"line":581,"column":8},"end":{"line":581,"column":19}},"254":{"start":{"line":594,"column":29},"end":{"line":619,"column":1}},"255":{"start":{"line":595,"column":21},"end":{"line":595,"column":23}},"256":{"start":{"line":597,"column":4},"end":{"line":612,"column":5}},"257":{"start":{"line":598,"column":20},"end":{"line":598,"column":21}},"258":{"start":{"line":600,"column":8},"end":{"line":608,"column":9}},"259":{"start":{"line":601,"column":12},"end":{"line":607,"column":13}},"260":{"start":{"line":602,"column":33},"end":{"line":602,"column":82}},"261":{"start":{"line":603,"column":38},"end":{"line":603,"column":91}},"262":{"start":{"line":604,"column":16},"end":{"line":604,"column":38}},"263":{"start":{"line":605,"column":19},"end":{"line":607,"column":13}},"264":{"start":{"line":606,"column":16},"end":{"line":606,"column":31}},"265":{"start":{"line":610,"column":20},"end":{"line":610,"column":31}},"266":{"start":{"line":611,"column":8},"end":{"line":611,"column":32}},"267":{"start":{"line":614,"column":4},"end":{"line":614,"column":53}},"268":{"start":{"line":616,"column":4},"end":{"line":618,"column":6}},"269":{"start":{"line":617,"column":8},"end":{"line":617,"column":58}},"270":{"start":{"line":621,"column":17},"end":{"line":681,"column":1}},"271":{"start":{"line":622,"column":4},"end":{"line":680,"column":5}},"272":{"start":{"line":625,"column":20},"end":{"line":625,"column":37}},"273":{"start":{"line":628,"column":21},"end":{"line":628,"column":36}},"274":{"start":{"line":630,"column":8},"end":{"line":630,"column":33}},"275":{"start":{"line":631,"column":8},"end":{"line":631,"column":36}},"276":{"start":{"line":637,"column":8},"end":{"line":640,"column":9}},"277":{"start":{"line":638,"column":12},"end":{"line":638,"column":31}},"278":{"start":{"line":639,"column":12},"end":{"line":639,"column":37}},"279":{"start":{"line":641,"column":8},"end":{"line":644,"column":9}},"280":{"start":{"line":642,"column":12},"end":{"line":642,"column":34}},"281":{"start":{"line":643,"column":12},"end":{"line":643,"column":40}},"282":{"start":{"line":647,"column":16},"end":{"line":647,"column":56}},"283":{"start":{"line":649,"column":21},"end":{"line":649,"column":37}},"284":{"start":{"line":651,"column":8},"end":{"line":653,"column":9}},"285":{"start":{"line":652,"column":12},"end":{"line":652,"column":64}},"286":{"start":{"line":655,"column":25},"end":{"line":655,"column":44}},"287":{"start":{"line":658,"column":24},"end":{"line":658,"column":48}},"288":{"start":{"line":661,"column":31},"end":{"line":661,"column":39}},"289":{"start":{"line":663,"column":8},"end":{"line":663,"column":29}},"290":{"start":{"line":666,"column":8},"end":{"line":668,"column":9}},"291":{"start":{"line":667,"column":21},"end":{"line":667,"column":76}},"292":{"start":{"line":670,"column":8},"end":{"line":670,"column":54}},"293":{"start":{"line":672,"column":32},"end":{"line":672,"column":48}},"294":{"start":{"line":673,"column":32},"end":{"line":673,"column":62}},"295":{"start":{"line":675,"column":8},"end":{"line":675,"column":53}},"296":{"start":{"line":678,"column":8},"end":{"line":678,"column":57}},"297":{"start":{"line":679,"column":8},"end":{"line":679,"column":19}},"298":{"start":{"line":683,"column":19},"end":{"line":721,"column":1}},"299":{"start":{"line":684,"column":4},"end":{"line":720,"column":5}},"300":{"start":{"line":686,"column":8},"end":{"line":686,"column":35}},"301":{"start":{"line":689,"column":20},"end":{"line":689,"column":37}},"302":{"start":{"line":692,"column":21},"end":{"line":692,"column":36}},"303":{"start":{"line":694,"column":8},"end":{"line":694,"column":33}},"304":{"start":{"line":695,"column":8},"end":{"line":695,"column":36}},"305":{"start":{"line":700,"column":8},"end":{"line":702,"column":9}},"306":{"start":{"line":701,"column":12},"end":{"line":701,"column":37}},"307":{"start":{"line":703,"column":8},"end":{"line":705,"column":9}},"308":{"start":{"line":704,"column":12},"end":{"line":704,"column":40}},"309":{"start":{"line":708,"column":24},"end":{"line":708,"column":48}},"310":{"start":{"line":710,"column":8},"end":{"line":710,"column":33}},"311":{"start":{"line":712,"column":8},"end":{"line":712,"column":36}},"312":{"start":{"line":714,"column":8},"end":{"line":714,"column":52}},"313":{"start":{"line":718,"column":8},"end":{"line":718,"column":54}},"314":{"start":{"line":719,"column":8},"end":{"line":719,"column":80}},"315":{"start":{"line":723,"column":25},"end":{"line":766,"column":1}},"316":{"start":{"line":724,"column":4},"end":{"line":765,"column":5}},"317":{"start":{"line":726,"column":20},"end":{"line":726,"column":37}},"318":{"start":{"line":729,"column":21},"end":{"line":729,"column":36}},"319":{"start":{"line":735,"column":8},"end":{"line":738,"column":9}},"320":{"start":{"line":736,"column":12},"end":{"line":736,"column":31}},"321":{"start":{"line":737,"column":12},"end":{"line":737,"column":37}},"322":{"start":{"line":739,"column":8},"end":{"line":742,"column":9}},"323":{"start":{"line":740,"column":12},"end":{"line":740,"column":34}},"324":{"start":{"line":741,"column":12},"end":{"line":741,"column":40}},"325":{"start":{"line":745,"column":16},"end":{"line":745,"column":56}},"326":{"start":{"line":747,"column":21},"end":{"line":747,"column":37}},"327":{"start":{"line":750,"column":8},"end":{"line":752,"column":9}},"328":{"start":{"line":751,"column":12},"end":{"line":751,"column":64}},"329":{"start":{"line":755,"column":24},"end":{"line":755,"column":48}},"330":{"start":{"line":759,"column":24},"end":{"line":759,"column":67}},"331":{"start":{"line":761,"column":8},"end":{"line":761,"column":72}},"332":{"start":{"line":764,"column":8},"end":{"line":764,"column":80}}},"fnMap":{"0":{"name":"(anonymous_0)","decl":{"start":{"line":42,"column":21},"end":{"line":42,"column":22}},"loc":{"start":{"line":42,"column":41},"end":{"line":75,"column":1}},"line":42},"1":{"name":"(anonymous_1)","decl":{"start":{"line":52,"column":22},"end":{"line":52,"column":23}},"loc":{"start":{"line":52,"column":31},"end":{"line":65,"column":9}},"line":52},"2":{"name":"(anonymous_2)","decl":{"start":{"line":81,"column":25},"end":{"line":81,"column":26}},"loc":{"start":{"line":81,"column":45},"end":{"line":123,"column":1}},"line":81},"3":{"name":"(anonymous_3)","decl":{"start":{"line":99,"column":30},"end":{"line":99,"column":31}},"loc":{"start":{"line":99,"column":39},"end":{"line":115,"column":9}},"line":99},"4":{"name":"(anonymous_4)","decl":{"start":{"line":128,"column":24},"end":{"line":128,"column":25}},"loc":{"start":{"line":128,"column":43},"end":{"line":155,"column":1}},"line":128},"5":{"name":"(anonymous_5)","decl":{"start":{"line":160,"column":24},"end":{"line":160,"column":25}},"loc":{"start":{"line":160,"column":44},"end":{"line":189,"column":1}},"line":160},"6":{"name":"(anonymous_6)","decl":{"start":{"line":167,"column":22},"end":{"line":167,"column":23}},"loc":{"start":{"line":167,"column":31},"end":{"line":179,"column":9}},"line":167},"7":{"name":"(anonymous_7)","decl":{"start":{"line":194,"column":28},"end":{"line":194,"column":29}},"loc":{"start":{"line":194,"column":48},"end":{"line":230,"column":1}},"line":194},
[...]
,"/Users/laradelltria/Documents/GitHub/PF-RedBack/src/server/controllers/spottedPetController.js": {"path":"/Users/laradelltria/Documents/GitHub/PF-RedBack/src/server/controllers/spottedPetController.js","statementMap":{"0":{"start":{"line":14,"column":13},"end":{"line":14,"column":26}},"1":{"start":{"line":15,"column":11},"end":{"line":15,"column":22}},"2":{"start":{"line":16,"column":23},"end":{"line":16,"column":53}},"3":{"start":{"line":21,"column":19},"end":{"line":105,"column":1}},"4":{"start":{"line":22,"column":2},"end":{"line":104,"column":3}},"5":{"start":{"line":23,"column":17},"end":{"line":23,"column":25}},"6":{"start":{"line":24,"column":17},"end":{"line":24,"column":33}},"7":{"start":{"line":27,"column":4},"end":{"line":29,"column":5}},"8":{"start":{"line":28,"column":6},"end":{"line":28,"column":44}},"9":{"start":{"line":31,"column":27},"end":{"line":31,"column":53}},"10":{"start":{"line":32,"column":28},"end":{"line":32,"column":56}},"11":{"start":{"line":34,"column":4},"end":{"line":36,"column":5}},"12":{"start":{"line":35,"column":6},"end":{"line":35,"column":55}},"13":{"start":{"line":38,"column":24},"end":{"line":38,"column":46}},"14":{"start":{"line":41,"column":4},"end":{"line":49,"column":5}},"15":{"start":{"line":48,"column":6},"end":{"line":48,"column":38}},"16":{"start":{"line":51,"column":29},"end":{"line":51,"column":48}},"17":{"start":{"line":52,"column":18},"end":{"line":52,"column":37}},"18":{"start":{"line":55,"column":17},"end":{"line":55,"column":72}},"19":{"start":{"line":56,"column":17},"end":{"line":59,"column":20}},"20":{"start":{"line":60,"column":35},"end":{"line":60,"column":53}},"21":{"start":{"line":61,"column":29},"end":{"line":61,"column":61}},"22":{"start":{"line":62,"column":30},"end":{"line":62,"column":66}},"23":{"start":{"line":65,"column":32},"end":{"line":67,"column":5}},"24":{"start":{"line":68,"column":32},"end":{"line":68,"column":51}},"25":{"start":{"line":69,"column":32},"end":{"line":69,"column":54}},"26":{"start":{"line":70,"column":4},"end":{"line":70,"column":37}},"27":{"start":{"line":73,"column":27},"end":{"line":89,"column":5}},"28":{"start":{"line":91,"column":4},"end":{"line":91,"column":58}},"29":{"start":{"line":93,"column":4},"end":{"line":97,"column":7}},"30":{"start":{"line":99,"column":4},"end":{"line":99,"column":68}},"31":{"start":{"line":100,"column":4},"end":{"line":103,"column":7}}},"fnMap":{"0":{"name":"(anonymous_0)","decl":{"start":{"line":21,"column":19},"end":{"line":21,"column":20}},"loc":{"start":{"line":21,"column":39},"end":{"line":105,"column":1}},"line":21}},"branchMap":{"0":{"loc":{"start":{"line":27,"column":4},"end":{"line":29,"column":5}},"type":"if","locations":[{"start":{"line":27,"column":4},"end":{"line":29,"column":5}},{"start":{},"end":{}}],"line":27},"1":{"loc":{"start":{"line":34,"column":4},"end":{"line":36,"column":5}},"type":"if","locations":[{"start":{"line":34,"column":4},"end":{"line":36,"column":5}},{"start":{},"end":{}}],"line":34},"2":{"loc":{"start":{"line":41,"column":4},"end":{"line":49,"column":5}},"type":"if","locations":[{"start":{"line":41,"column":4},"end":{"line":49,"column":5}},{"start":{},"end":{}}],"line":41},"3":{"loc":{"start":{"line":42,"column":6},"end":{"line":46,"column":31}},"type":"binary-expr","locations":[{"start":{"line":42,"column":6},"end":{"line":42,"column":25}},{"start":{"line":43,"column":6},"end":{"line":43,"column":30}},{"start":{"line":44,"column":6},"end":{"line":44,"column":30}},{"start":{"line":45,"column":6},"end":{"line":45,"column":34}},{"start":{"line":46,"column":6},"end":{"line":46,"column":31}}],"line":42},"4":{"loc":{"start":{"line":87,"column":6},"end":{"line":87,"column":33}},"type":"binary-expr","locations":[{"start":{"line":87,"column":6},"end":{"line":87,"column":27}},{"start":{"line":87,"column":31},"end":{"line":87,"column":33}}],"line":87}},"s":{"0":3,"1":3,"2":3,"3":3,"4":6,"5":6,"6":6,"7":6,"8":1,"9":5,"10":5,"11":5,"12":1,"13":4,"14":4,"15":1,"16":3,"17":3,"18":3,"19":3,"20":3,"21":3,"22":3,"23":3,"24":2,"25":2,"26":2,"27":2,"28":2,"29":2,"30":4,"31":4},"f":{"0":6},"b":{"0":[1,5],"1":[1,4],"2":[1,3],"3":[4,4,4,3,3],"4":[2,1]},"_coverageSchema":"1a1c01bbd47fc00a2c39e90264f33305004495a9","hash":"7b0b8ff27367261e8066ed8f8a94be36a5f75c03"}
,"/Users/laradelltria/Documents/GitHub/PF-RedBack/src/server/models/account.js": {"path":"/Users/laradelltria/Documents/GitHub/PF-RedBack/src/server/models/account.js","statementMap":{"0":{"start":{"line":9,"column":8},"end":{"line":9,"column":21}},"1":{"start":{"line":12,"column":8},"end":{"line":12,"column":27}},"2":{"start":{"line":15,"column":8},"end":{"line":15,"column":25}},"3":{"start":{"line":18,"column":8},"end":{"line":18,"column":27}}},"fnMap":{"0":{"name":"(anonymous_0)","decl":{"start":{"line":7,"column":4},"end":{"line":7,"column":5}},"loc":{"start":{"line":7,"column":40},"end":{"line":19,"column":5}},"line":7}},"branchMap":{},"s":{"0":7,"1":7,"2":7,"3":7},"f":{"0":7},"b":{},"_coverageSchema":"1a1c01bbd47fc00a2c39e90264f33305004495a9","hash":"f6434f88fb6234e675ed80cfafa778aa0706659a"}
,"/Users/laradelltria/Documents/GitHub/PF-RedBack/src/server/models/lostPet.js": {"path":"/Users/laradelltria/Documents/GitHub/PF-RedBack/src/server/models/lostPet.js","statementMap":{"0":{"start":{"line":29,"column":8},"end":{"line":29,"column":37}},"1":{"start":{"line":32,"column":8},"end":{"line":32,"column":37}},"2":{"start":{"line":35,"column":8},"end":{"line":35,"column":39}},"3":{"start":{"line":38,"column":8},"end":{"line":38,"column":41}},"4":{"start":{"line":41,"column":8},"end":{"line":41,"column":33}},"5":{"start":{"line":44,"column":8},"end":{"line":44,"column":33}},"6":{"start":{"line":47,"column":8},"end":{"line":47,"column":31}},"7":{"start":{"line":50,"column":8},"end":{"line":50,"column":49}},"8":{"start":{"line":53,"column":8},"end":{"line":53,"column":49}},"9":{"start":{"line":56,"column":8},"end":{"line":56,"column":32}},"10":{"start":{"line":59,"column":8},"end":{"line":59,"column":31}},"11":{"start":{"line":62,"column":8},"end":{"line":62,"column":23}},"12":{"start":{"line":65,"column":8},"end":{"line":65,"column":27}},"13":{"start":{"line":68,"column":8},"end":{"line":68,"column":43}},"14":{"start":{"line":71,"column":8},"end":{"line":71,"column":47}},"15":{"start":{"line":74,"column":8},"end":{"line":74,"column":25}},"16":{"start":{"line":77,"column":8},"end":{"line":77,"column":27}},"17":{"start":{"line":80,"column":8},"end":{"line":80,"column":51}},"18":{"start":{"line":83,"column":8},"end":{"line":83,"column":27}}},"fnMap":{"0":{"name":"(anonymous_0)","decl":{"start":{"line":7,"column":4},"end":{"line":7,"column":5}},"loc":{"start":{"line":27,"column":6},"end":{"line":84,"column":5}},"line":27}},"branchMap":{},"s":{"0":2,"1":2,"2":2,"3":2,"4":2,"5":2,"6":2,"7":2,"8":2,"9":2,"10":2,"11":2,"12":2,"13":2,"14":2,"15":2,"16":2,"17":2,"18":2},"f":{"0":2},"b":{},"_coverageSchema":"1a1c01bbd47fc00a2c39e90264f33305004495a9","hash":"dd9a8b8e47354369ff8a2d5ceb284e4b4618a174"}
,"/Users/laradelltria/Documents/GitHub/PF-RedBack/src/server/models/messages.js": {"path":"/Users/laradelltria/Documents/GitHub/PF-RedBack/src/server/models/messages.js","statementMap":{"0":{"start":{"line":18,"column":8},"end":{"line":18,"column":35}},"1":{"start":{"line":21,"column":8},"end":{"line":21,"column":37}},"2":{"start":{"line":24,"column":8},"end":{"line":24,"column":35}},"3":{"start":{"line":27,"column":8},"end":{"line":27,"column":25}},"4":{"start":{"line":30,"column":8},"end":{"line":30,"column":29}},"5":{"start":{"line":33,"column":8},"end":{"line":33,"column":37}},"6":{"start":{"line":36,"column":8},"end":{"line":36,"column":29}}},"fnMap":{"0":{"name":"(anonymous_0)","decl":{"start":{"line":8,"column":4},"end":{"line":8,"column":5}},"loc":{"start":{"line":16,"column":6},"end":{"line":37,"column":5}},"line":16}},"branchMap":{},"s":{"0":2,"1":2,"2":2,"3":2,"4":2,"5":2,"6":2},"f":{"0":2},"b":{},"_coverageSchema":"1a1c01bbd47fc00a2c39e90264f33305004495a9","hash":"e7c3dd8cfd6277d69630946635053d352243dd54"}
,"/Users/laradelltria/Documents/GitHub/PF-RedBack/src/server/models/messagingThread.js": {"path":"/Users/laradelltria/Documents/GitHub/PF-RedBack/src/server/models/messagingThread.js","statementMap":{"0":{"start":{"line":16,"column":8},"end":{"line":16,"column":41}},"1":{"start":{"line":19,"column":8},"end":{"line":19,"column":27}},"2":{"start":{"line":22,"column":8},"end":{"line":22,"column":33}},"3":{"start":{"line":25,"column":8},"end":{"line":25,"column":35}},"4":{"start":{"line":28,"column":8},"end":{"line":28,"column":39}}},"fnMap":{"0":{"name":"(anonymous_0)","decl":{"start":{"line":8,"column":4},"end":{"line":8,"column":5}},"loc":{"start":{"line":14,"column":6},"end":{"line":30,"column":5}},"line":14}},"branchMap":{},"s":{"0":2,"1":2,"2":2,"3":2,"4":2},"f":{"0":2},"b":{},"_coverageSchema":"1a1c01bbd47fc00a2c39e90264f33305004495a9","hash":"bdad94cc51baa4d4ae50850366a9aab234f4f4d4"}
,"/Users/laradelltria/Documents/GitHub/PF-RedBack/src/server/models/spottedPet.js": {"path":"/Users/laradelltria/Documents/GitHub/PF-RedBack/src/server/models/spottedPet.js","statementMap":{"0":{"start":{"line":25,"column":8},"end":{"line":25,"column":37}},"1":{"start":{"line":28,"column":8},"end":{"line":28,"column":43}},"2":{"start":{"line":31,"column":8},"end":{"line":31,"column":39}},"3":{"start":{"line":34,"column":8},"end":{"line":34,"column":41}},"4":{"start":{"line":37,"column":8},"end":{"line":37,"column":33}},"5":{"start":{"line":40,"column":8},"end":{"line":40,"column":33}},"6":{"start":{"line":43,"column":8},"end":{"line":43,"column":49}},"7":{"start":{"line":46,"column":8},"end":{"line":46,"column":49}},"8":{"start":{"line":49,"column":8},"end":{"line":49,"column":31}},"9":{"start":{"line":52,"column":8},"end":{"line":52,"column":43}},"10":{"start":{"line":55,"column":8},"end":{"line":55,"column":47}},"11":{"start":{"line":58,"column":8},"end":{"line":58,"column":25}},"12":{"start":{"line":61,"column":8},"end":{"line":61,"column":27}},"13":{"start":{"line":64,"column":8},"end":{"line":64,"column":51}},"14":{"start":{"line":67,"column":8},"end":{"line":67,"column":27}}},"fnMap":{"0":{"name":"(anonymous_0)","decl":{"start":{"line":7,"column":4},"end":{"line":7,"column":5}},"loc":{"start":{"line":23,"column":6},"end":{"line":68,"column":5}},"line":23}},"branchMap":{},"s":{"0":2,"1":2,"2":2,"3":2,"4":2,"5":2,"6":2,"7":2,"8":2,"9":2,"10":2,"11":2,"12":2,"13":2,"14":2},"f":{"0":2},"b":{},"_coverageSchema":"1a1c01bbd47fc00a2c39e90264f33305004495a9","hash":"47119f021ad6b5cda28c377e72dcf5e0d5c8156b"}
,"/Users/laradelltria/Documents/GitHub/PF-RedBack/src/server/routes/accountRoute.js": {"path":"/Users/laradelltria/Documents/GitHub/PF-RedBack/src/server/routes/accountRoute.js","statementMap":{"0":{"start":{"line":3,"column":15},"end":{"line":3,"column":31}},"1":{"start":{"line":27,"column":0},"end":{"line":27,"column":53}},"2":{"start":{"line":51,"column":0},"end":{"line":51,"column":56}},"3":{"start":{"line":79,"column":0},"end":{"line":79,"column":47}},"4":{"start":{"line":109,"column":0},"end":{"line":109,"column":51}},"5":{"start":{"line":141,"column":0},"end":{"line":141,"column":47}},"6":{"start":{"line":160,"column":0},"end":{"line":160,"column":52}},"7":{"start":{"line":190,"column":0},"end":{"line":190,"column":65}},"8":{"start":{"line":207,"column":0},"end":{"line":207,"column":49}}},"fnMap":{},"branchMap":{},"s":{"0":2,"1":2,"2":2,"3":2,"4":2,"5":2,"6":2,"7":2,"8":2},"f":{},"b":{},"_coverageSchema":"1a1c01bbd47fc00a2c39e90264f33305004495a9","hash":"45b24e357d9805e107283d73cac0bd0d95436075"}
,"/Users/laradelltria/Documents/GitHub/PF-RedBack/src/server/routes/lostPetRoute.js": {"path":"/Users/laradelltria/Documents/GitHub/PF-RedBack/src/server/routes/lostPetRoute.js","statementMap":{"0":{"start":{"line":7,"column":15},"end":{"line":7,"column":31}},"1":{"start":{"line":34,"column":0},"end":{"line":34,"column":39}}},"fnMap":{},"branchMap":{},"s":{"0":2,"1":2},"f":{},"b":{},"_coverageSchema":"1a1c01bbd47fc00a2c39e90264f33305004495a9","hash":"43bb1aceb41713da41455ac4be7ce8de20e68040"}
,"/Users/laradelltria/Documents/GitHub/PF-RedBack/src/server/routes/messageRoute.js": {"path":"/Users/laradelltria/Documents/GitHub/PF-RedBack/src/server/routes/messageRoute.js","statementMap":{"0":{"start":{"line":3,"column":15},"end":{"line":3,"column":31}},"1":{"start":{"line":7,"column":0},"end":{"line":7,"column":49}},"2":{"start":{"line":8,"column":0},"end":{"line":8,"column":60}},"3":{"start":{"line":9,"column":0},"end":{"line":9,"column":60}},"4":{"start":{"line":10,"column":0},"end":{"line":10,"column":52}},"5":{"start":{"line":11,"column":0},"end":{"line":11,"column":61}},"6":{"start":{"line":12,"column":0},"end":{"line":12,"column":68}},"7":{"start":{"line":13,"column":0},"end":{"line":13,"column":76}},"8":{"start":{"line":14,"column":0},"end":{"line":14,"column":95}}},"fnMap":{},"branchMap":{},"s":{"0":2,"1":2,"2":2,"3":2,"4":2,"5":2,"6":2,"7":2,"8":2},"f":{},"b":{},"_coverageSchema":"1a1c01bbd47fc00a2c39e90264f33305004495a9","hash":"b9e52f0d4d7f65f6dd204c5edf1406cadecc2efe"}
,"/Users/laradelltria/Documents/GitHub/PF-RedBack/src/server/routes/otpRoute.js": {"path":"/Users/laradelltria/Documents/GitHub/PF-RedBack/src/server/routes/otpRoute.js","statementMap":{"0":{"start":{"line":3,"column":15},"end":{"line":3,"column":31}},"1":{"start":{"line":30,"column":0},"end":{"line":30,"column":51}},"2":{"start":{"line":54,"column":0},"end":{"line":54,"column":53}}},"fnMap":{},"branchMap":{},"s":{"0":2,"1":2,"2":2},"f":{},"b":{},"_coverageSchema":"1a1c01bbd47fc00a2c39e90264f33305004495a9","hash":"609636c25cbedca0d641e38a858b9e6322cbe2c1"}
,"/Users/laradelltria/Documents/GitHub/PF-RedBack/src/server/routes/postsRoute.js": {"path":"/Users/laradelltria/Documents/GitHub/PF-RedBack/src/server/routes/postsRoute.js","statementMap":{"0":{"start":{"line":18,"column":15},"end":{"line":18,"column":31}},"1":{"start":{"line":60,"column":0},"end":{"line":60,"column":38}},"2":{"start":{"line":102,"column":0},"end":{"line":102,"column":44}},"3":{"start":{"line":149,"column":0},"end":{"line":149,"column":42}},"4":{"start":{"line":196,"column":0},"end":{"line":196,"column":48}},"5":{"start":{"line":241,"column":0},"end":{"line":241,"column":50}},"6":{"start":{"line":286,"column":0},"end":{"line":286,"column":56}},"7":{"start":{"line":340,"column":0},"end":{"line":340,"column":41}},"8":{"start":{"line":389,"column":0},"end":{"line":389,"column":44}},"9":{"start":{"line":391,"column":0},"end":{"line":391,"column":51}},"10":{"start":{"line":393,"column":0},"end":{"line":393,"column":63}}},"fnMap":{},"branchMap":{},"s":{"0":2,"1":2,"2":2,"3":2,"4":2,"5":2,"6":2,"7":2,"8":2,"9":2,"10":2},"f":{},"b":{},"_coverageSchema":"1a1c01bbd47fc00a2c39e90264f33305004495a9","hash":"a229d7187d09da7e585262c12c0eff260bc7f529"}
,"/Users/laradelltria/Documents/GitHub/PF-RedBack/src/server/routes/spottedPetRoute.js": {"path":"/Users/laradelltria/Documents/GitHub/PF-RedBack/src/server/routes/spottedPetRoute.js","statementMap":{"0":{"start":{"line":6,"column":15},"end":{"line":6,"column":31}},"1":{"start":{"line":32,"column":0},"end":{"line":32,"column":39}}},"fnMap":{},"branchMap":{},"s":{"0":2,"1":2},"f":{},"b":{},"_coverageSchema":"1a1c01bbd47fc00a2c39e90264f33305004495a9","hash":"506865497188cbc5856831d887e30baf5cabda20"}
,"/Users/laradelltria/Documents/GitHub/PF-RedBack/src/server/util/locationUtil.js": {"path":"/Users/laradelltria/Documents/GitHub/PF-RedBack/src/server/util/locationUtil.js","statementMap":{"0":{"start":{"line":6,"column":41},"end":{"line":34,"column":1}},"1":{"start":{"line":7,"column":4},"end":{"line":33,"column":5}},"2":{"start":{"line":8,"column":8},"end":{"line":8,"column":48}},"3":{"start":{"line":9,"column":25},"end":{"line":9,"column":169}},"4":{"start":{"line":11,"column":21},"end":{"line":11,"column":42}},"5":{"start":{"line":12,"column":8},"end":{"line":12,"column":25}},"6":{"start":{"line":14,"column":8},"end":{"line":29,"column":9}},"7":{"start":{"line":15,"column":33},"end":{"line":15,"column":66}},"8":{"start":{"line":16,"column":38},"end":{"line":16,"column":72}},"9":{"start":{"line":19,"column":24},"end":{"line":19,"column":28}},"10":{"start":{"line":20,"column":12},"end":{"line":25,"column":13}},"11":{"start":{"line":21,"column":16},"end":{"line":24,"column":17}},"12":{"start":{"line":22,"column":20},"end":{"line":22,"column":49}},"13":{"start":{"line":23,"column":20},"end":{"line":23,"column":26}},"14":{"start":{"line":26,"column":12},"end":{"line":26,"column":36}},"15":{"start":{"line":28,"column":12},"end":{"line":28,"column":73}},"16":{"start":{"line":31,"column":8},"end":{"line":31,"column":47}},"17":{"start":{"line":32,"column":8},"end":{"line":32,"column":19}},"18":{"start":{"line":41,"column":41},"end":{"line":59,"column":1}},"19":{"start":{"line":42,"column":23},"end":{"line":42,"column":29}},"20":{"start":{"line":44,"column":4},"end":{"line":58,"column":5}},"21":{"start":{"line":45,"column":25},"end":{"line":45,"column":144}},"22":{"start":{"line":46,"column":21},"end":{"line":46,"column":42}},"23":{"start":{"line":48,"column":8},"end":{"line":54,"column":9}},"24":{"start":{"line":49,"column":28},"end":{"line":49,"column":61}},"25":{"start":{"line":50,"column":12},"end":{"line":50,"column":61}},"26":{"start":{"line":51,"column":12},"end":{"line":51,"column":49}},"27":{"start":{"line":53,"column":12},"end":{"line":53,"column":73}},"28":{"start":{"line":56,"column":8},"end":{"line":56,"column":47}},"29":{"start":{"line":57,"column":8},"end":{"line":57,"column":19}}},"fnMap":{"0":{"name":"(anonymous_0)","decl":{"start":{"line":6,"column":41},"end":{"line":6,"column":42}},"loc":{"start":{"line":6,"column":67},"end":{"line":34,"column":1}},"line":6},"1":{"name":"(anonymous_1)","decl":{"start":{"line":41,"column":41},"end":{"line":41,"column":42}},"loc":{"start":{"line":41,"column":59},"end":{"line":59,"column":1}},"line":41}},"branchMap":{"0":{"loc":{"start":{"line":14,"column":8},"end":{"line":29,"column":9}},"type":"if","locations":[{"start":{"line":14,"column":8},"end":{"line":29,"column":9}},{"start":{"line":27,"column":15},"end":{"line":29,"column":9}}],"line":14},"1":{"loc":{"start":{"line":21,"column":16},"end":{"line":24,"column":17}},"type":"if","locations":[{"start":{"line":21,"column":16},"end":{"line":24,"column":17}},{"start":{},"end":{}}],"line":21},"2":{"loc":{"start":{"line":48,"column":8},"end":{"line":54,"column":9}},"type":"if","locations":[{"start":{"line":48,"column":8},"end":{"line":54,"column":9}},{"start":{"line":52,"column":15},"end":{"line":54,"column":9}}],"line":48},"3":{"loc":{"start":{"line":51,"column":19},"end":{"line":51,"column":49}},"type":"binary-expr","locations":[{"start":{"line":51,"column":19},"end":{"line":51,"column":26}},{"start":{"line":51,"column":30},"end":{"line":51,"column":49}}],"line":51}},"s":{"0":3,"1":3,"2":3,"3":3,"4":3,"5":3,"6":3,"7":2,"8":2,"9":2,"10":2,"11":1,"12":1,"13":1,"14":2,"15":1,"16":1,"17":1,"18":3,"19":3,"20":3,"21":3,"22":3,"23":3,"24":2,"25":2,"26":2,"27":1,"28":1,"29":1},"f":{"0":3,"1":3},"b":{"0":[2,1],"1":[1,0],"2":[2,1],"3":[2,1]},"_coverageSchema":"1a1c01bbd47fc00a2c39e90264f33305004495a9","hash":"8959ba2ba846f48444d34e15dc29d603e4d7d5a0"}
}
