TN:
SF:fakedb.js
FNF:0
FNH:0
DA:2,3
DA:68,3
DA:76,3
LF:3
LH:3
BRF:0
BRH:0
end_of_record
TN:
SF:index.js
FN:26,(anonymous_0)
FN:38,(anonymous_1)
FNF:2
FNH:2
FNDA:1,(anonymous_0)
FNDA:2,(anonymous_1)
DA:14,2
DA:18,2
DA:21,2
DA:22,2
DA:23,2
DA:24,2
DA:26,2
DA:27,1
DA:30,2
DA:31,2
DA:32,2
DA:33,2
DA:34,2
DA:35,2
DA:38,2
DA:39,2
LF:16
LH:16
BRF:0
BRH:0
end_of_record
TN:
SF:swagger.js
FNF:0
FNH:0
DA:3,2
DA:12,2
DA:17,2
LF:3
LH:3
BRF:0
BRH:0
end_of_record
TN:
SF:config/config.js
FNF:0
FNH:0
DA:4,8
DA:16,8
DA:18,8
DA:19,8
DA:20,8
LF:5
LH:5
BRDA:18,0,0,8
BRDA:18,0,1,0
BRF:2
BRH:1
end_of_record
TN:
SF:config/firebase.js
FNF:0
FNH:0
DA:11,8
DA:12,8
DA:13,8
DA:14,8
LF:4
LH:4
BRF:0
BRH:0
end_of_record
TN:
SF:controllers/accountController.js
FN:44,(anonymous_0)
FN:76,(anonymous_1)
FN:117,(anonymous_2)
FN:183,(anonymous_3)
FN:206,(anonymous_4)
FN:265,(anonymous_5)
FN:335,(anonymous_6)
FN:348,(anonymous_7)
FN:370,(anonymous_8)
FN:402,(anonymous_9)
FNF:10
FNH:10
FNDA:7,(anonymous_0)
FNDA:8,(anonymous_1)
FNDA:6,(anonymous_2)
FNDA:8,(anonymous_3)
FNDA:1,(anonymous_4)
FNDA:4,(anonymous_5)
FNDA:3,(anonymous_6)
FNDA:1,(anonymous_7)
FNDA:6,(anonymous_8)
FNDA:5,(anonymous_9)
DA:31,3
DA:32,3
DA:34,3
DA:35,3
DA:36,3
DA:44,3
DA:45,7
DA:46,7
DA:47,7
DA:48,7
DA:51,7
DA:52,2
DA:53,2
DA:59,2
DA:60,2
DA:62,3
DA:65,5
DA:66,5
DA:67,5
DA:76,3
DA:77,8
DA:78,8
DA:79,8
DA:80,6
DA:81,6
DA:84,6
DA:85,2
DA:86,2
DA:92,2
DA:93,2
DA:95,2
DA:98,2
DA:101,6
DA:102,6
DA:103,6
DA:117,3
DA:118,6
DA:121,6
DA:122,1
DA:123,1
DA:124,1
DA:125,5
DA:126,1
DA:127,1
DA:128,1
DA:131,4
DA:132,4
DA:133,4
DA:136,3
DA:137,1
DA:138,1
DA:139,1
DA:141,2
DA:142,2
DA:144,2
DA:145,2
DA:148,2
DA:149,1
DA:150,1
DA:158,1
DA:159,1
DA:161,1
DA:162,1
DA:163,1
DA:167,1
DA:168,1
DA:169,1
DA:183,3
DA:184,8
DA:185,8
DA:188,8
DA:189,1
DA:190,1
DA:191,1
DA:192,7
DA:193,1
DA:194,1
DA:195,1
DA:198,6
DA:199,6
DA:200,6
DA:203,5
DA:204,1
DA:205,1
DA:207,1
DA:213,1
DA:214,1
DA:216,4
DA:218,4
DA:219,4
DA:222,4
DA:223,1
DA:224,1
DA:225,1
DA:228,2
DA:229,2
DA:232,2
DA:233,1
DA:234,1
DA:235,1
DA:237,1
DA:238,1
DA:239,1
DA:243,2
DA:244,2
DA:245,0
DA:246,0
DA:248,2
DA:249,2
DA:265,3
DA:266,4
DA:267,4
DA:268,4
DA:271,4
DA:272,4
DA:274,3
DA:275,1
DA:278,2
DA:279,2
DA:286,2
DA:287,0
DA:288,0
DA:291,2
DA:292,1
DA:293,1
DA:296,2
DA:297,1
DA:298,1
DA:301,2
DA:302,2
DA:305,2
DA:306,1
DA:307,1
DA:313,1
DA:314,1
DA:316,1
DA:319,2
DA:320,2
DA:335,3
DA:336,3
DA:337,3
DA:340,3
DA:341,3
DA:343,2
DA:344,1
DA:348,1
DA:350,1
DA:353,1
DA:355,1
DA:356,1
DA:370,3
DA:371,6
DA:372,6
DA:373,6
DA:375,6
DA:376,1
DA:379,5
DA:380,1
DA:384,4
DA:386,2
DA:388,2
DA:389,2
DA:402,3
DA:403,5
DA:404,5
DA:406,5
DA:407,1
DA:411,4
DA:413,2
DA:415,2
DA:416,2
LF:171
LH:167
BRDA:51,0,0,2
BRDA:51,0,1,3
BRDA:79,1,0,6
BRDA:79,1,1,2
BRDA:84,2,0,2
BRDA:84,2,1,2
BRDA:121,3,0,1
BRDA:121,3,1,5
BRDA:121,4,0,6
BRDA:121,4,1,5
BRDA:125,5,0,1
BRDA:125,5,1,4
BRDA:136,6,0,1
BRDA:136,6,1,2
BRDA:148,7,0,1
BRDA:148,7,1,1
BRDA:188,8,0,1
BRDA:188,8,1,7
BRDA:188,9,0,8
BRDA:188,9,1,7
BRDA:188,9,2,7
BRDA:192,10,0,1
BRDA:192,10,1,6
BRDA:203,11,0,1
BRDA:203,11,1,4
BRDA:222,12,0,1
BRDA:222,12,1,2
BRDA:232,13,0,1
BRDA:232,13,1,1
BRDA:244,14,0,0
BRDA:244,14,1,2
BRDA:274,15,0,1
BRDA:274,15,1,2
BRDA:286,16,0,0
BRDA:286,16,1,2
BRDA:291,17,0,1
BRDA:291,17,1,1
BRDA:296,18,0,1
BRDA:296,18,1,1
BRDA:305,19,0,1
BRDA:305,19,1,1
BRDA:343,20,0,1
BRDA:343,20,1,1
BRDA:375,21,0,1
BRDA:375,21,1,5
BRDA:379,22,0,1
BRDA:379,22,1,4
BRDA:406,23,0,1
BRDA:406,23,1,4
BRF:49
BRH:47
end_of_record
TN:
SF:controllers/lostPetController.js
FN:21,(anonymous_0)
FNF:1
FNH:1
FNDA:6,(anonymous_0)
DA:14,3
DA:15,3
DA:16,3
DA:21,3
DA:22,6
DA:23,6
DA:24,6
DA:27,6
DA:28,1
DA:31,5
DA:32,5
DA:34,5
DA:35,1
DA:38,4
DA:41,4
DA:48,1
DA:51,3
DA:52,3
DA:55,3
DA:56,3
DA:60,3
DA:61,3
DA:62,3
DA:65,3
DA:68,2
DA:69,2
DA:72,2
DA:94,2
DA:96,2
DA:102,4
DA:103,4
LF:31
LH:31
BRDA:27,0,0,1
BRDA:27,0,1,5
BRDA:34,1,0,1
BRDA:34,1,1,4
BRDA:41,2,0,1
BRDA:41,2,1,3
BRDA:42,3,0,4
BRDA:42,3,1,3
BRDA:42,3,2,3
BRDA:42,3,3,3
BRDA:42,3,4,3
BRDA:90,4,0,2
BRDA:90,4,1,1
BRF:13
BRH:13
end_of_record
TN:
SF:controllers/messageController.js
FN:32,(anonymous_0)
FN:38,(anonymous_1)
FN:58,(anonymous_2)
FN:81,(anonymous_3)
FN:94,(anonymous_4)
FN:101,(anonymous_5)
FN:124,(anonymous_6)
FN:151,(anonymous_7)
FN:173,(anonymous_8)
FN:223,(anonymous_9)
FN:291,(anonymous_10)
FN:346,(anonymous_11)
FN:361,(anonymous_12)
FNF:13
FNH:5
FNDA:1,(anonymous_0)
FNDA:1,(anonymous_1)
FNDA:1,(anonymous_2)
FNDA:0,(anonymous_3)
FNDA:0,(anonymous_4)
FNDA:0,(anonymous_5)
FNDA:0,(anonymous_6)
FNDA:0,(anonymous_7)
FNDA:0,(anonymous_8)
FNDA:3,(anonymous_9)
FNDA:1,(anonymous_10)
FNDA:0,(anonymous_11)
FNDA:0,(anonymous_12)
DA:20,3
DA:21,3
DA:22,3
DA:32,3
DA:34,1
DA:35,1
DA:36,1
DA:38,1
DA:39,1
DA:40,1
DA:43,1
DA:46,0
DA:47,0
DA:58,3
DA:60,1
DA:61,1
DA:62,1
DA:64,1
DA:65,1
DA:66,1
DA:67,1
DA:69,0
DA:70,0
DA:81,3
DA:82,0
DA:83,0
DA:85,0
DA:86,0
DA:89,0
DA:91,0
DA:92,0
DA:94,0
DA:95,0
DA:98,0
DA:99,0
DA:101,0
DA:102,0
DA:103,0
DA:106,0
DA:109,0
DA:112,0
DA:113,0
DA:124,3
DA:126,0
DA:127,0
DA:129,0
DA:130,0
DA:132,0
DA:133,0
DA:137,0
DA:138,0
DA:141,0
DA:142,0
DA:144,0
DA:146,0
DA:148,0
DA:149,0
DA:151,0
DA:152,0
DA:153,0
DA:156,0
DA:159,0
DA:161,0
DA:162,0
DA:173,3
DA:176,0
DA:177,0
DA:178,0
DA:180,0
DA:182,0
DA:185,0
DA:191,0
DA:202,0
DA:207,0
DA:208,0
DA:211,0
DA:212,0
DA:223,3
DA:226,3
DA:227,3
DA:228,3
DA:230,3
DA:233,3
DA:234,1
DA:240,2
DA:241,2
DA:242,2
DA:244,2
DA:247,2
DA:253,2
DA:264,2
DA:273,2
DA:275,1
DA:276,1
DA:279,1
DA:280,1
DA:291,3
DA:294,1
DA:295,1
DA:297,1
DA:300,1
DA:301,1
DA:303,1
DA:304,0
DA:308,1
DA:309,1
DA:313,1
DA:314,1
DA:315,1
DA:316,0
DA:317,0
DA:318,0
DA:319,1
DA:320,1
DA:321,1
DA:326,1
DA:331,1
DA:332,1
DA:335,0
DA:336,0
DA:346,3
DA:347,0
DA:348,0
DA:351,0
DA:352,0
DA:354,0
DA:355,0
DA:359,0
DA:360,0
DA:361,0
DA:363,0
DA:364,0
DA:368,0
DA:370,0
DA:374,0
DA:375,0
DA:378,0
DA:379,0
LF:138
LH:60
BRDA:85,0,0,0
BRDA:85,0,1,0
BRDA:132,1,0,0
BRDA:132,1,1,0
BRDA:132,2,0,0
BRDA:132,2,1,0
BRDA:146,3,0,0
BRDA:146,3,1,0
BRDA:233,4,0,1
BRDA:233,4,1,2
BRDA:233,5,0,3
BRDA:233,5,1,2
BRDA:303,6,0,0
BRDA:303,6,1,1
BRDA:315,7,0,0
BRDA:315,7,1,1
BRDA:319,8,0,1
BRDA:319,8,1,0
BRDA:354,9,0,0
BRDA:354,9,1,0
BRDA:363,10,0,0
BRDA:363,10,1,0
BRF:22
BRH:7
end_of_record
TN:
SF:controllers/otpVerificationController.js
FN:33,(anonymous_0)
FN:77,(anonymous_1)
FN:85,(anonymous_2)
FN:107,(anonymous_3)
FN:136,(anonymous_4)
FN:164,(anonymous_5)
FNF:6
FNH:6
FNDA:2,(anonymous_0)
FNDA:2,(anonymous_1)
FNDA:2,(anonymous_2)
FNDA:2,(anonymous_3)
FNDA:6,(anonymous_4)
FNDA:6,(anonymous_5)
DA:19,3
DA:20,3
DA:22,3
DA:23,3
DA:33,3
DA:34,2
DA:36,2
DA:37,2
DA:48,2
DA:50,2
DA:51,2
DA:53,2
DA:55,2
DA:65,1
DA:66,1
DA:68,1
DA:69,1
DA:77,3
DA:78,2
DA:79,2
DA:85,3
DA:86,2
DA:87,2
DA:91,2
DA:92,2
DA:107,3
DA:108,2
DA:110,2
DA:111,2
DA:113,2
DA:114,1
DA:121,1
DA:122,1
DA:136,3
DA:137,6
DA:138,1
DA:141,5
DA:142,1
DA:145,4
DA:146,1
DA:164,3
DA:165,6
DA:167,6
DA:168,6
DA:169,6
DA:171,5
DA:172,1
DA:173,1
DA:176,4
DA:177,4
DA:179,4
DA:181,4
DA:182,1
DA:183,1
DA:184,1
DA:187,3
DA:188,1
DA:189,1
DA:190,1
DA:193,2
DA:201,2
DA:202,1
DA:203,1
DA:206,1
DA:207,1
DA:209,1
DA:210,1
DA:214,1
DA:215,1
LF:69
LH:69
BRDA:113,0,0,1
BRDA:113,0,1,1
BRDA:137,1,0,1
BRDA:137,1,1,5
BRDA:141,2,0,1
BRDA:141,2,1,4
BRDA:145,3,0,1
BRDA:145,3,1,3
BRDA:171,4,0,1
BRDA:171,4,1,4
BRDA:181,5,0,1
BRDA:181,5,1,3
BRDA:187,6,0,1
BRDA:187,6,1,2
BRDA:201,7,0,1
BRDA:201,7,1,1
BRF:16
BRH:16
end_of_record
TN:
SF:controllers/postController.js
FN:42,(anonymous_0)
FN:52,(anonymous_1)
FN:81,(anonymous_2)
FN:99,(anonymous_3)
FN:128,(anonymous_4)
FN:160,(anonymous_5)
FN:167,(anonymous_6)
FN:194,(anonymous_7)
FN:210,(anonymous_8)
FN:235,(anonymous_9)
FN:274,(anonymous_10)
FN:316,(anonymous_11)
FN:363,(anonymous_12)
FN:374,(anonymous_13)
FN:380,(anonymous_14)
FN:401,(anonymous_15)
FN:425,(anonymous_16)
FN:437,(anonymous_17)
FN:475,(anonymous_18)
FN:493,(anonymous_19)
FN:494,(anonymous_20)
FN:515,(anonymous_21)
FN:526,(anonymous_22)
FN:526,(anonymous_23)
FN:534,(anonymous_24)
FN:537,(anonymous_25)
FN:543,(anonymous_26)
FN:544,(anonymous_27)
FN:558,(anonymous_28)
FN:594,(anonymous_29)
FN:616,(anonymous_30)
FN:621,(anonymous_31)
FN:667,(anonymous_32)
FN:683,(anonymous_33)
FN:723,(anonymous_34)
FNF:35
FNH:11
FNDA:2,(anonymous_0)
FNDA:2,(anonymous_1)
FNDA:2,(anonymous_2)
FNDA:1,(anonymous_3)
FNDA:2,(anonymous_4)
FNDA:2,(anonymous_5)
FNDA:1,(anonymous_6)
FNDA:2,(anonymous_7)
FNDA:1,(anonymous_8)
FNDA:2,(anonymous_9)
FNDA:2,(anonymous_10)
FNDA:0,(anonymous_11)
FNDA:0,(anonymous_12)
FNDA:0,(anonymous_13)
FNDA:0,(anonymous_14)
FNDA:0,(anonymous_15)
FNDA:0,(anonymous_16)
FNDA:0,(anonymous_17)
FNDA:0,(anonymous_18)
FNDA:0,(anonymous_19)
FNDA:0,(anonymous_20)
FNDA:0,(anonymous_21)
FNDA:0,(anonymous_22)
FNDA:0,(anonymous_23)
FNDA:0,(anonymous_24)
FNDA:0,(anonymous_25)
FNDA:0,(anonymous_26)
FNDA:0,(anonymous_27)
FNDA:0,(anonymous_28)
FNDA:0,(anonymous_29)
FNDA:0,(anonymous_30)
FNDA:0,(anonymous_31)
FNDA:0,(anonymous_32)
FNDA:0,(anonymous_33)
FNDA:0,(anonymous_34)
DA:23,3
DA:24,3
DA:25,3
DA:26,3
DA:28,3
DA:30,3
DA:42,3
DA:43,2
DA:45,2
DA:47,2
DA:49,1
DA:52,1
DA:53,2
DA:54,2
DA:55,2
DA:56,2
DA:58,2
DA:59,2
DA:61,2
DA:62,0
DA:68,1
DA:71,1
DA:72,1
DA:81,3
DA:82,2
DA:84,2
DA:86,2
DA:89,2
DA:92,2
DA:97,2
DA:99,1
DA:101,1
DA:103,1
DA:104,1
DA:107,1
DA:109,1
DA:110,1
DA:112,1
DA:114,1
DA:117,1
DA:120,1
DA:121,1
DA:128,3
DA:130,2
DA:132,2
DA:135,2
DA:137,2
DA:140,2
DA:142,2
DA:144,1
DA:146,1
DA:148,1
DA:152,1
DA:153,1
DA:160,3
DA:161,2
DA:163,2
DA:165,2
DA:167,1
DA:168,1
DA:169,1
DA:170,1
DA:171,1
DA:173,1
DA:174,1
DA:176,1
DA:177,0
DA:182,1
DA:185,1
DA:186,1
DA:194,3
DA:195,2
DA:197,2
DA:200,2
DA:203,2
DA:208,2
DA:210,1
DA:211,1
DA:212,1
DA:213,1
DA:214,1
DA:216,1
DA:217,1
DA:219,1
DA:221,1
DA:224,1
DA:227,1
DA:228,1
DA:235,3
DA:237,2
DA:239,2
DA:242,2
DA:244,2
DA:247,2
DA:249,2
DA:251,1
DA:252,1
DA:253,1
DA:254,1
DA:256,1
DA:257,1
DA:259,1
DA:261,1
DA:265,1
DA:266,1
DA:274,3
DA:275,2
DA:276,2
DA:277,2
DA:279,2
DA:281,2
DA:282,2
DA:283,2
DA:284,2
DA:286,2
DA:287,0
DA:288,0
DA:289,2
DA:290,0
DA:291,0
DA:292,0
DA:293,0
DA:294,2
DA:295,0
DA:297,0
DA:298,0
DA:300,0
DA:301,0
DA:303,0
DA:304,0
DA:306,2
DA:307,2
DA:316,3
DA:317,0
DA:319,0
DA:321,0
DA:323,0
DA:324,0
DA:326,0
DA:328,0
DA:330,0
DA:332,0
DA:334,0
DA:335,0
DA:337,0
DA:338,0
DA:341,0
DA:342,0
DA:343,0
DA:346,0
DA:348,0
DA:349,0
DA:353,0
DA:354,0
DA:355,0
DA:358,0
DA:362,0
DA:363,0
DA:364,0
DA:366,0
DA:367,0
DA:368,0
DA:369,0
DA:370,0
DA:371,0
DA:374,0
DA:375,0
DA:380,0
DA:381,0
DA:385,0
DA:387,0
DA:389,0
DA:390,0
DA:401,3
DA:403,0
DA:404,0
DA:405,0
DA:407,0
DA:408,0
DA:410,0
DA:412,0
DA:413,0
DA:414,0
DA:415,0
DA:425,3
DA:426,0
DA:427,0
DA:428,0
DA:429,0
DA:437,3
DA:438,0
DA:440,0
DA:442,0
DA:443,0
DA:445,0
DA:446,0
DA:449,0
DA:450,0
DA:453,0
DA:454,0
DA:455,0
DA:457,0
DA:459,0
DA:460,0
DA:463,0
DA:475,3
DA:476,0
DA:477,0
DA:478,0
DA:479,0
DA:489,0
DA:490,0
DA:491,0
DA:493,0
DA:494,0
DA:495,0
DA:496,0
DA:498,0
DA:502,0
DA:504,0
DA:505,0
DA:515,3
DA:516,0
DA:526,0
DA:534,3
DA:535,0
DA:536,0
DA:537,0
DA:538,0
DA:540,0
DA:543,3
DA:544,0
DA:545,0
DA:546,0
DA:548,0
DA:549,0
DA:558,3
DA:559,0
DA:560,0
DA:562,0
DA:563,0
DA:564,0
DA:566,0
DA:567,0
DA:569,0
DA:570,0
DA:571,0
DA:573,0
DA:576,0
DA:577,0
DA:580,0
DA:581,0
DA:594,3
DA:595,0
DA:597,0
DA:598,0
DA:600,0
DA:601,0
DA:602,0
DA:603,0
DA:604,0
DA:605,0
DA:606,0
DA:610,0
DA:611,0
DA:614,0
DA:616,0
DA:617,0
DA:621,3
DA:622,0
DA:625,0
DA:628,0
DA:630,0
DA:631,0
DA:637,0
DA:638,0
DA:639,0
DA:641,0
DA:642,0
DA:643,0
DA:647,0
DA:649,0
DA:651,0
DA:652,0
DA:655,0
DA:658,0
DA:661,0
DA:663,0
DA:666,0
DA:667,0
DA:670,0
DA:672,0
DA:673,0
DA:675,0
DA:678,0
DA:679,0
DA:683,3
DA:684,0
DA:686,0
DA:689,0
DA:692,0
DA:694,0
DA:695,0
DA:700,0
DA:701,0
DA:703,0
DA:704,0
DA:708,0
DA:710,0
DA:712,0
DA:714,0
DA:718,0
DA:719,0
DA:723,3
DA:724,0
DA:726,0
DA:729,0
DA:735,0
DA:736,0
DA:737,0
DA:739,0
DA:740,0
DA:741,0
DA:745,0
DA:747,0
DA:750,0
DA:751,0
DA:755,0
DA:759,0
DA:761,0
DA:764,0
LF:331
LH:130
BRDA:61,0,0,0
BRDA:61,0,1,2
BRDA:176,1,0,0
BRDA:176,1,1,1
BRDA:286,2,0,0
BRDA:286,2,1,2
BRDA:289,3,0,0
BRDA:289,3,1,2
BRDA:294,4,0,0
BRDA:294,4,1,2
BRDA:324,5,0,0
BRDA:324,5,1,0
BRDA:330,6,0,0
BRDA:330,6,1,0
BRDA:330,7,0,0
BRDA:330,7,1,0
BRDA:330,7,2,0
BRDA:332,8,0,0
BRDA:332,8,1,0
BRDA:341,9,0,0
BRDA:341,9,1,0
BRDA:346,10,0,0
BRDA:346,10,1,0
BRDA:362,11,0,0
BRDA:362,11,1,0
BRDA:366,12,0,0
BRDA:366,12,1,0
BRDA:366,13,0,0
BRDA:366,13,1,0
BRDA:369,14,0,0
BRDA:369,14,1,0
BRDA:407,15,0,0
BRDA:407,15,1,0
BRDA:412,16,0,0
BRDA:412,16,1,0
BRDA:412,17,0,0
BRDA:412,17,1,0
BRDA:445,18,0,0
BRDA:445,18,1,0
BRDA:449,19,0,0
BRDA:449,19,1,0
BRDA:453,20,0,0
BRDA:453,20,1,0
BRDA:453,21,0,0
BRDA:453,21,1,0
BRDA:495,22,0,0
BRDA:495,22,1,0
BRDA:526,23,0,0
BRDA:526,23,1,0
BRDA:562,24,0,0
BRDA:562,24,1,0
BRDA:569,25,0,0
BRDA:569,25,1,0
BRDA:601,26,0,0
BRDA:601,26,1,0
BRDA:605,27,0,0
BRDA:605,27,1,0
BRDA:605,28,0,0
BRDA:605,28,1,0
BRDA:605,28,2,0
BRDA:637,29,0,0
BRDA:637,29,1,0
BRDA:641,30,0,0
BRDA:641,30,1,0
BRDA:651,31,0,0
BRDA:651,31,1,0
BRDA:667,32,0,0
BRDA:667,32,1,0
BRDA:700,33,0,0
BRDA:700,33,1,0
BRDA:703,34,0,0
BRDA:703,34,1,0
BRDA:735,35,0,0
BRDA:735,35,1,0
BRDA:739,36,0,0
BRDA:739,36,1,0
BRDA:750,37,0,0
BRDA:750,37,1,0
BRF:78
BRH:5
end_of_record
TN:
SF:controllers/spottedPetController.js
FN:21,(anonymous_0)
FNF:1
FNH:1
FNDA:6,(anonymous_0)
DA:14,3
DA:15,3
DA:16,3
DA:21,3
DA:22,6
DA:23,6
DA:24,6
DA:27,6
DA:28,1
DA:31,5
DA:32,5
DA:34,5
DA:35,1
DA:38,4
DA:41,4
DA:48,1
DA:51,3
DA:52,3
DA:55,3
DA:56,3
DA:60,3
DA:61,3
DA:62,3
DA:65,3
DA:68,2
DA:69,2
DA:70,2
DA:73,2
DA:91,2
DA:93,2
DA:99,4
DA:100,4
LF:32
LH:32
BRDA:27,0,0,1
BRDA:27,0,1,5
BRDA:34,1,0,1
BRDA:34,1,1,4
BRDA:41,2,0,1
BRDA:41,2,1,3
BRDA:42,3,0,4
BRDA:42,3,1,4
BRDA:42,3,2,4
BRDA:42,3,3,3
BRDA:42,3,4,3
BRDA:87,4,0,2
BRDA:87,4,1,1
BRF:13
BRH:13
end_of_record
TN:
SF:models/account.js
FN:7,(anonymous_0)
FNF:1
FNH:1
FNDA:7,(anonymous_0)
DA:9,7
DA:12,7
DA:15,7
DA:18,7
LF:4
LH:4
BRF:0
BRH:0
end_of_record
TN:
SF:models/lostPet.js
FN:7,(anonymous_0)
FNF:1
FNH:1
FNDA:2,(anonymous_0)
DA:29,2
DA:32,2
DA:35,2
DA:38,2
DA:41,2
DA:44,2
DA:47,2
DA:50,2
DA:53,2
DA:56,2
DA:59,2
DA:62,2
DA:65,2
DA:68,2
DA:71,2
DA:74,2
DA:77,2
DA:80,2
DA:83,2
LF:19
LH:19
BRF:0
BRH:0
end_of_record
TN:
SF:models/messages.js
FN:8,(anonymous_0)
FNF:1
FNH:1
FNDA:2,(anonymous_0)
DA:18,2
DA:21,2
DA:24,2
DA:27,2
DA:30,2
DA:33,2
DA:36,2
LF:7
LH:7
BRF:0
BRH:0
end_of_record
TN:
SF:models/messagingThread.js
FN:8,(anonymous_0)
FNF:1
FNH:1
FNDA:2,(anonymous_0)
DA:16,2
DA:19,2
DA:22,2
DA:25,2
DA:28,2
LF:5
LH:5
BRF:0
BRH:0
end_of_record
TN:
SF:models/spottedPet.js
FN:7,(anonymous_0)
FNF:1
FNH:1
FNDA:2,(anonymous_0)
DA:25,2
DA:28,2
DA:31,2
DA:34,2
DA:37,2
DA:40,2
DA:43,2
DA:46,2
DA:49,2
DA:52,2
DA:55,2
DA:58,2
DA:61,2
DA:64,2
DA:67,2
LF:15
LH:15
BRF:0
BRH:0
end_of_record
TN:
SF:routes/accountRoute.js
FNF:0
FNH:0
DA:3,2
DA:27,2
DA:51,2
DA:79,2
DA:109,2
DA:141,2
DA:160,2
DA:190,2
DA:207,2
LF:9
LH:9
BRF:0
BRH:0
end_of_record
TN:
SF:routes/lostPetRoute.js
FNF:0
FNH:0
DA:7,2
DA:34,2
LF:2
LH:2
BRF:0
BRH:0
end_of_record
TN:
SF:routes/messageRoute.js
FNF:0
FNH:0
DA:3,2
DA:7,2
DA:8,2
DA:9,2
DA:10,2
DA:11,2
DA:12,2
DA:13,2
DA:14,2
LF:9
LH:9
BRF:0
BRH:0
end_of_record
TN:
SF:routes/otpRoute.js
FNF:0
FNH:0
DA:3,2
DA:30,2
DA:54,2
LF:3
LH:3
BRF:0
BRH:0
end_of_record
TN:
SF:routes/postsRoute.js
FNF:0
FNH:0
DA:18,2
DA:60,2
DA:102,2
DA:149,2
DA:196,2
DA:241,2
DA:286,2
DA:340,2
DA:389,2
DA:391,2
DA:393,2
LF:11
LH:11
BRF:0
BRH:0
end_of_record
TN:
SF:routes/spottedPetRoute.js
FNF:0
FNH:0
DA:6,2
DA:32,2
LF:2
LH:2
BRF:0
BRH:0
end_of_record
TN:
SF:util/locationUtil.js
FN:6,(anonymous_0)
FN:41,(anonymous_1)
FNF:2
FNH:2
FNDA:3,(anonymous_0)
FNDA:3,(anonymous_1)
DA:6,3
DA:7,3
DA:8,3
DA:9,3
DA:11,3
DA:12,3
DA:14,3
DA:15,2
DA:16,2
DA:19,2
DA:20,2
DA:21,1
DA:22,1
DA:23,1
DA:26,2
DA:28,1
DA:31,1
DA:32,1
DA:41,3
DA:42,3
DA:44,3
DA:45,3
DA:46,3
DA:48,3
DA:49,2
DA:50,2
DA:51,2
DA:53,1
DA:56,1
DA:57,1
LF:30
LH:30
BRDA:14,0,0,2
BRDA:14,0,1,1
BRDA:21,1,0,1
BRDA:21,1,1,0
BRDA:48,2,0,2
BRDA:48,2,1,1
BRDA:51,3,0,2
BRDA:51,3,1,1
BRF:8
BRH:7
end_of_record
