<?xml version="1.0" encoding="UTF-8"?>
<coverage generated="1726739054230" clover="3.2.0">
  <project timestamp="1726739054230" name="All files">
    <metrics statements="398" coveredstatements="182" conditionals="163" coveredconditionals="65" methods="82" coveredmethods="32" elements="643" coveredelements="279" complexity="0" loc="398" ncloc="398" packages="6" files="24" classes="24"/>
    <package name="api">
      <metrics statements="102" coveredstatements="17" conditionals="10" coveredconditionals="0" methods="10" coveredmethods="1"/>
      <file name="accountApi.js" path="/Users/sadbacon/Downloads/PF-RedBack/src/client/PFRedback/api/accountApi.js">
        <metrics statements="23" coveredstatements="3" conditionals="0" coveredconditionals="0" methods="2" coveredmethods="0"/>
        <line num="3" count="1" type="stmt"/>
        <line num="5" count="1" type="stmt"/>
        <line num="6" count="0" type="stmt"/>
        <line num="7" count="0" type="stmt"/>
        <line num="8" count="0" type="stmt"/>
        <line num="9" count="0" type="stmt"/>
        <line num="11" count="0" type="stmt"/>
        <line num="13" count="0" type="stmt"/>
        <line num="14" count="0" type="stmt"/>
        <line num="16" count="0" type="stmt"/>
        <line num="17" count="0" type="stmt"/>
        <line num="19" count="0" type="stmt"/>
        <line num="21" count="0" type="stmt"/>
        <line num="25" count="1" type="stmt"/>
        <line num="26" count="0" type="stmt"/>
        <line num="27" count="0" type="stmt"/>
        <line num="28" count="0" type="stmt"/>
        <line num="30" count="0" type="stmt"/>
        <line num="38" count="0" type="stmt"/>
        <line num="40" count="0" type="stmt"/>
        <line num="42" count="0" type="stmt"/>
        <line num="43" count="0" type="stmt"/>
        <line num="45" count="0" type="stmt"/>
      </file>
      <file name="items.js" path="/Users/sadbacon/Downloads/PF-RedBack/src/client/PFRedback/api/items.js">
        <metrics statements="37" coveredstatements="9" conditionals="0" coveredconditionals="0" methods="4" coveredmethods="1"/>
        <line num="5" count="1" type="stmt"/>
        <line num="7" count="1" type="stmt"/>
        <line num="8" count="0" type="stmt"/>
        <line num="9" count="0" type="stmt"/>
        <line num="10" count="0" type="stmt"/>
        <line num="11" count="0" type="stmt"/>
        <line num="13" count="0" type="stmt"/>
        <line num="14" count="0" type="stmt"/>
        <line num="16" count="0" type="stmt"/>
        <line num="17" count="0" type="stmt"/>
        <line num="19" count="0" type="stmt"/>
        <line num="21" count="0" type="stmt"/>
        <line num="25" count="1" type="stmt"/>
        <line num="26" count="0" type="stmt"/>
        <line num="27" count="0" type="stmt"/>
        <line num="28" count="0" type="stmt"/>
        <line num="29" count="0" type="stmt"/>
        <line num="31" count="0" type="stmt"/>
        <line num="32" count="0" type="stmt"/>
        <line num="34" count="0" type="stmt"/>
        <line num="35" count="0" type="stmt"/>
        <line num="37" count="0" type="stmt"/>
        <line num="38" count="0" type="stmt"/>
        <line num="41" count="0" type="stmt"/>
        <line num="43" count="0" type="stmt"/>
        <line num="47" count="1" type="stmt"/>
        <line num="48" count="1" type="stmt"/>
        <line num="49" count="1" type="stmt"/>
        <line num="50" count="1" type="stmt"/>
        <line num="51" count="1" type="stmt"/>
        <line num="53" count="1" type="stmt"/>
        <line num="54" count="0" type="stmt"/>
        <line num="56" count="0" type="stmt"/>
        <line num="57" count="0" type="stmt"/>
        <line num="58" count="0" type="stmt"/>
        <line num="60" count="0" type="stmt"/>
        <line num="62" count="0" type="stmt"/>
      </file>
      <file name="locations.js" path="/Users/sadbacon/Downloads/PF-RedBack/src/client/PFRedback/api/locations.js">
        <metrics statements="34" coveredstatements="4" conditionals="8" coveredconditionals="0" methods="3" coveredmethods="0"/>
        <line num="6" count="2" type="stmt"/>
        <line num="7" count="0" type="stmt"/>
        <line num="9" count="0" type="stmt"/>
        <line num="10" count="0" type="stmt"/>
        <line num="11" count="0" type="stmt"/>
        <line num="13" count="0" type="cond" truecount="0" falsecount="2"/>
        <line num="14" count="0" type="stmt"/>
        <line num="15" count="0" type="stmt"/>
        <line num="16" count="0" type="cond" truecount="0" falsecount="2"/>
        <line num="18" count="0" type="stmt"/>
        <line num="21" count="0" type="stmt"/>
        <line num="25" count="2" type="stmt"/>
        <line num="26" count="0" type="stmt"/>
        <line num="27" count="0" type="stmt"/>
        <line num="28" count="0" type="stmt"/>
        <line num="30" count="0" type="cond" truecount="0" falsecount="2"/>
        <line num="31" count="0" type="stmt"/>
        <line num="32" count="0" type="stmt"/>
        <line num="34" count="0" type="stmt"/>
        <line num="37" count="0" type="stmt"/>
        <line num="41" count="2" type="stmt"/>
        <line num="57" count="2" type="stmt"/>
        <line num="58" count="0" type="stmt"/>
        <line num="59" count="0" type="stmt"/>
        <line num="60" count="0" type="stmt"/>
        <line num="62" count="0" type="stmt"/>
        <line num="63" count="0" type="stmt"/>
        <line num="64" count="0" type="stmt"/>
        <line num="65" count="0" type="stmt"/>
        <line num="66" count="0" type="cond" truecount="0" falsecount="2"/>
        <line num="68" count="0" type="stmt"/>
        <line num="69" count="0" type="stmt"/>
        <line num="70" count="0" type="stmt"/>
        <line num="71" count="0" type="stmt"/>
      </file>
      <file name="permission.js" path="/Users/sadbacon/Downloads/PF-RedBack/src/client/PFRedback/api/permission.js">
        <metrics statements="8" coveredstatements="1" conditionals="2" coveredconditionals="0" methods="1" coveredmethods="0"/>
        <line num="5" count="2" type="stmt"/>
        <line num="6" count="0" type="stmt"/>
        <line num="7" count="0" type="stmt"/>
        <line num="8" count="0" type="cond" truecount="0" falsecount="2"/>
        <line num="9" count="0" type="stmt"/>
        <line num="11" count="0" type="stmt"/>
        <line num="13" count="0" type="stmt"/>
        <line num="15" count="0" type="stmt"/>
      </file>
    </package>
    <package name="app">
      <metrics statements="26" coveredstatements="22" conditionals="7" coveredconditionals="1" methods="15" coveredmethods="10"/>
      <file name="settings.jsx" path="/Users/sadbacon/Downloads/PF-RedBack/src/client/PFRedback/app/settings.jsx">
        <metrics statements="17" coveredstatements="13" conditionals="0" coveredconditionals="0" methods="11" coveredmethods="7"/>
        <line num="5" count="1" type="stmt"/>
        <line num="6" count="13" type="stmt"/>
        <line num="7" count="13" type="stmt"/>
        <line num="8" count="13" type="stmt"/>
        <line num="10" count="13" type="stmt"/>
        <line num="11" count="1" type="stmt"/>
        <line num="17" count="0" type="stmt"/>
        <line num="21" count="0" type="stmt"/>
        <line num="27" count="13" type="stmt"/>
        <line num="28" count="1" type="stmt"/>
        <line num="34" count="0" type="stmt"/>
        <line num="38" count="0" type="stmt"/>
        <line num="44" count="13" type="stmt"/>
        <line num="54" count="2" type="stmt"/>
        <line num="69" count="2" type="stmt"/>
        <line num="79" count="2" type="stmt"/>
        <line num="101" count="1" type="stmt"/>
      </file>
      <file name="view-post.jsx" path="/Users/sadbacon/Downloads/PF-RedBack/src/client/PFRedback/app/view-post.jsx">
        <metrics statements="9" coveredstatements="9" conditionals="7" coveredconditionals="1" methods="4" coveredmethods="3"/>
        <line num="12" count="1" type="stmt"/>
        <line num="14" count="1" type="stmt"/>
        <line num="16" count="1" type="stmt"/>
        <line num="17" count="1" type="stmt"/>
        <line num="19" count="1" type="stmt"/>
        <line num="20" count="1" type="stmt"/>
        <line num="21" count="1" type="stmt"/>
        <line num="25" count="1" type="stmt"/>
        <line num="27" count="1" type="stmt"/>
      </file>
    </package>
    <package name="app.(auth)">
      <metrics statements="144" coveredstatements="111" conditionals="44" coveredconditionals="24" methods="24" coveredmethods="16"/>
      <file name="login.jsx" path="/Users/sadbacon/Downloads/PF-RedBack/src/client/PFRedback/app/(auth)/login.jsx">
        <metrics statements="38" coveredstatements="38" conditionals="12" coveredconditionals="11" methods="4" coveredmethods="4"/>
        <line num="8" count="1" type="stmt"/>
        <line num="9" count="32" type="stmt"/>
        <line num="13" count="31" type="stmt"/>
        <line num="14" count="31" type="stmt"/>
        <line num="20" count="31" type="stmt"/>
        <line num="21" count="7" type="stmt"/>
        <line num="22" count="7" type="stmt"/>
        <line num="23" count="7" type="stmt"/>
        <line num="24" count="7" type="stmt"/>
        <line num="25" count="7" type="stmt"/>
        <line num="26" count="7" type="stmt"/>
        <line num="35" count="6" type="cond" truecount="2" falsecount="0"/>
        <line num="36" count="1" type="stmt"/>
        <line num="37" count="1" type="stmt"/>
        <line num="38" count="1" type="stmt"/>
        <line num="39" count="1" type="stmt"/>
        <line num="40" count="1" type="stmt"/>
        <line num="42" count="5" type="stmt"/>
        <line num="43" count="5" type="stmt"/>
        <line num="44" count="5" type="stmt"/>
        <line num="45" count="5" type="stmt"/>
        <line num="46" count="5" type="stmt"/>
        <line num="48" count="5" type="cond" truecount="2" falsecount="0"/>
        <line num="49" count="1" type="stmt"/>
        <line num="50" count="4" type="cond" truecount="2" falsecount="0"/>
        <line num="51" count="1" type="stmt"/>
        <line num="52" count="3" type="cond" truecount="2" falsecount="0"/>
        <line num="53" count="1" type="stmt"/>
        <line num="54" count="2" type="cond" truecount="2" falsecount="0"/>
        <line num="55" count="1" type="stmt"/>
        <line num="56" count="1" type="cond" truecount="1" falsecount="1"/>
        <line num="57" count="1" type="stmt"/>
        <line num="61" count="1" type="stmt"/>
        <line num="62" count="1" type="stmt"/>
        <line num="63" count="1" type="stmt"/>
        <line num="67" count="31" type="stmt"/>
        <line num="76" count="5" type="stmt"/>
        <line num="84" count="4" type="stmt"/>
      </file>
      <file name="otp.jsx" path="/Users/sadbacon/Downloads/PF-RedBack/src/client/PFRedback/app/(auth)/otp.jsx">
        <metrics statements="70" coveredstatements="40" conditionals="24" coveredconditionals="6" methods="14" coveredmethods="6"/>
        <line num="7" count="1" type="stmt"/>
        <line num="12" count="8" type="stmt"/>
        <line num="13" count="8" type="stmt"/>
        <line num="14" count="7" type="stmt"/>
        <line num="15" count="7" type="stmt"/>
        <line num="17" count="7" type="stmt"/>
        <line num="18" count="7" type="stmt"/>
        <line num="19" count="7" type="stmt"/>
        <line num="21" count="7" type="stmt"/>
        <line num="28" count="7" type="stmt"/>
        <line num="29" count="0" type="stmt"/>
        <line num="30" count="0" type="stmt"/>
        <line num="31" count="0" type="stmt"/>
        <line num="32" count="0" type="stmt"/>
        <line num="33" count="0" type="stmt"/>
        <line num="42" count="0" type="stmt"/>
        <line num="43" count="0" type="cond" truecount="0" falsecount="2"/>
        <line num="44" count="0" type="stmt"/>
        <line num="45" count="0" type="stmt"/>
        <line num="47" count="0" type="stmt"/>
        <line num="48" count="0" type="stmt"/>
        <line num="50" count="0" type="cond" truecount="0" falsecount="2"/>
        <line num="51" count="0" type="stmt"/>
        <line num="52" count="0" type="cond" truecount="0" falsecount="2"/>
        <line num="53" count="0" type="stmt"/>
        <line num="54" count="0" type="cond" truecount="0" falsecount="2"/>
        <line num="55" count="0" type="stmt"/>
        <line num="56" count="0" type="cond" truecount="0" falsecount="2"/>
        <line num="57" count="0" type="stmt"/>
        <line num="61" count="0" type="stmt"/>
        <line num="68" count="7" type="stmt"/>
        <line num="69" count="7" type="stmt"/>
        <line num="70" count="7" type="stmt"/>
        <line num="71" count="7" type="stmt"/>
        <line num="72" count="7" type="stmt"/>
        <line num="73" count="7" type="stmt"/>
        <line num="81" count="6" type="cond" truecount="2" falsecount="0"/>
        <line num="82" count="1" type="stmt"/>
        <line num="83" count="1" type="stmt"/>
        <line num="85" count="5" type="stmt"/>
        <line num="87" count="5" type="stmt"/>
        <line num="88" count="5" type="stmt"/>
        <line num="89" count="5" type="stmt"/>
        <line num="92" count="1" type="stmt"/>
        <line num="96" count="7" type="stmt"/>
        <line num="97" count="7" type="stmt"/>
        <line num="100" count="7" type="stmt"/>
        <line num="101" count="7" type="stmt"/>
        <line num="109" count="7" type="stmt"/>
        <line num="110" count="7" type="stmt"/>
        <line num="111" count="7" type="stmt"/>
        <line num="112" count="7" type="cond" truecount="1" falsecount="1"/>
        <line num="113" count="7" type="cond" truecount="1" falsecount="1"/>
        <line num="114" count="7" type="stmt"/>
        <line num="117" count="7" type="stmt"/>
        <line num="119" count="7" type="stmt"/>
        <line num="120" count="7" type="stmt"/>
        <line num="121" count="0" type="stmt"/>
        <line num="122" count="0" type="cond" truecount="0" falsecount="2"/>
        <line num="123" count="0" type="stmt"/>
        <line num="124" count="0" type="stmt"/>
        <line num="125" count="0" type="stmt"/>
        <line num="127" count="0" type="stmt"/>
        <line num="130" count="7" type="stmt"/>
        <line num="134" count="7" type="stmt"/>
        <line num="152" count="0" type="stmt"/>
        <line num="153" count="0" type="stmt"/>
        <line num="168" count="0" type="stmt"/>
        <line num="180" count="0" type="cond" truecount="0" falsecount="2"/>
        <line num="198" count="1" type="stmt"/>
      </file>
      <file name="sign-up.jsx" path="/Users/sadbacon/Downloads/PF-RedBack/src/client/PFRedback/app/(auth)/sign-up.jsx">
        <metrics statements="36" coveredstatements="33" conditionals="8" coveredconditionals="7" methods="6" coveredmethods="6"/>
        <line num="15" count="1" type="stmt"/>
        <line num="16" count="23" type="stmt"/>
        <line num="26" count="23" type="stmt"/>
        <line num="33" count="22" type="stmt"/>
        <line num="34" count="22" type="stmt"/>
        <line num="36" count="22" type="stmt"/>
        <line num="37" count="4" type="stmt"/>
        <line num="38" count="4" type="stmt"/>
        <line num="40" count="4" type="stmt"/>
        <line num="41" count="4" type="stmt"/>
        <line num="42" count="4" type="stmt"/>
        <line num="43" count="4" type="stmt"/>
        <line num="45" count="4" type="stmt"/>
        <line num="53" count="4" type="cond" truecount="2" falsecount="0"/>
        <line num="54" count="1" type="stmt"/>
        <line num="55" count="1" type="stmt"/>
        <line num="56" count="1" type="stmt"/>
        <line num="57" count="1" type="stmt"/>
        <line num="61" count="3" type="stmt"/>
        <line num="62" count="3" type="stmt"/>
        <line num="63" count="3" type="stmt"/>
        <line num="64" count="3" type="stmt"/>
        <line num="66" count="3" type="cond" truecount="2" falsecount="0"/>
        <line num="67" count="1" type="stmt"/>
        <line num="68" count="2" type="cond" truecount="2" falsecount="0"/>
        <line num="69" count="1" type="stmt"/>
        <line num="70" count="1" type="cond" truecount="1" falsecount="1"/>
        <line num="71" count="1" type="stmt"/>
        <line num="76" count="0" type="stmt"/>
        <line num="77" count="0" type="stmt"/>
        <line num="78" count="0" type="stmt"/>
        <line num="82" count="22" type="stmt"/>
        <line num="91" count="2" type="stmt"/>
        <line num="101" count="3" type="stmt"/>
        <line num="111" count="2" type="stmt"/>
        <line num="121" count="1" type="stmt"/>
      </file>
    </package>
    <package name="app.(tabs).home">
      <metrics statements="42" coveredstatements="4" conditionals="10" coveredconditionals="0" methods="10" coveredmethods="2"/>
      <file name="lost.jsx" path="/Users/sadbacon/Downloads/PF-RedBack/src/client/PFRedback/app/(tabs)/home/lost.jsx">
        <metrics statements="21" coveredstatements="2" conditionals="5" coveredconditionals="0" methods="5" coveredmethods="1"/>
        <line num="12" count="1" type="stmt"/>
        <line num="14" count="3" type="stmt"/>
        <line num="15" count="0" type="stmt"/>
        <line num="16" count="0" type="stmt"/>
        <line num="18" count="0" type="stmt"/>
        <line num="21" count="0" type="stmt"/>
        <line num="22" count="0" type="stmt"/>
        <line num="23" count="0" type="cond" truecount="0" falsecount="2"/>
        <line num="24" count="0" type="stmt"/>
        <line num="25" count="0" type="stmt"/>
        <line num="26" count="0" type="stmt"/>
        <line num="28" count="0" type="stmt"/>
        <line num="29" count="0" type="stmt"/>
        <line num="32" count="0" type="stmt"/>
        <line num="35" count="0" type="cond" truecount="0" falsecount="1"/>
        <line num="36" count="0" type="stmt"/>
        <line num="37" count="0" type="stmt"/>
        <line num="38" count="0" type="stmt"/>
        <line num="39" count="0" type="stmt"/>
        <line num="43" count="0" type="stmt"/>
        <line num="89" count="0" type="stmt"/>
      </file>
      <file name="spotted.jsx" path="/Users/sadbacon/Downloads/PF-RedBack/src/client/PFRedback/app/(tabs)/home/spotted.jsx">
        <metrics statements="21" coveredstatements="2" conditionals="5" coveredconditionals="0" methods="5" coveredmethods="1"/>
        <line num="14" count="1" type="stmt"/>
        <line num="15" count="3" type="stmt"/>
        <line num="16" count="0" type="stmt"/>
        <line num="17" count="0" type="stmt"/>
        <line num="19" count="0" type="stmt"/>
        <line num="22" count="0" type="stmt"/>
        <line num="23" count="0" type="stmt"/>
        <line num="24" count="0" type="cond" truecount="0" falsecount="2"/>
        <line num="25" count="0" type="stmt"/>
        <line num="26" count="0" type="stmt"/>
        <line num="27" count="0" type="stmt"/>
        <line num="29" count="0" type="stmt"/>
        <line num="30" count="0" type="stmt"/>
        <line num="33" count="0" type="stmt"/>
        <line num="36" count="0" type="cond" truecount="0" falsecount="1"/>
        <line num="37" count="0" type="stmt"/>
        <line num="38" count="0" type="stmt"/>
        <line num="39" count="0" type="stmt"/>
        <line num="40" count="0" type="stmt"/>
        <line num="43" count="0" type="stmt"/>
        <line num="89" count="0" type="stmt"/>
      </file>
    </package>
    <package name="components">
      <metrics statements="84" coveredstatements="28" conditionals="92" coveredconditionals="40" methods="23" coveredmethods="3"/>
      <file name="1.jpg" path="/Users/sadbacon/Downloads/PF-RedBack/src/client/PFRedback/components/1.jpg">
        <metrics statements="1" coveredstatements="1" conditionals="0" coveredconditionals="0" methods="0" coveredmethods="0"/>
        <line num="1" count="1" type="stmt"/>
      </file>
      <file name="2.jpg" path="/Users/sadbacon/Downloads/PF-RedBack/src/client/PFRedback/components/2.jpg">
        <metrics statements="1" coveredstatements="1" conditionals="0" coveredconditionals="0" methods="0" coveredmethods="0"/>
        <line num="1" count="1" type="stmt"/>
      </file>
      <file name="3.jpeg" path="/Users/sadbacon/Downloads/PF-RedBack/src/client/PFRedback/components/3.jpeg">
        <metrics statements="1" coveredstatements="1" conditionals="0" coveredconditionals="0" methods="0" coveredmethods="0"/>
        <line num="1" count="1" type="stmt"/>
      </file>
      <file name="CustomButton.jsx" path="/Users/sadbacon/Downloads/PF-RedBack/src/client/PFRedback/components/CustomButton.jsx">
        <metrics statements="3" coveredstatements="2" conditionals="10" coveredconditionals="5" methods="2" coveredmethods="1"/>
        <line num="3" count="4" type="stmt"/>
        <line num="13" count="60" type="stmt"/>
        <line num="42" count="0" type="stmt"/>
      </file>
      <file name="DropdownField.jsx" path="/Users/sadbacon/Downloads/PF-RedBack/src/client/PFRedback/components/DropdownField.jsx">
        <metrics statements="5" coveredstatements="3" conditionals="4" coveredconditionals="2" methods="3" coveredmethods="1"/>
        <line num="7" count="1" type="stmt"/>
        <line num="8" count="22" type="stmt"/>
        <line num="10" count="22" type="stmt"/>
        <line num="30" count="0" type="stmt"/>
        <line num="31" count="0" type="stmt"/>
      </file>
      <file name="FormField.jsx" path="/Users/sadbacon/Downloads/PF-RedBack/src/client/PFRedback/components/FormField.jsx">
        <metrics statements="40" coveredstatements="13" conditionals="58" coveredconditionals="33" methods="9" coveredmethods="1"/>
        <line num="10" count="2" type="stmt"/>
        <line num="23" count="128" type="stmt"/>
        <line num="25" count="128" type="stmt"/>
        <line num="26" count="128" type="stmt"/>
        <line num="27" count="128" type="stmt"/>
        <line num="28" count="128" type="cond" truecount="2" falsecount="0"/>
        <line num="29" count="128" type="cond" truecount="2" falsecount="0"/>
        <line num="31" count="128" type="stmt"/>
        <line num="32" count="0" type="cond" truecount="0" falsecount="2"/>
        <line num="33" count="0" type="stmt"/>
        <line num="34" count="0" type="stmt"/>
        <line num="35" count="0" type="stmt"/>
        <line num="36" count="0" type="stmt"/>
        <line num="37" count="0" type="stmt"/>
        <line num="38" count="0" type="cond" truecount="0" falsecount="2"/>
        <line num="39" count="0" type="stmt"/>
        <line num="41" count="0" type="stmt"/>
        <line num="44" count="0" type="stmt"/>
        <line num="47" count="128" type="stmt"/>
        <line num="48" count="0" type="cond" truecount="0" falsecount="2"/>
        <line num="49" count="0" type="stmt"/>
        <line num="50" count="0" type="stmt"/>
        <line num="51" count="0" type="stmt"/>
        <line num="52" count="0" type="stmt"/>
        <line num="53" count="0" type="stmt"/>
        <line num="55" count="0" type="stmt"/>
        <line num="58" count="128" type="stmt"/>
        <line num="59" count="0" type="stmt"/>
        <line num="60" count="0" type="stmt"/>
        <line num="63" count="128" type="stmt"/>
        <line num="66" count="128" type="cond" truecount="1" falsecount="1"/>
        <line num="73" count="128" type="stmt"/>
        <line num="109" count="0" type="stmt"/>
        <line num="110" count="0" type="stmt"/>
        <line num="115" count="0" type="stmt"/>
        <line num="116" count="0" type="cond" truecount="0" falsecount="2"/>
        <line num="117" count="0" type="stmt"/>
        <line num="153" count="0" type="stmt"/>
        <line num="159" count="0" type="stmt"/>
        <line num="165" count="0" type="stmt"/>
      </file>
      <file name="ItemCard.jsx" path="/Users/sadbacon/Downloads/PF-RedBack/src/client/PFRedback/components/ItemCard.jsx">
        <metrics statements="7" coveredstatements="2" conditionals="4" coveredconditionals="0" methods="2" coveredmethods="0"/>
        <line num="7" count="1" type="stmt"/>
        <line num="9" count="1" type="stmt"/>
        <line num="11" count="0" type="stmt"/>
        <line num="12" count="0" type="stmt"/>
        <line num="13" count="0" type="stmt"/>
        <line num="15" count="0" type="stmt"/>
        <line num="18" count="0" type="stmt"/>
      </file>
      <file name="LocationContext.jsx" path="/Users/sadbacon/Downloads/PF-RedBack/src/client/PFRedback/components/LocationContext.jsx">
        <metrics statements="13" coveredstatements="2" conditionals="2" coveredconditionals="0" methods="3" coveredmethods="0"/>
        <line num="4" count="2" type="stmt"/>
        <line num="6" count="2" type="stmt"/>
        <line num="8" count="0" type="stmt"/>
        <line num="12" count="0" type="stmt"/>
        <line num="14" count="0" type="stmt"/>
        <line num="15" count="0" type="stmt"/>
        <line num="16" count="0" type="stmt"/>
        <line num="17" count="0" type="cond" truecount="0" falsecount="2"/>
        <line num="18" count="0" type="stmt"/>
        <line num="19" count="0" type="stmt"/>
        <line num="22" count="0" type="stmt"/>
        <line num="23" count="0" type="stmt"/>
        <line num="28" count="0" type="stmt"/>
      </file>
      <file name="OverlayTag.jsx" path="/Users/sadbacon/Downloads/PF-RedBack/src/client/PFRedback/components/OverlayTag.jsx">
        <metrics statements="3" coveredstatements="1" conditionals="1" coveredconditionals="0" methods="1" coveredmethods="0"/>
        <line num="4" count="2" type="cond" truecount="0" falsecount="1"/>
        <line num="6" count="0" type="stmt"/>
        <line num="8" count="0" type="stmt"/>
      </file>
      <file name="PostCarousel.jsx" path="/Users/sadbacon/Downloads/PF-RedBack/src/client/PFRedback/components/PostCarousel.jsx">
        <metrics statements="10" coveredstatements="2" conditionals="13" coveredconditionals="0" methods="3" coveredmethods="0"/>
        <line num="7" count="1" type="stmt"/>
        <line num="11" count="1" type="stmt"/>
        <line num="32" count="0" type="stmt"/>
        <line num="33" count="0" type="stmt"/>
        <line num="34" count="0" type="stmt"/>
        <line num="35" count="0" type="stmt"/>
        <line num="36" count="0" type="stmt"/>
        <line num="37" count="0" type="cond" truecount="0" falsecount="2"/>
        <line num="48" count="0" type="stmt"/>
        <line num="59" count="0" type="stmt"/>
      </file>
    </package>
    <package name="constants">
      <metrics statements="0" coveredstatements="0" conditionals="0" coveredconditionals="0" methods="0" coveredmethods="0"/>
      <file name="icons.js" path="/Users/sadbacon/Downloads/PF-RedBack/src/client/PFRedback/constants/icons.js">
        <metrics statements="0" coveredstatements="0" conditionals="0" coveredconditionals="0" methods="0" coveredmethods="0"/>
      </file>
      <file name="images.js" path="/Users/sadbacon/Downloads/PF-RedBack/src/client/PFRedback/constants/images.js">
        <metrics statements="0" coveredstatements="0" conditionals="0" coveredconditionals="0" methods="0" coveredmethods="0"/>
      </file>
      <file name="index.js" path="/Users/sadbacon/Downloads/PF-RedBack/src/client/PFRedback/constants/index.js">
        <metrics statements="0" coveredstatements="0" conditionals="0" coveredconditionals="0" methods="0" coveredmethods="0"/>
      </file>
    </package>
  </project>
</coverage>
