{"/Users/sadbacon/Downloads/PF-RedBack/src/client/PFRedback/api/accountApi.js": {"path":"/Users/sadbacon/Downloads/PF-RedBack/src/client/PFRedback/api/accountApi.js","statementMap":{"0":{"start":{"line":3,"column":24},"end":{"line":3,"column":39}},"1":{"start":{"line":5,"column":26},"end":{"line":23,"column":1}},"2":{"start":{"line":6,"column":4},"end":{"line":22,"column":5}},"3":{"start":{"line":7,"column":24},"end":{"line":7,"column":44}},"4":{"start":{"line":8,"column":20},"end":{"line":8,"column":50}},"5":{"start":{"line":9,"column":8},"end":{"line":9,"column":25}},"6":{"start":{"line":11,"column":25},"end":{"line":11,"column":41}},"7":{"start":{"line":13,"column":8},"end":{"line":13,"column":44}},"8":{"start":{"line":14,"column":21},"end":{"line":14,"column":42}},"9":{"start":{"line":16,"column":8},"end":{"line":16,"column":58}},"10":{"start":{"line":17,"column":8},"end":{"line":17,"column":43}},"11":{"start":{"line":19,"column":8},"end":{"line":19,"column":20}},"12":{"start":{"line":21,"column":8},"end":{"line":21,"column":54}},"13":{"start":{"line":25,"column":22},"end":{"line":47,"column":1}},"14":{"start":{"line":26,"column":4},"end":{"line":46,"column":5}},"15":{"start":{"line":27,"column":24},"end":{"line":27,"column":44}},"16":{"start":{"line":28,"column":20},"end":{"line":28,"column":56}},"17":{"start":{"line":30,"column":25},"end":{"line":36,"column":9}},"18":{"start":{"line":38,"column":8},"end":{"line":38,"column":25}},"19":{"start":{"line":40,"column":25},"end":{"line":40,"column":51}},"20":{"start":{"line":42,"column":8},"end":{"line":42,"column":44}},"21":{"start":{"line":43,"column":8},"end":{"line":43,"column":33}},"22":{"start":{"line":45,"column":8},"end":{"line":45,"column":54}}},"fnMap":{"0":{"name":"(anonymous_0)","decl":{"start":{"line":5,"column":26},"end":{"line":5,"column":27}},"loc":{"start":{"line":5,"column":38},"end":{"line":23,"column":1}},"line":5},"1":{"name":"(anonymous_1)","decl":{"start":{"line":25,"column":22},"end":{"line":25,"column":23}},"loc":{"start":{"line":25,"column":34},"end":{"line":47,"column":1}},"line":25}},"branchMap":{},"s":{"0":1,"1":1,"2":0,"3":0,"4":0,"5":0,"6":0,"7":0,"8":0,"9":0,"10":0,"11":0,"12":0,"13":1,"14":0,"15":0,"16":0,"17":0,"18":0,"19":0,"20":0,"21":0,"22":0},"f":{"0":0,"1":0},"b":{},"_coverageSchema":"1a1c01bbd47fc00a2c39e90264f33305004495a9","hash":"728326ee51e1a25d9026551b35e66b4c83223735"}
,"/Users/sadbacon/Downloads/PF-RedBack/src/client/PFRedback/api/items.js": {"path":"/Users/sadbacon/Downloads/PF-RedBack/src/client/PFRedback/api/items.js","statementMap":{"0":{"start":{"line":5,"column":22},"end":{"line":5,"column":35}},"1":{"start":{"line":7,"column":20},"end":{"line":23,"column":1}},"2":{"start":{"line":8,"column":4},"end":{"line":22,"column":5}},"3":{"start":{"line":9,"column":24},"end":{"line":9,"column":44}},"4":{"start":{"line":10,"column":20},"end":{"line":10,"column":59}},"5":{"start":{"line":11,"column":8},"end":{"line":11,"column":25}},"6":{"start":{"line":13,"column":25},"end":{"line":13,"column":41}},"7":{"start":{"line":14,"column":21},"end":{"line":14,"column":42}},"8":{"start":{"line":16,"column":8},"end":{"line":16,"column":58}},"9":{"start":{"line":17,"column":8},"end":{"line":17,"column":43}},"10":{"start":{"line":19,"column":8},"end":{"line":19,"column":20}},"11":{"start":{"line":21,"column":8},"end":{"line":21,"column":54}},"12":{"start":{"line":25,"column":21},"end":{"line":45,"column":1}},"13":{"start":{"line":26,"column":4},"end":{"line":44,"column":5}},"14":{"start":{"line":27,"column":24},"end":{"line":27,"column":44}},"15":{"start":{"line":28,"column":20},"end":{"line":28,"column":62}},"16":{"start":{"line":29,"column":8},"end":{"line":29,"column":25}},"17":{"start":{"line":31,"column":25},"end":{"line":31,"column":41}},"18":{"start":{"line":32,"column":21},"end":{"line":32,"column":42}},"19":{"start":{"line":34,"column":8},"end":{"line":34,"column":58}},"20":{"start":{"line":35,"column":8},"end":{"line":35,"column":43}},"21":{"start":{"line":37,"column":8},"end":{"line":39,"column":11}},"22":{"start":{"line":38,"column":12},"end":{"line":38,"column":34}},"23":{"start":{"line":41,"column":8},"end":{"line":41,"column":20}},"24":{"start":{"line":43,"column":8},"end":{"line":43,"column":54}},"25":{"start":{"line":47,"column":20},"end":{"line":64,"column":1}},"26":{"start":{"line":48,"column":4},"end":{"line":63,"column":5}},"27":{"start":{"line":49,"column":24},"end":{"line":49,"column":44}},"28":{"start":{"line":50,"column":20},"end":{"line":50,"column":70}},"29":{"start":{"line":51,"column":8},"end":{"line":51,"column":24}},"30":{"start":{"line":53,"column":25},"end":{"line":53,"column":41}},"31":{"start":{"line":54,"column":21},"end":{"line":54,"column":42}},"32":{"start":{"line":56,"column":8},"end":{"line":56,"column":61}},"33":{"start":{"line":57,"column":8},"end":{"line":57,"column":40}},"34":{"start":{"line":58,"column":8},"end":{"line":58,"column":46}},"35":{"start":{"line":60,"column":8},"end":{"line":60,"column":20}},"36":{"start":{"line":62,"column":8},"end":{"line":62,"column":54}}},"fnMap":{"0":{"name":"(anonymous_0)","decl":{"start":{"line":7,"column":20},"end":{"line":7,"column":21}},"loc":{"start":{"line":7,"column":36},"end":{"line":23,"column":1}},"line":7},"1":{"name":"(anonymous_1)","decl":{"start":{"line":25,"column":21},"end":{"line":25,"column":22}},"loc":{"start":{"line":25,"column":42},"end":{"line":45,"column":1}},"line":25},"2":{"name":"(anonymous_2)","decl":{"start":{"line":37,"column":21},"end":{"line":37,"column":22}},"loc":{"start":{"line":37,"column":32},"end":{"line":39,"column":9}},"line":37},"3":{"name":"(anonymous_3)","decl":{"start":{"line":47,"column":20},"end":{"line":47,"column":21}},"loc":{"start":{"line":47,"column":44},"end":{"line":64,"column":1}},"line":47}},"branchMap":{},"s":{"0":1,"1":1,"2":0,"3":0,"4":0,"5":0,"6":0,"7":0,"8":0,"9":0,"10":0,"11":0,"12":1,"13":0,"14":0,"15":0,"16":0,"17":0,"18":0,"19":0,"20":0,"21":0,"22":0,"23":0,"24":0,"25":1,"26":1,"27":1,"28":1,"29":1,"30":1,"31":0,"32":0,"33":0,"34":0,"35":0,"36":0},"f":{"0":0,"1":0,"2":0,"3":1},"b":{},"_coverageSchema":"1a1c01bbd47fc00a2c39e90264f33305004495a9","hash":"53f2b5b0b824a733389e87722ba56acb030d935a"}
,"/Users/sadbacon/Downloads/PF-RedBack/src/client/PFRedback/api/locations.js": {"path":"/Users/sadbacon/Downloads/PF-RedBack/src/client/PFRedback/api/locations.js","statementMap":{"0":{"start":{"line":6,"column":34},"end":{"line":23,"column":1}},"1":{"start":{"line":7,"column":23},"end":{"line":7,"column":29}},"2":{"start":{"line":9,"column":4},"end":{"line":22,"column":5}},"3":{"start":{"line":10,"column":25},"end":{"line":10,"column":164}},"4":{"start":{"line":11,"column":21},"end":{"line":11,"column":42}},"5":{"start":{"line":13,"column":8},"end":{"line":19,"column":9}},"6":{"start":{"line":14,"column":28},"end":{"line":14,"column":61}},"7":{"start":{"line":15,"column":12},"end":{"line":15,"column":61}},"8":{"start":{"line":16,"column":12},"end":{"line":16,"column":49}},"9":{"start":{"line":18,"column":12},"end":{"line":18,"column":66}},"10":{"start":{"line":21,"column":8},"end":{"line":21,"column":72}},"11":{"start":{"line":25,"column":34},"end":{"line":39,"column":1}},"12":{"start":{"line":26,"column":4},"end":{"line":38,"column":5}},"13":{"start":{"line":27,"column":25},"end":{"line":27,"column":189}},"14":{"start":{"line":28,"column":21},"end":{"line":28,"column":42}},"15":{"start":{"line":30,"column":8},"end":{"line":35,"column":9}},"16":{"start":{"line":31,"column":33},"end":{"line":31,"column":66}},"17":{"start":{"line":32,"column":12},"end":{"line":32,"column":29}},"18":{"start":{"line":34,"column":12},"end":{"line":34,"column":74}},"19":{"start":{"line":37,"column":8},"end":{"line":37,"column":72}},"20":{"start":{"line":41,"column":25},"end":{"line":50,"column":1}},"21":{"start":{"line":57,"column":27},"end":{"line":73,"column":1}},"22":{"start":{"line":58,"column":21},"end":{"line":58,"column":36}},"23":{"start":{"line":59,"column":20},"end":{"line":59,"column":40}},"24":{"start":{"line":60,"column":16},"end":{"line":60,"column":39}},"25":{"start":{"line":62,"column":21},"end":{"line":62,"column":37}},"26":{"start":{"line":63,"column":17},"end":{"line":63,"column":38}},"27":{"start":{"line":64,"column":18},"end":{"line":64,"column":28}},"28":{"start":{"line":65,"column":4},"end":{"line":65,"column":21}},"29":{"start":{"line":66,"column":28},"end":{"line":66,"column":78}},"30":{"start":{"line":68,"column":4},"end":{"line":68,"column":32}},"31":{"start":{"line":69,"column":20},"end":{"line":69,"column":68}},"32":{"start":{"line":70,"column":4},"end":{"line":70,"column":24}},"33":{"start":{"line":71,"column":4},"end":{"line":71,"column":18}}},"fnMap":{"0":{"name":"(anonymous_0)","decl":{"start":{"line":6,"column":34},"end":{"line":6,"column":35}},"loc":{"start":{"line":6,"column":52},"end":{"line":23,"column":1}},"line":6},"1":{"name":"(anonymous_1)","decl":{"start":{"line":25,"column":34},"end":{"line":25,"column":35}},"loc":{"start":{"line":25,"column":60},"end":{"line":39,"column":1}},"line":25},"2":{"name":"(anonymous_2)","decl":{"start":{"line":57,"column":27},"end":{"line":57,"column":28}},"loc":{"start":{"line":57,"column":39},"end":{"line":73,"column":1}},"line":57}},"branchMap":{"0":{"loc":{"start":{"line":13,"column":8},"end":{"line":19,"column":9}},"type":"if","locations":[{"start":{"line":13,"column":8},"end":{"line":19,"column":9}},{"start":{"line":17,"column":15},"end":{"line":19,"column":9}}],"line":13},"1":{"loc":{"start":{"line":16,"column":19},"end":{"line":16,"column":49}},"type":"binary-expr","locations":[{"start":{"line":16,"column":19},"end":{"line":16,"column":26}},{"start":{"line":16,"column":30},"end":{"line":16,"column":49}}],"line":16},"2":{"loc":{"start":{"line":30,"column":8},"end":{"line":35,"column":9}},"type":"if","locations":[{"start":{"line":30,"column":8},"end":{"line":35,"column":9}},{"start":{"line":33,"column":15},"end":{"line":35,"column":9}}],"line":30},"3":{"loc":{"start":{"line":66,"column":28},"end":{"line":66,"column":78}},"type":"binary-expr","locations":[{"start":{"line":66,"column":28},"end":{"line":66,"column":51}},{"start":{"line":66,"column":55},"end":{"line":66,"column":78}}],"line":66}},"s":{"0":2,"1":0,"2":0,"3":0,"4":0,"5":0,"6":0,"7":0,"8":0,"9":0,"10":0,"11":2,"12":0,"13":0,"14":0,"15":0,"16":0,"17":0,"18":0,"19":0,"20":2,"21":2,"22":0,"23":0,"24":0,"25":0,"26":0,"27":0,"28":0,"29":0,"30":0,"31":0,"32":0,"33":0},"f":{"0":0,"1":0,"2":0},"b":{"0":[0,0],"1":[0,0],"2":[0,0],"3":[0,0]},"_coverageSchema":"1a1c01bbd47fc00a2c39e90264f33305004495a9","hash":"a8724c821cd338ad00ec9f4fb96ef2522429703c"}
,"/Users/sadbacon/Downloads/PF-RedBack/src/client/PFRedback/api/permission.js": {"path":"/Users/sadbacon/Downloads/PF-RedBack/src/client/PFRedback/api/permission.js","statementMap":{"0":{"start":{"line":5,"column":30},"end":{"line":17,"column":1}},"1":{"start":{"line":6,"column":4},"end":{"line":16,"column":5}},"2":{"start":{"line":7,"column":25},"end":{"line":7,"column":75}},"3":{"start":{"line":8,"column":8},"end":{"line":10,"column":9}},"4":{"start":{"line":9,"column":12},"end":{"line":9,"column":72}},"5":{"start":{"line":11,"column":23},"end":{"line":11,"column":65}},"6":{"start":{"line":13,"column":8},"end":{"line":13,"column":25}},"7":{"start":{"line":15,"column":8},"end":{"line":15,"column":47}}},"fnMap":{"0":{"name":"(anonymous_0)","decl":{"start":{"line":5,"column":30},"end":{"line":5,"column":31}},"loc":{"start":{"line":5,"column":42},"end":{"line":17,"column":1}},"line":5}},"branchMap":{"0":{"loc":{"start":{"line":8,"column":8},"end":{"line":10,"column":9}},"type":"if","locations":[{"start":{"line":8,"column":8},"end":{"line":10,"column":9}},{"start":{},"end":{}}],"line":8}},"s":{"0":2,"1":0,"2":0,"3":0,"4":0,"5":0,"6":0,"7":0},"f":{"0":0},"b":{"0":[0,0]},"_coverageSchema":"1a1c01bbd47fc00a2c39e90264f33305004495a9","hash":"6f51fd1655dd685822e19805acf1102a9d4921b9"}
,"/Users/sadbacon/Downloads/PF-RedBack/src/client/PFRedback/app/settings.jsx": {"path":"/Users/sadbacon/Downloads/PF-RedBack/src/client/PFRedback/app/settings.jsx","statementMap":{"0":{"start":{"line":5,"column":23},"end":{"line":120,"column":1}},"1":{"start":{"line":6,"column":58},"end":{"line":6,"column":72}},"2":{"start":{"line":7,"column":48},"end":{"line":7,"column":62}},"3":{"start":{"line":8,"column":44},"end":{"line":8,"column":58}},"4":{"start":{"line":10,"column":30},"end":{"line":25,"column":3}},"5":{"start":{"line":11,"column":4},"end":{"line":24,"column":6}},"6":{"start":{"line":17,"column":25},"end":{"line":17,"column":69}},"7":{"start":{"line":21,"column":41},"end":{"line":21,"column":56}},"8":{"start":{"line":27,"column":34},"end":{"line":42,"column":3}},"9":{"start":{"line":28,"column":4},"end":{"line":41,"column":6}},"10":{"start":{"line":34,"column":25},"end":{"line":34,"column":69}},"11":{"start":{"line":38,"column":45},"end":{"line":38,"column":87}},"12":{"start":{"line":44,"column":2},"end":{"line":119,"column":4}},"13":{"start":{"line":54,"column":37},"end":{"line":54,"column":83}},"14":{"start":{"line":69,"column":37},"end":{"line":69,"column":73}},"15":{"start":{"line":79,"column":37},"end":{"line":79,"column":69}},"16":{"start":{"line":101,"column":30},"end":{"line":101,"column":74}}},"fnMap":{"0":{"name":"(anonymous_0)","decl":{"start":{"line":5,"column":23},"end":{"line":5,"column":24}},"loc":{"start":{"line":5,"column":29},"end":{"line":120,"column":1}},"line":5},"1":{"name":"(anonymous_1)","decl":{"start":{"line":10,"column":30},"end":{"line":10,"column":31}},"loc":{"start":{"line":10,"column":36},"end":{"line":25,"column":3}},"line":10},"2":{"name":"(anonymous_2)","decl":{"start":{"line":17,"column":19},"end":{"line":17,"column":20}},"loc":{"start":{"line":17,"column":25},"end":{"line":17,"column":69}},"line":17},"3":{"name":"(anonymous_3)","decl":{"start":{"line":21,"column":35},"end":{"line":21,"column":36}},"loc":{"start":{"line":21,"column":41},"end":{"line":21,"column":56}},"line":21},"4":{"name":"(anonymous_4)","decl":{"start":{"line":27,"column":34},"end":{"line":27,"column":35}},"loc":{"start":{"line":27,"column":40},"end":{"line":42,"column":3}},"line":27},"5":{"name":"(anonymous_5)","decl":{"start":{"line":34,"column":19},"end":{"line":34,"column":20}},"loc":{"start":{"line":34,"column":25},"end":{"line":34,"column":69}},"line":34},"6":{"name":"(anonymous_6)","decl":{"start":{"line":38,"column":39},"end":{"line":38,"column":40}},"loc":{"start":{"line":38,"column":45},"end":{"line":38,"column":87}},"line":38},"7":{"name":"(anonymous_7)","decl":{"start":{"line":54,"column":31},"end":{"line":54,"column":32}},"loc":{"start":{"line":54,"column":37},"end":{"line":54,"column":83}},"line":54},"8":{"name":"(anonymous_8)","decl":{"start":{"line":69,"column":31},"end":{"line":69,"column":32}},"loc":{"start":{"line":69,"column":37},"end":{"line":69,"column":73}},"line":69},"9":{"name":"(anonymous_9)","decl":{"start":{"line":79,"column":31},"end":{"line":79,"column":32}},"loc":{"start":{"line":79,"column":37},"end":{"line":79,"column":69}},"line":79},"10":{"name":"(anonymous_10)","decl":{"start":{"line":101,"column":25},"end":{"line":101,"column":26}},"loc":{"start":{"line":101,"column":30},"end":{"line":101,"column":74}},"line":101}},"branchMap":{},"s":{"0":1,"1":13,"2":13,"3":13,"4":13,"5":1,"6":0,"7":0,"8":13,"9":1,"10":0,"11":0,"12":13,"13":2,"14":2,"15":2,"16":1},"f":{"0":13,"1":1,"2":0,"3":0,"4":1,"5":0,"6":0,"7":2,"8":2,"9":2,"10":1},"b":{},"_coverageSchema":"1a1c01bbd47fc00a2c39e90264f33305004495a9","hash":"e94577076c151c4aed012e4956da38d12e498e1c"}
,"/Users/sadbacon/Downloads/PF-RedBack/src/client/PFRedback/app/view-post.jsx": {"path":"/Users/sadbacon/Downloads/PF-RedBack/src/client/PFRedback/app/view-post.jsx","statementMap":{"0":{"start":{"line":12,"column":17},"end":{"line":111,"column":1}},"1":{"start":{"line":14,"column":28},"end":{"line":14,"column":38}},"2":{"start":{"line":16,"column":24},"end":{"line":16,"column":46}},"3":{"start":{"line":17,"column":4},"end":{"line":17,"column":57}},"4":{"start":{"line":19,"column":4},"end":{"line":23,"column":10}},"5":{"start":{"line":20,"column":8},"end":{"line":22,"column":13}},"6":{"start":{"line":21,"column":12},"end":{"line":21,"column":68}},"7":{"start":{"line":21,"column":53},"end":{"line":21,"column":66}},"8":{"start":{"line":25,"column":4},"end":{"line":25,"column":49}},"9":{"start":{"line":27,"column":4},"end":{"line":110,"column":6}}},"fnMap":{"0":{"name":"(anonymous_0)","decl":{"start":{"line":12,"column":17},"end":{"line":12,"column":18}},"loc":{"start":{"line":12,"column":23},"end":{"line":111,"column":1}},"line":12},"1":{"name":"(anonymous_1)","decl":{"start":{"line":19,"column":14},"end":{"line":19,"column":15}},"loc":{"start":{"line":19,"column":20},"end":{"line":23,"column":5}},"line":19},"2":{"name":"(anonymous_2)","decl":{"start":{"line":20,"column":9},"end":{"line":20,"column":10}},"loc":{"start":{"line":20,"column":20},"end":{"line":22,"column":9}},"line":20},"3":{"name":"(anonymous_3)","decl":{"start":{"line":21,"column":45},"end":{"line":21,"column":46}},"loc":{"start":{"line":21,"column":53},"end":{"line":21,"column":66}},"line":21}},"branchMap":{"0":{"loc":{"start":{"line":30,"column":13},"end":{"line":108,"column":25}},"type":"binary-expr","locations":[{"start":{"line":30,"column":13},"end":{"line":30,"column":17}},{"start":{},"end":{}}],"line":30},"1":{"loc":{"start":{"line":41,"column":33},"end":{"line":41,"column":95}},"type":"binary-expr","locations":[{"start":{"line":41,"column":33},"end":{"line":41,"column":50}},{"start":{"line":41,"column":54},"end":{"line":41,"column":66}},{"start":{"line":41,"column":70},"end":{"line":41,"column":95}}],"line":41},"2":{"loc":{"start":{"line":65,"column":25},"end":{"line":73,"column":31}},"type":"binary-expr","locations":[{"start":{"line":65,"column":25},"end":{"line":65,"column":35}},{"start":{},"end":{}}],"line":65}},"s":{"0":1,"1":1,"2":1,"3":1,"4":1,"5":1,"6":1,"7":0,"8":1,"9":1},"f":{"0":1,"1":1,"2":1,"3":0},"b":{"0":[1,0],"1":[0,0,0],"2":[0,0]},"_coverageSchema":"1a1c01bbd47fc00a2c39e90264f33305004495a9","hash":"810f15b825e2f86befe755d1cb267cc4f6f527b7"}
,"/Users/sadbacon/Downloads/PF-RedBack/src/client/PFRedback/app/(auth)/login.jsx": {"path":"/Users/sadbacon/Downloads/PF-RedBack/src/client/PFRedback/app/(auth)/login.jsx","statementMap":{"0":{"start":{"line":8,"column":14},"end":{"line":109,"column":1}},"1":{"start":{"line":9,"column":28},"end":{"line":12,"column":6}},"2":{"start":{"line":13,"column":44},"end":{"line":13,"column":59}},"3":{"start":{"line":14,"column":26},"end":{"line":14,"column":46}},"4":{"start":{"line":20,"column":19},"end":{"line":65,"column":5}},"5":{"start":{"line":21,"column":8},"end":{"line":21,"column":29}},"6":{"start":{"line":22,"column":24},"end":{"line":22,"column":44}},"7":{"start":{"line":23,"column":8},"end":{"line":64,"column":9}},"8":{"start":{"line":24,"column":24},"end":{"line":24,"column":52}},"9":{"start":{"line":25,"column":12},"end":{"line":25,"column":34}},"10":{"start":{"line":26,"column":29},"end":{"line":33,"column":14}},"11":{"start":{"line":35,"column":12},"end":{"line":59,"column":13}},"12":{"start":{"line":36,"column":16},"end":{"line":36,"column":53}},"13":{"start":{"line":37,"column":16},"end":{"line":37,"column":37}},"14":{"start":{"line":38,"column":16},"end":{"line":38,"column":53}},"15":{"start":{"line":39,"column":16},"end":{"line":39,"column":38}},"16":{"start":{"line":40,"column":16},"end":{"line":40,"column":39}},"17":{"start":{"line":42,"column":16},"end":{"line":42,"column":38}},"18":{"start":{"line":43,"column":31},"end":{"line":43,"column":52}},"19":{"start":{"line":44,"column":16},"end":{"line":44,"column":53}},"20":{"start":{"line":45,"column":16},"end":{"line":45,"column":35}},"21":{"start":{"line":46,"column":16},"end":{"line":46,"column":53}},"22":{"start":{"line":48,"column":16},"end":{"line":58,"column":17}},"23":{"start":{"line":49,"column":20},"end":{"line":49,"column":94}},"24":{"start":{"line":50,"column":23},"end":{"line":58,"column":17}},"25":{"start":{"line":51,"column":20},"end":{"line":51,"column":72}},"26":{"start":{"line":52,"column":23},"end":{"line":58,"column":17}},"27":{"start":{"line":53,"column":20},"end":{"line":53,"column":87}},"28":{"start":{"line":54,"column":23},"end":{"line":58,"column":17}},"29":{"start":{"line":55,"column":20},"end":{"line":55,"column":80}},"30":{"start":{"line":56,"column":23},"end":{"line":58,"column":17}},"31":{"start":{"line":57,"column":20},"end":{"line":57,"column":66}},"32":{"start":{"line":61,"column":12},"end":{"line":61,"column":32}},"33":{"start":{"line":62,"column":12},"end":{"line":62,"column":34}},"34":{"start":{"line":63,"column":12},"end":{"line":63,"column":67}},"35":{"start":{"line":67,"column":4},"end":{"line":108,"column":5}},"36":{"start":{"line":76,"column":53},"end":{"line":76,"column":96}},"37":{"start":{"line":84,"column":53},"end":{"line":84,"column":85}}},"fnMap":{"0":{"name":"(anonymous_0)","decl":{"start":{"line":8,"column":14},"end":{"line":8,"column":15}},"loc":{"start":{"line":8,"column":20},"end":{"line":109,"column":1}},"line":8},"1":{"name":"(anonymous_1)","decl":{"start":{"line":20,"column":19},"end":{"line":20,"column":20}},"loc":{"start":{"line":20,"column":36},"end":{"line":65,"column":5}},"line":20},"2":{"name":"(anonymous_2)","decl":{"start":{"line":76,"column":46},"end":{"line":76,"column":47}},"loc":{"start":{"line":76,"column":53},"end":{"line":76,"column":96}},"line":76},"3":{"name":"(anonymous_3)","decl":{"start":{"line":84,"column":46},"end":{"line":84,"column":47}},"loc":{"start":{"line":84,"column":53},"end":{"line":84,"column":85}},"line":84}},"branchMap":{"0":{"loc":{"start":{"line":35,"column":12},"end":{"line":59,"column":13}},"type":"if","locations":[{"start":{"line":35,"column":12},"end":{"line":59,"column":13}},{"start":{"line":41,"column":19},"end":{"line":59,"column":13}}],"line":35},"1":{"loc":{"start":{"line":48,"column":16},"end":{"line":58,"column":17}},"type":"if","locations":[{"start":{"line":48,"column":16},"end":{"line":58,"column":17}},{"start":{"line":50,"column":23},"end":{"line":58,"column":17}}],"line":48},"2":{"loc":{"start":{"line":50,"column":23},"end":{"line":58,"column":17}},"type":"if","locations":[{"start":{"line":50,"column":23},"end":{"line":58,"column":17}},{"start":{"line":52,"column":23},"end":{"line":58,"column":17}}],"line":50},"3":{"loc":{"start":{"line":52,"column":23},"end":{"line":58,"column":17}},"type":"if","locations":[{"start":{"line":52,"column":23},"end":{"line":58,"column":17}},{"start":{"line":54,"column":23},"end":{"line":58,"column":17}}],"line":52},"4":{"loc":{"start":{"line":54,"column":23},"end":{"line":58,"column":17}},"type":"if","locations":[{"start":{"line":54,"column":23},"end":{"line":58,"column":17}},{"start":{"line":56,"column":23},"end":{"line":58,"column":17}}],"line":54},"5":{"loc":{"start":{"line":56,"column":23},"end":{"line":58,"column":17}},"type":"if","locations":[{"start":{"line":56,"column":23},"end":{"line":58,"column":17}},{"start":{},"end":{}}],"line":56}},"s":{"0":1,"1":32,"2":31,"3":31,"4":31,"5":7,"6":7,"7":7,"8":7,"9":7,"10":7,"11":6,"12":1,"13":1,"14":1,"15":1,"16":1,"17":5,"18":5,"19":5,"20":5,"21":5,"22":5,"23":1,"24":4,"25":1,"26":3,"27":1,"28":2,"29":1,"30":1,"31":1,"32":1,"33":1,"34":1,"35":31,"36":5,"37":4},"f":{"0":32,"1":7,"2":5,"3":4},"b":{"0":[1,5],"1":[1,4],"2":[1,3],"3":[1,2],"4":[1,1],"5":[1,0]},"_coverageSchema":"1a1c01bbd47fc00a2c39e90264f33305004495a9","hash":"b2c12c2049ce9d8612d74a1f657240360f667d90"}
,"/Users/sadbacon/Downloads/PF-RedBack/src/client/PFRedback/app/(auth)/otp.jsx": {"path":"/Users/sadbacon/Downloads/PF-RedBack/src/client/PFRedback/app/(auth)/otp.jsx","statementMap":{"0":{"start":{"line":7,"column":12},"end":{"line":195,"column":1}},"1":{"start":{"line":12,"column":28},"end":{"line":12,"column":30}},"2":{"start":{"line":13,"column":35},"end":{"line":13,"column":60}},"3":{"start":{"line":14,"column":42},"end":{"line":14,"column":57}},"4":{"start":{"line":15,"column":38},"end":{"line":15,"column":53}},"5":{"start":{"line":17,"column":33},"end":{"line":17,"column":47}},"6":{"start":{"line":18,"column":24},"end":{"line":18,"column":57}},"7":{"start":{"line":19,"column":27},"end":{"line":19,"column":58}},"8":{"start":{"line":21,"column":26},"end":{"line":21,"column":48}},"9":{"start":{"line":28,"column":27},"end":{"line":63,"column":5}},"10":{"start":{"line":29,"column":8},"end":{"line":29,"column":28}},"11":{"start":{"line":30,"column":8},"end":{"line":62,"column":9}},"12":{"start":{"line":31,"column":28},"end":{"line":31,"column":48}},"13":{"start":{"line":32,"column":24},"end":{"line":32,"column":50}},"14":{"start":{"line":33,"column":29},"end":{"line":40,"column":14}},"15":{"start":{"line":42,"column":12},"end":{"line":42,"column":33}},"16":{"start":{"line":43,"column":12},"end":{"line":59,"column":13}},"17":{"start":{"line":44,"column":16},"end":{"line":44,"column":69}},"18":{"start":{"line":45,"column":16},"end":{"line":45,"column":39}},"19":{"start":{"line":47,"column":31},"end":{"line":47,"column":52}},"20":{"start":{"line":48,"column":16},"end":{"line":48,"column":60}},"21":{"start":{"line":50,"column":16},"end":{"line":58,"column":17}},"22":{"start":{"line":51,"column":20},"end":{"line":51,"column":93}},"23":{"start":{"line":52,"column":23},"end":{"line":58,"column":17}},"24":{"start":{"line":53,"column":20},"end":{"line":53,"column":109}},"25":{"start":{"line":54,"column":23},"end":{"line":58,"column":17}},"26":{"start":{"line":55,"column":20},"end":{"line":55,"column":73}},"27":{"start":{"line":56,"column":23},"end":{"line":58,"column":17}},"28":{"start":{"line":57,"column":20},"end":{"line":57,"column":123}},"29":{"start":{"line":61,"column":12},"end":{"line":61,"column":32}},"30":{"start":{"line":68,"column":25},"end":{"line":94,"column":5}},"31":{"start":{"line":69,"column":8},"end":{"line":69,"column":52}},"32":{"start":{"line":70,"column":8},"end":{"line":93,"column":9}},"33":{"start":{"line":71,"column":28},"end":{"line":71,"column":48}},"34":{"start":{"line":72,"column":24},"end":{"line":72,"column":53}},"35":{"start":{"line":73,"column":29},"end":{"line":79,"column":14}},"36":{"start":{"line":81,"column":12},"end":{"line":90,"column":13}},"37":{"start":{"line":82,"column":31},"end":{"line":82,"column":52}},"38":{"start":{"line":83,"column":16},"end":{"line":83,"column":35}},"39":{"start":{"line":85,"column":31},"end":{"line":85,"column":52}},"40":{"start":{"line":87,"column":16},"end":{"line":87,"column":60}},"41":{"start":{"line":88,"column":16},"end":{"line":88,"column":56}},"42":{"start":{"line":89,"column":16},"end":{"line":89,"column":71}},"43":{"start":{"line":92,"column":12},"end":{"line":92,"column":32}},"44":{"start":{"line":96,"column":4},"end":{"line":98,"column":10}},"45":{"start":{"line":97,"column":8},"end":{"line":97,"column":24}},"46":{"start":{"line":100,"column":4},"end":{"line":102,"column":10}},"47":{"start":{"line":101,"column":8},"end":{"line":101,"column":22}},"48":{"start":{"line":109,"column":36},"end":{"line":115,"column":5}},"49":{"start":{"line":110,"column":22},"end":{"line":110,"column":53}},"50":{"start":{"line":111,"column":22},"end":{"line":111,"column":53}},"51":{"start":{"line":112,"column":8},"end":{"line":112,"column":57}},"52":{"start":{"line":113,"column":8},"end":{"line":113,"column":57}},"53":{"start":{"line":114,"column":8},"end":{"line":114,"column":39}},"54":{"start":{"line":117,"column":26},"end":{"line":117,"column":61}},"55":{"start":{"line":119,"column":27},"end":{"line":131,"column":5}},"56":{"start":{"line":120,"column":23},"end":{"line":129,"column":16}},"57":{"start":{"line":121,"column":12},"end":{"line":128,"column":14}},"58":{"start":{"line":122,"column":16},"end":{"line":126,"column":17}},"59":{"start":{"line":123,"column":20},"end":{"line":123,"column":43}},"60":{"start":{"line":124,"column":20},"end":{"line":124,"column":38}},"61":{"start":{"line":125,"column":20},"end":{"line":125,"column":28}},"62":{"start":{"line":127,"column":16},"end":{"line":127,"column":39}},"63":{"start":{"line":130,"column":8},"end":{"line":130,"column":44}},"64":{"start":{"line":130,"column":21},"end":{"line":130,"column":44}},"65":{"start":{"line":134,"column":4},"end":{"line":194,"column":5}},"66":{"start":{"line":152,"column":60},"end":{"line":152,"column":76}},"67":{"start":{"line":153,"column":57},"end":{"line":153,"column":99}},"68":{"start":{"line":168,"column":51},"end":{"line":168,"column":77}},"69":{"start":{"line":180,"column":52},"end":{"line":180,"column":149}},"70":{"start":{"line":198,"column":15},"end":{"line":220,"column":2}}},"fnMap":{"0":{"name":"(anonymous_0)","decl":{"start":{"line":7,"column":12},"end":{"line":7,"column":13}},"loc":{"start":{"line":7,"column":18},"end":{"line":195,"column":1}},"line":7},"1":{"name":"(anonymous_1)","decl":{"start":{"line":28,"column":27},"end":{"line":28,"column":28}},"loc":{"start":{"line":28,"column":49},"end":{"line":63,"column":5}},"line":28},"2":{"name":"(anonymous_2)","decl":{"start":{"line":68,"column":25},"end":{"line":68,"column":26}},"loc":{"start":{"line":68,"column":37},"end":{"line":94,"column":5}},"line":68},"3":{"name":"(anonymous_3)","decl":{"start":{"line":96,"column":14},"end":{"line":96,"column":15}},"loc":{"start":{"line":96,"column":20},"end":{"line":98,"column":5}},"line":96},"4":{"name":"(anonymous_4)","decl":{"start":{"line":100,"column":14},"end":{"line":100,"column":15}},"loc":{"start":{"line":100,"column":20},"end":{"line":102,"column":5}},"line":100},"5":{"name":"(anonymous_5)","decl":{"start":{"line":109,"column":36},"end":{"line":109,"column":37}},"loc":{"start":{"line":109,"column":56},"end":{"line":115,"column":5}},"line":109},"6":{"name":"(anonymous_6)","decl":{"start":{"line":119,"column":27},"end":{"line":119,"column":28}},"loc":{"start":{"line":119,"column":33},"end":{"line":131,"column":5}},"line":119},"7":{"name":"(anonymous_7)","decl":{"start":{"line":120,"column":35},"end":{"line":120,"column":36}},"loc":{"start":{"line":120,"column":41},"end":{"line":129,"column":9}},"line":120},"8":{"name":"(anonymous_8)","decl":{"start":{"line":121,"column":21},"end":{"line":121,"column":22}},"loc":{"start":{"line":121,"column":41},"end":{"line":128,"column":13}},"line":121},"9":{"name":"(anonymous_9)","decl":{"start":{"line":130,"column":15},"end":{"line":130,"column":16}},"loc":{"start":{"line":130,"column":21},"end":{"line":130,"column":44}},"line":130},"10":{"name":"(anonymous_10)","decl":{"start":{"line":152,"column":46},"end":{"line":152,"column":47}},"loc":{"start":{"line":152,"column":60},"end":{"line":152,"column":76}},"line":152},"11":{"name":"(anonymous_11)","decl":{"start":{"line":153,"column":42},"end":{"line":153,"column":43}},"loc":{"start":{"line":153,"column":56},"end":{"line":153,"column":100}},"line":153},"12":{"name":"(anonymous_12)","decl":{"start":{"line":168,"column":45},"end":{"line":168,"column":46}},"loc":{"start":{"line":168,"column":51},"end":{"line":168,"column":77}},"line":168},"13":{"name":"(anonymous_13)","decl":{"start":{"line":180,"column":45},"end":{"line":180,"column":46}},"loc":{"start":{"line":180,"column":51},"end":{"line":180,"column":150}},"line":180}},"branchMap":{"0":{"loc":{"start":{"line":43,"column":12},"end":{"line":59,"column":13}},"type":"if","locations":[{"start":{"line":43,"column":12},"end":{"line":59,"column":13}},{"start":{"line":46,"column":19},"end":{"line":59,"column":13}}],"line":43},"1":{"loc":{"start":{"line":50,"column":16},"end":{"line":58,"column":17}},"type":"if","locations":[{"start":{"line":50,"column":16},"end":{"line":58,"column":17}},{"start":{"line":52,"column":23},"end":{"line":58,"column":17}}],"line":50},"2":{"loc":{"start":{"line":52,"column":23},"end":{"line":58,"column":17}},"type":"if","locations":[{"start":{"line":52,"column":23},"end":{"line":58,"column":17}},{"start":{"line":54,"column":23},"end":{"line":58,"column":17}}],"line":52},"3":{"loc":{"start":{"line":54,"column":23},"end":{"line":58,"column":17}},"type":"if","locations":[{"start":{"line":54,"column":23},"end":{"line":58,"column":17}},{"start":{"line":56,"column":23},"end":{"line":58,"column":17}}],"line":54},"4":{"loc":{"start":{"line":56,"column":23},"end":{"line":58,"column":17}},"type":"if","locations":[{"start":{"line":56,"column":23},"end":{"line":58,"column":17}},{"start":{},"end":{}}],"line":56},"5":{"loc":{"start":{"line":81,"column":12},"end":{"line":90,"column":13}},"type":"if","locations":[{"start":{"line":81,"column":12},"end":{"line":90,"column":13}},{"start":{"line":84,"column":19},"end":{"line":90,"column":13}}],"line":81},"6":{"loc":{"start":{"line":112,"column":18},"end":{"line":112,"column":56}},"type":"cond-expr","locations":[{"start":{"line":112,"column":33},"end":{"line":112,"column":46}},{"start":{"line":112,"column":49},"end":{"line":112,"column":56}}],"line":112},"7":{"loc":{"start":{"line":113,"column":18},"end":{"line":113,"column":56}},"type":"cond-expr","locations":[{"start":{"line":113,"column":33},"end":{"line":113,"column":46}},{"start":{"line":113,"column":49},"end":{"line":113,"column":56}}],"line":113},"8":{"loc":{"start":{"line":122,"column":16},"end":{"line":126,"column":17}},"type":"if","locations":[{"start":{"line":122,"column":16},"end":{"line":126,"column":17}},{"start":{},"end":{}}],"line":122},"9":{"loc":{"start":{"line":180,"column":52},"end":{"line":180,"column":84}},"type":"cond-expr","locations":[{"start":{"line":180,"column":63},"end":{"line":180,"column":77}},{"start":{"line":180,"column":80},"end":{"line":180,"column":84}}],"line":180},"10":{"loc":{"start":{"line":182,"column":50},"end":{"line":182,"column":93}},"type":"cond-expr","locations":[{"start":{"line":182,"column":63},"end":{"line":182,"column":88}},{"start":{"line":182,"column":91},"end":{"line":182,"column":93}}],"line":182},"11":{"loc":{"start":{"line":184,"column":41},"end":{"line":184,"column":93}},"type":"cond-expr","locations":[{"start":{"line":184,"column":54},"end":{"line":184,"column":62}},{"start":{"line":184,"column":65},"end":{"line":184,"column":93}}],"line":184}},"s":{"0":1,"1":8,"2":8,"3":7,"4":7,"5":7,"6":7,"7":7,"8":7,"9":7,"10":0,"11":0,"12":0,"13":0,"14":0,"15":0,"16":0,"17":0,"18":0,"19":0,"20":0,"21":0,"22":0,"23":0,"24":0,"25":0,"26":0,"27":0,"28":0,"29":0,"30":7,"31":7,"32":7,"33":7,"34":7,"35":7,"36":6,"37":1,"38":1,"39":5,"40":5,"41":5,"42":5,"43":1,"44":7,"45":7,"46":7,"47":7,"48":7,"49":7,"50":7,"51":7,"52":7,"53":7,"54":7,"55":7,"56":7,"57":0,"58":0,"59":0,"60":0,"61":0,"62":0,"63":7,"64":0,"65":7,"66":0,"67":0,"68":0,"69":0,"70":1},"f":{"0":8,"1":0,"2":7,"3":7,"4":7,"5":7,"6":7,"7":0,"8":0,"9":0,"10":0,"11":0,"12":0,"13":0},"b":{"0":[0,0],"1":[0,0],"2":[0,0],"3":[0,0],"4":[0,0],"5":[1,5],"6":[7,0],"7":[7,0],"8":[0,0],"9":[0,0],"10":[7,0],"11":[0,7]},"_coverageSchema":"1a1c01bbd47fc00a2c39e90264f33305004495a9","hash":"8abfe062c1686c15f821e630135baa545ba191d0"}
,"/Users/sadbacon/Downloads/PF-RedBack/src/client/PFRedback/app/(auth)/sign-up.jsx": {"path":"/Users/sadbacon/Downloads/PF-RedBack/src/client/PFRedback/app/(auth)/sign-up.jsx","statementMap":{"0":{"start":{"line":15,"column":15},"end":{"line":148,"column":1}},"1":{"start":{"line":16,"column":19},"end":{"line":25,"column":5}},"2":{"start":{"line":26,"column":28},"end":{"line":31,"column":6}},"3":{"start":{"line":33,"column":46},"end":{"line":33,"column":61}},"4":{"start":{"line":34,"column":29},"end":{"line":34,"column":52}},"5":{"start":{"line":36,"column":19},"end":{"line":80,"column":5}},"6":{"start":{"line":37,"column":8},"end":{"line":37,"column":30}},"7":{"start":{"line":38,"column":24},"end":{"line":38,"column":44}},"8":{"start":{"line":40,"column":8},"end":{"line":79,"column":9}},"9":{"start":{"line":41,"column":24},"end":{"line":41,"column":55}},"10":{"start":{"line":42,"column":12},"end":{"line":42,"column":28}},"11":{"start":{"line":43,"column":12},"end":{"line":43,"column":34}},"12":{"start":{"line":45,"column":29},"end":{"line":51,"column":14}},"13":{"start":{"line":53,"column":12},"end":{"line":73,"column":13}},"14":{"start":{"line":54,"column":16},"end":{"line":54,"column":37}},"15":{"start":{"line":55,"column":16},"end":{"line":55,"column":39}},"16":{"start":{"line":56,"column":16},"end":{"line":56,"column":55}},"17":{"start":{"line":57,"column":16},"end":{"line":57,"column":83}},"18":{"start":{"line":61,"column":16},"end":{"line":61,"column":37}},"19":{"start":{"line":62,"column":16},"end":{"line":62,"column":39}},"20":{"start":{"line":63,"column":31},"end":{"line":63,"column":52}},"21":{"start":{"line":64,"column":16},"end":{"line":64,"column":35}},"22":{"start":{"line":66,"column":16},"end":{"line":72,"column":17}},"23":{"start":{"line":67,"column":20},"end":{"line":67,"column":94}},"24":{"start":{"line":68,"column":23},"end":{"line":72,"column":17}},"25":{"start":{"line":69,"column":20},"end":{"line":69,"column":72}},"26":{"start":{"line":70,"column":23},"end":{"line":72,"column":17}},"27":{"start":{"line":71,"column":20},"end":{"line":71,"column":79}},"28":{"start":{"line":76,"column":12},"end":{"line":76,"column":32}},"29":{"start":{"line":77,"column":12},"end":{"line":77,"column":34}},"30":{"start":{"line":78,"column":12},"end":{"line":78,"column":67}},"31":{"start":{"line":82,"column":4},"end":{"line":147,"column":6}},"32":{"start":{"line":91,"column":32},"end":{"line":91,"column":61}},"33":{"start":{"line":101,"column":32},"end":{"line":101,"column":75}},"34":{"start":{"line":111,"column":32},"end":{"line":111,"column":64}},"35":{"start":{"line":121,"column":32},"end":{"line":121,"column":71}}},"fnMap":{"0":{"name":"(anonymous_0)","decl":{"start":{"line":15,"column":15},"end":{"line":15,"column":16}},"loc":{"start":{"line":15,"column":21},"end":{"line":148,"column":1}},"line":15},"1":{"name":"(anonymous_1)","decl":{"start":{"line":36,"column":19},"end":{"line":36,"column":20}},"loc":{"start":{"line":36,"column":36},"end":{"line":80,"column":5}},"line":36},"2":{"name":"(anonymous_2)","decl":{"start":{"line":90,"column":46},"end":{"line":90,"column":47}},"loc":{"start":{"line":91,"column":32},"end":{"line":91,"column":61}},"line":91},"3":{"name":"(anonymous_3)","decl":{"start":{"line":100,"column":46},"end":{"line":100,"column":47}},"loc":{"start":{"line":101,"column":32},"end":{"line":101,"column":75}},"line":101},"4":{"name":"(anonymous_4)","decl":{"start":{"line":110,"column":46},"end":{"line":110,"column":47}},"loc":{"start":{"line":111,"column":32},"end":{"line":111,"column":64}},"line":111},"5":{"name":"(anonymous_5)","decl":{"start":{"line":120,"column":42},"end":{"line":120,"column":43}},"loc":{"start":{"line":121,"column":32},"end":{"line":121,"column":71}},"line":121}},"branchMap":{"0":{"loc":{"start":{"line":53,"column":12},"end":{"line":73,"column":13}},"type":"if","locations":[{"start":{"line":53,"column":12},"end":{"line":73,"column":13}},{"start":{"line":60,"column":19},"end":{"line":73,"column":13}}],"line":53},"1":{"loc":{"start":{"line":66,"column":16},"end":{"line":72,"column":17}},"type":"if","locations":[{"start":{"line":66,"column":16},"end":{"line":72,"column":17}},{"start":{"line":68,"column":23},"end":{"line":72,"column":17}}],"line":66},"2":{"loc":{"start":{"line":68,"column":23},"end":{"line":72,"column":17}},"type":"if","locations":[{"start":{"line":68,"column":23},"end":{"line":72,"column":17}},{"start":{"line":70,"column":23},"end":{"line":72,"column":17}}],"line":68},"3":{"loc":{"start":{"line":70,"column":23},"end":{"line":72,"column":17}},"type":"if","locations":[{"start":{"line":70,"column":23},"end":{"line":72,"column":17}},{"start":{},"end":{}}],"line":70}},"s":{"0":1,"1":23,"2":23,"3":22,"4":22,"5":22,"6":4,"7":4,"8":4,"9":4,"10":4,"11":4,"12":4,"13":4,"14":1,"15":1,"16":1,"17":1,"18":3,"19":3,"20":3,"21":3,"22":3,"23":1,"24":2,"25":1,"26":1,"27":1,"28":0,"29":0,"30":0,"31":22,"32":2,"33":3,"34":2,"35":1},"f":{"0":23,"1":4,"2":2,"3":3,"4":2,"5":1},"b":{"0":[1,3],"1":[1,2],"2":[1,1],"3":[1,0]},"_coverageSchema":"1a1c01bbd47fc00a2c39e90264f33305004495a9","hash":"7c25e708f6d5816017dabff090b5b1ee5afe02a9"}
,"/Users/sadbacon/Downloads/PF-RedBack/src/client/PFRedback/app/(tabs)/home/lost.jsx": {"path":"/Users/sadbacon/Downloads/PF-RedBack/src/client/PFRedback/app/(tabs)/home/lost.jsx","statementMap":{"0":{"start":{"line":12,"column":13},"end":{"line":111,"column":1}},"1":{"start":{"line":14,"column":34},"end":{"line":14,"column":77}},"2":{"start":{"line":15,"column":60},"end":{"line":15,"column":94}},"3":{"start":{"line":16,"column":60},"end":{"line":16,"column":72}},"4":{"start":{"line":18,"column":38},"end":{"line":18,"column":53}},"5":{"start":{"line":21,"column":4},"end":{"line":33,"column":18}},"6":{"start":{"line":22,"column":29},"end":{"line":31,"column":9}},"7":{"start":{"line":23,"column":12},"end":{"line":30,"column":13}},"8":{"start":{"line":24,"column":16},"end":{"line":24,"column":37}},"9":{"start":{"line":25,"column":38},"end":{"line":25,"column":89}},"10":{"start":{"line":26,"column":16},"end":{"line":26,"column":54}},"11":{"start":{"line":28,"column":38},"end":{"line":28,"column":74}},"12":{"start":{"line":29,"column":16},"end":{"line":29,"column":54}},"13":{"start":{"line":32,"column":8},"end":{"line":32,"column":22}},"14":{"start":{"line":35,"column":33},"end":{"line":40,"column":5}},"15":{"start":{"line":36,"column":8},"end":{"line":36,"column":49}},"16":{"start":{"line":37,"column":8},"end":{"line":37,"column":28}},"17":{"start":{"line":38,"column":23},"end":{"line":38,"column":82}},"18":{"start":{"line":39,"column":8},"end":{"line":39,"column":55}},"19":{"start":{"line":43,"column":1},"end":{"line":110,"column":2}},"20":{"start":{"line":89,"column":61},"end":{"line":89,"column":79}}},"fnMap":{"0":{"name":"(anonymous_0)","decl":{"start":{"line":12,"column":13},"end":{"line":12,"column":14}},"loc":{"start":{"line":12,"column":19},"end":{"line":111,"column":1}},"line":12},"1":{"name":"(anonymous_1)","decl":{"start":{"line":21,"column":14},"end":{"line":21,"column":15}},"loc":{"start":{"line":21,"column":20},"end":{"line":33,"column":5}},"line":21},"2":{"name":"(anonymous_2)","decl":{"start":{"line":22,"column":29},"end":{"line":22,"column":30}},"loc":{"start":{"line":22,"column":41},"end":{"line":31,"column":9}},"line":22},"3":{"name":"(anonymous_3)","decl":{"start":{"line":35,"column":33},"end":{"line":35,"column":34}},"loc":{"start":{"line":35,"column":65},"end":{"line":40,"column":5}},"line":35},"4":{"name":"(anonymous_4)","decl":{"start":{"line":89,"column":55},"end":{"line":89,"column":56}},"loc":{"start":{"line":89,"column":61},"end":{"line":89,"column":79}},"line":89}},"branchMap":{"0":{"loc":{"start":{"line":23,"column":12},"end":{"line":30,"column":13}},"type":"if","locations":[{"start":{"line":23,"column":12},"end":{"line":30,"column":13}},{"start":{"line":27,"column":19},"end":{"line":30,"column":13}}],"line":23},"1":{"loc":{"start":{"line":35,"column":46},"end":{"line":35,"column":60}},"type":"default-arg","locations":[{"start":{"line":35,"column":56},"end":{"line":35,"column":60}}],"line":35},"2":{"loc":{"start":{"line":48,"column":25},"end":{"line":94,"column":25}},"type":"cond-expr","locations":[{"start":{"line":48,"column":38},"end":{"line":88,"column":26}},{"start":{"line":89,"column":28},"end":{"line":93,"column":47}}],"line":48}},"s":{"0":1,"1":3,"2":0,"3":0,"4":0,"5":0,"6":0,"7":0,"8":0,"9":0,"10":0,"11":0,"12":0,"13":0,"14":0,"15":0,"16":0,"17":0,"18":0,"19":0,"20":0},"f":{"0":3,"1":0,"2":0,"3":0,"4":0},"b":{"0":[0,0],"1":[0],"2":[0,0]},"_coverageSchema":"1a1c01bbd47fc00a2c39e90264f33305004495a9","hash":"aa545c088a112ab203870543d5792a4249d8c646"}
,"/Users/sadbacon/Downloads/PF-RedBack/src/client/PFRedback/app/(tabs)/home/spotted.jsx": {"path":"/Users/sadbacon/Downloads/PF-RedBack/src/client/PFRedback/app/(tabs)/home/spotted.jsx","statementMap":{"0":{"start":{"line":14,"column":16},"end":{"line":114,"column":1}},"1":{"start":{"line":15,"column":34},"end":{"line":15,"column":77}},"2":{"start":{"line":16,"column":60},"end":{"line":16,"column":94}},"3":{"start":{"line":17,"column":60},"end":{"line":17,"column":72}},"4":{"start":{"line":19,"column":38},"end":{"line":19,"column":53}},"5":{"start":{"line":22,"column":4},"end":{"line":34,"column":18}},"6":{"start":{"line":23,"column":29},"end":{"line":32,"column":9}},"7":{"start":{"line":24,"column":12},"end":{"line":31,"column":13}},"8":{"start":{"line":25,"column":16},"end":{"line":25,"column":37}},"9":{"start":{"line":26,"column":38},"end":{"line":26,"column":89}},"10":{"start":{"line":27,"column":16},"end":{"line":27,"column":54}},"11":{"start":{"line":29,"column":38},"end":{"line":29,"column":74}},"12":{"start":{"line":30,"column":16},"end":{"line":30,"column":54}},"13":{"start":{"line":33,"column":8},"end":{"line":33,"column":22}},"14":{"start":{"line":36,"column":33},"end":{"line":41,"column":5}},"15":{"start":{"line":37,"column":8},"end":{"line":37,"column":49}},"16":{"start":{"line":38,"column":8},"end":{"line":38,"column":28}},"17":{"start":{"line":39,"column":23},"end":{"line":39,"column":82}},"18":{"start":{"line":40,"column":8},"end":{"line":40,"column":55}},"19":{"start":{"line":43,"column":1},"end":{"line":113,"column":2}},"20":{"start":{"line":89,"column":61},"end":{"line":89,"column":79}}},"fnMap":{"0":{"name":"(anonymous_0)","decl":{"start":{"line":14,"column":16},"end":{"line":14,"column":17}},"loc":{"start":{"line":14,"column":22},"end":{"line":114,"column":1}},"line":14},"1":{"name":"(anonymous_1)","decl":{"start":{"line":22,"column":14},"end":{"line":22,"column":15}},"loc":{"start":{"line":22,"column":20},"end":{"line":34,"column":5}},"line":22},"2":{"name":"(anonymous_2)","decl":{"start":{"line":23,"column":29},"end":{"line":23,"column":30}},"loc":{"start":{"line":23,"column":41},"end":{"line":32,"column":9}},"line":23},"3":{"name":"(anonymous_3)","decl":{"start":{"line":36,"column":33},"end":{"line":36,"column":34}},"loc":{"start":{"line":36,"column":65},"end":{"line":41,"column":5}},"line":36},"4":{"name":"(anonymous_4)","decl":{"start":{"line":89,"column":55},"end":{"line":89,"column":56}},"loc":{"start":{"line":89,"column":61},"end":{"line":89,"column":79}},"line":89}},"branchMap":{"0":{"loc":{"start":{"line":24,"column":12},"end":{"line":31,"column":13}},"type":"if","locations":[{"start":{"line":24,"column":12},"end":{"line":31,"column":13}},{"start":{"line":28,"column":19},"end":{"line":31,"column":13}}],"line":24},"1":{"loc":{"start":{"line":36,"column":46},"end":{"line":36,"column":60}},"type":"default-arg","locations":[{"start":{"line":36,"column":56},"end":{"line":36,"column":60}}],"line":36},"2":{"loc":{"start":{"line":48,"column":25},"end":{"line":94,"column":25}},"type":"cond-expr","locations":[{"start":{"line":48,"column":38},"end":{"line":88,"column":26}},{"start":{"line":89,"column":28},"end":{"line":93,"column":47}}],"line":48}},"s":{"0":1,"1":3,"2":0,"3":0,"4":0,"5":0,"6":0,"7":0,"8":0,"9":0,"10":0,"11":0,"12":0,"13":0,"14":0,"15":0,"16":0,"17":0,"18":0,"19":0,"20":0},"f":{"0":3,"1":0,"2":0,"3":0,"4":0},"b":{"0":[0,0],"1":[0],"2":[0,0]},"_coverageSchema":"1a1c01bbd47fc00a2c39e90264f33305004495a9","hash":"41d1aa8161fae4ef234b425a3f231fa4bdab1b39"}
,"/Users/sadbacon/Downloads/PF-RedBack/src/client/PFRedback/components/1.jpg": {"path":"/Users/sadbacon/Downloads/PF-RedBack/src/client/PFRedback/components/1.jpg","statementMap":{"0":{"start":{"line":1,"column":0},"end":{"line":1,"column":19}}},"fnMap":{},"branchMap":{},"s":{"0":1},"f":{},"b":{},"_coverageSchema":"1a1c01bbd47fc00a2c39e90264f33305004495a9","hash":"9eb750bc229588ddac93d0ca7880cf91dd023250"}
,"/Users/sadbacon/Downloads/PF-RedBack/src/client/PFRedback/components/2.jpg": {"path":"/Users/sadbacon/Downloads/PF-RedBack/src/client/PFRedback/components/2.jpg","statementMap":{"0":{"start":{"line":1,"column":0},"end":{"line":1,"column":19}}},"fnMap":{},"branchMap":{},"s":{"0":1},"f":{},"b":{},"_coverageSchema":"1a1c01bbd47fc00a2c39e90264f33305004495a9","hash":"fa482bd0c28c37f7f0197c2b14be49da4d3078a3"}
,"/Users/sadbacon/Downloads/PF-RedBack/src/client/PFRedback/components/3.jpeg": {"path":"/Users/sadbacon/Downloads/PF-RedBack/src/client/PFRedback/components/3.jpeg","statementMap":{"0":{"start":{"line":1,"column":0},"end":{"line":1,"column":19}}},"fnMap":{},"branchMap":{},"s":{"0":1},"f":{},"b":{},"_coverageSchema":"1a1c01bbd47fc00a2c39e90264f33305004495a9","hash":"22e2e929baa1a6b586c422758bd2a04413f392bf"}
,"/Users/sadbacon/Downloads/PF-RedBack/src/client/PFRedback/components/CustomButton.jsx": {"path":"/Users/sadbacon/Downloads/PF-RedBack/src/client/PFRedback/components/CustomButton.jsx","statementMap":{"0":{"start":{"line":3,"column":21},"end":{"line":59,"column":1}},"1":{"start":{"line":13,"column":4},"end":{"line":58,"column":6}},"2":{"start":{"line":42,"column":28},"end":{"line":46,"column":30}}},"fnMap":{"0":{"name":"(anonymous_0)","decl":{"start":{"line":3,"column":21},"end":{"line":3,"column":22}},"loc":{"start":{"line":12,"column":6},"end":{"line":59,"column":1}},"line":12},"1":{"name":"(anonymous_1)","decl":{"start":{"line":41,"column":39},"end":{"line":41,"column":40}},"loc":{"start":{"line":42,"column":28},"end":{"line":46,"column":30}},"line":42}},"branchMap":{"0":{"loc":{"start":{"line":18,"column":16},"end":{"line":18,"column":45}},"type":"cond-expr","locations":[{"start":{"line":18,"column":28},"end":{"line":18,"column":40}},{"start":{"line":18,"column":43},"end":{"line":18,"column":45}}],"line":18},"1":{"loc":{"start":{"line":29,"column":13},"end":{"line":36,"column":13}},"type":"binary-expr","locations":[{"start":{"line":29,"column":13},"end":{"line":29,"column":22}},{"start":{},"end":{}}],"line":29},"2":{"loc":{"start":{"line":38,"column":9},"end":{"line":56,"column":13}},"type":"binary-expr","locations":[{"start":{"line":38,"column":9},"end":{"line":38,"column":18}},{"start":{"line":39,"column":16},"end":{"line":55,"column":17}}],"line":38},"3":{"loc":{"start":{"line":39,"column":16},"end":{"line":55,"column":17}},"type":"cond-expr","locations":[{"start":{"line":40,"column":20},"end":{"line":48,"column":27}},{"start":{"line":51,"column":20},"end":{"line":54,"column":22}}],"line":39},"4":{"loc":{"start":{"line":39,"column":16},"end":{"line":39,"column":49}},"type":"binary-expr","locations":[{"start":{"line":39,"column":16},"end":{"line":39,"column":25}},{"start":{"line":39,"column":29},"end":{"line":39,"column":49}}],"line":39}},"s":{"0":4,"1":60,"2":0},"f":{"0":60,"1":0},"b":{"0":[11,49],"1":[60,11],"2":[60,0],"3":[0,0],"4":[0,0]},"_coverageSchema":"1a1c01bbd47fc00a2c39e90264f33305004495a9","hash":"178f523311c38cb09cb483c9d5aaa1e7fc569de7"}
,"/Users/sadbacon/Downloads/PF-RedBack/src/client/PFRedback/components/DropdownField.jsx": {"path":"/Users/sadbacon/Downloads/PF-RedBack/src/client/PFRedback/components/DropdownField.jsx","statementMap":{"0":{"start":{"line":7,"column":22},"end":{"line":44,"column":1}},"1":{"start":{"line":8,"column":34},"end":{"line":8,"column":49}},"2":{"start":{"line":10,"column":4},"end":{"line":43,"column":6}},"3":{"start":{"line":30,"column":31},"end":{"line":30,"column":47}},"4":{"start":{"line":31,"column":30},"end":{"line":31,"column":47}}},"fnMap":{"0":{"name":"(anonymous_0)","decl":{"start":{"line":7,"column":22},"end":{"line":7,"column":23}},"loc":{"start":{"line":7,"column":86},"end":{"line":44,"column":1}},"line":7},"1":{"name":"(anonymous_1)","decl":{"start":{"line":30,"column":25},"end":{"line":30,"column":26}},"loc":{"start":{"line":30,"column":31},"end":{"line":30,"column":47}},"line":30},"2":{"name":"(anonymous_2)","decl":{"start":{"line":31,"column":24},"end":{"line":31,"column":25}},"loc":{"start":{"line":31,"column":30},"end":{"line":31,"column":47}},"line":31}},"branchMap":{"0":{"loc":{"start":{"line":13,"column":58},"end":{"line":13,"column":84}},"type":"binary-expr","locations":[{"start":{"line":13,"column":58},"end":{"line":13,"column":75}},{"start":{"line":13,"column":80},"end":{"line":13,"column":83}}],"line":13},"1":{"loc":{"start":{"line":27,"column":29},"end":{"line":27,"column":61}},"type":"cond-expr","locations":[{"start":{"line":27,"column":40},"end":{"line":27,"column":53}},{"start":{"line":27,"column":56},"end":{"line":27,"column":61}}],"line":27}},"s":{"0":1,"1":22,"2":22,"3":0,"4":0},"f":{"0":22,"1":0,"2":0},"b":{"0":[22,0],"1":[22,0]},"_coverageSchema":"1a1c01bbd47fc00a2c39e90264f33305004495a9","hash":"4725726467ea4002bc68574bc4cf0acb12c54bfe"}
,"/Users/sadbacon/Downloads/PF-RedBack/src/client/PFRedback/components/FormField.jsx": {"path":"/Users/sadbacon/Downloads/PF-RedBack/src/client/PFRedback/components/FormField.jsx","statementMap":{"0":{"start":{"line":10,"column":18},"end":{"line":198,"column":1}},"1":{"start":{"line":23,"column":44},"end":{"line":23,"column":59}},"2":{"start":{"line":25,"column":58},"end":{"line":25,"column":73}},"3":{"start":{"line":26,"column":58},"end":{"line":26,"column":73}},"4":{"start":{"line":27,"column":38},"end":{"line":27,"column":53}},"5":{"start":{"line":28,"column":46},"end":{"line":28,"column":67}},"6":{"start":{"line":29,"column":36},"end":{"line":29,"column":56}},"7":{"start":{"line":31,"column":29},"end":{"line":45,"column":5}},"8":{"start":{"line":32,"column":8},"end":{"line":43,"column":9}},"9":{"start":{"line":33,"column":32},"end":{"line":33,"column":51}},"10":{"start":{"line":34,"column":12},"end":{"line":34,"column":64}},"11":{"start":{"line":35,"column":12},"end":{"line":35,"column":58}},"12":{"start":{"line":36,"column":12},"end":{"line":36,"column":56}},"13":{"start":{"line":37,"column":12},"end":{"line":37,"column":38}},"14":{"start":{"line":38,"column":12},"end":{"line":42,"column":13}},"15":{"start":{"line":39,"column":16},"end":{"line":39,"column":45}},"16":{"start":{"line":41,"column":16},"end":{"line":41,"column":46}},"17":{"start":{"line":44,"column":8},"end":{"line":44,"column":38}},"18":{"start":{"line":47,"column":29},"end":{"line":56,"column":5}},"19":{"start":{"line":48,"column":8},"end":{"line":54,"column":9}},"20":{"start":{"line":49,"column":32},"end":{"line":49,"column":51}},"21":{"start":{"line":50,"column":12},"end":{"line":50,"column":58}},"22":{"start":{"line":51,"column":12},"end":{"line":51,"column":62}},"23":{"start":{"line":52,"column":12},"end":{"line":52,"column":38}},"24":{"start":{"line":53,"column":12},"end":{"line":53,"column":42}},"25":{"start":{"line":55,"column":8},"end":{"line":55,"column":38}},"26":{"start":{"line":58,"column":33},"end":{"line":61,"column":5}},"27":{"start":{"line":59,"column":8},"end":{"line":59,"column":38}},"28":{"start":{"line":60,"column":8},"end":{"line":60,"column":38}},"29":{"start":{"line":63,"column":24},"end":{"line":63,"column":54}},"30":{"start":{"line":66,"column":32},"end":{"line":70,"column":15}},"31":{"start":{"line":73,"column":4},"end":{"line":197,"column":6}},"32":{"start":{"line":109,"column":32},"end":{"line":109,"column":67}},"33":{"start":{"line":110,"column":32},"end":{"line":110,"column":67}},"34":{"start":{"line":115,"column":32},"end":{"line":115,"column":55}},"35":{"start":{"line":116,"column":32},"end":{"line":118,"column":33}},"36":{"start":{"line":117,"column":36},"end":{"line":117,"column":57}},"37":{"start":{"line":153,"column":53},"end":{"line":153,"column":81}},"38":{"start":{"line":159,"column":53},"end":{"line":159,"column":81}},"39":{"start":{"line":165,"column":53},"end":{"line":165,"column":83}}},"fnMap":{"0":{"name":"(anonymous_0)","decl":{"start":{"line":10,"column":18},"end":{"line":10,"column":19}},"loc":{"start":{"line":22,"column":6},"end":{"line":198,"column":1}},"line":22},"1":{"name":"(anonymous_1)","decl":{"start":{"line":31,"column":29},"end":{"line":31,"column":30}},"loc":{"start":{"line":31,"column":54},"end":{"line":45,"column":5}},"line":31},"2":{"name":"(anonymous_2)","decl":{"start":{"line":47,"column":29},"end":{"line":47,"column":30}},"loc":{"start":{"line":47,"column":54},"end":{"line":56,"column":5}},"line":47},"3":{"name":"(anonymous_3)","decl":{"start":{"line":58,"column":33},"end":{"line":58,"column":34}},"loc":{"start":{"line":58,"column":39},"end":{"line":61,"column":5}},"line":58},"4":{"name":"(anonymous_4)","decl":{"start":{"line":108,"column":37},"end":{"line":108,"column":38}},"loc":{"start":{"line":108,"column":47},"end":{"line":111,"column":29}},"line":108},"5":{"name":"(anonymous_5)","decl":{"start":{"line":114,"column":46},"end":{"line":114,"column":47}},"loc":{"start":{"line":114,"column":56},"end":{"line":119,"column":33}},"line":114},"6":{"name":"(anonymous_6)","decl":{"start":{"line":153,"column":47},"end":{"line":153,"column":48}},"loc":{"start":{"line":153,"column":53},"end":{"line":153,"column":81}},"line":153},"7":{"name":"(anonymous_7)","decl":{"start":{"line":159,"column":47},"end":{"line":159,"column":48}},"loc":{"start":{"line":159,"column":53},"end":{"line":159,"column":81}},"line":159},"8":{"name":"(anonymous_8)","decl":{"start":{"line":165,"column":47},"end":{"line":165,"column":48}},"loc":{"start":{"line":165,"column":53},"end":{"line":165,"column":83}},"line":165}},"branchMap":{"0":{"loc":{"start":{"line":17,"column":4},"end":{"line":17,"column":23}},"type":"default-arg","locations":[{"start":{"line":17,"column":18},"end":{"line":17,"column":23}}],"line":17},"1":{"loc":{"start":{"line":18,"column":4},"end":{"line":18,"column":23}},"type":"default-arg","locations":[{"start":{"line":18,"column":18},"end":{"line":18,"column":23}}],"line":18},"2":{"loc":{"start":{"line":19,"column":4},"end":{"line":19,"column":27}},"type":"default-arg","locations":[{"start":{"line":19,"column":22},"end":{"line":19,"column":27}}],"line":19},"3":{"loc":{"start":{"line":20,"column":4},"end":{"line":20,"column":21}},"type":"default-arg","locations":[{"start":{"line":20,"column":16},"end":{"line":20,"column":21}}],"line":20},"4":{"loc":{"start":{"line":28,"column":55},"end":{"line":28,"column":66}},"type":"binary-expr","locations":[{"start":{"line":28,"column":55},"end":{"line":28,"column":60}},{"start":{"line":28,"column":64},"end":{"line":28,"column":66}}],"line":28},"5":{"loc":{"start":{"line":29,"column":45},"end":{"line":29,"column":55}},"type":"binary-expr","locations":[{"start":{"line":29,"column":45},"end":{"line":29,"column":50}},{"start":{"line":29,"column":54},"end":{"line":29,"column":55}}],"line":29},"6":{"loc":{"start":{"line":32,"column":8},"end":{"line":43,"column":9}},"type":"if","locations":[{"start":{"line":32,"column":8},"end":{"line":43,"column":9}},{"start":{},"end":{}}],"line":32},"7":{"loc":{"start":{"line":38,"column":12},"end":{"line":42,"column":13}},"type":"if","locations":[{"start":{"line":38,"column":12},"end":{"line":42,"column":13}},{"start":{"line":40,"column":19},"end":{"line":42,"column":13}}],"line":38},"8":{"loc":{"start":{"line":48,"column":8},"end":{"line":54,"column":9}},"type":"if","locations":[{"start":{"line":48,"column":8},"end":{"line":54,"column":9}},{"start":{},"end":{}}],"line":48},"9":{"loc":{"start":{"line":66,"column":32},"end":{"line":70,"column":15}},"type":"cond-expr","locations":[{"start":{"line":67,"column":10},"end":{"line":67,"column":40}},{"start":{"line":68,"column":10},"end":{"line":70,"column":15}}],"line":66},"10":{"loc":{"start":{"line":68,"column":10},"end":{"line":70,"column":15}},"type":"cond-expr","locations":[{"start":{"line":69,"column":10},"end":{"line":69,"column":82}},{"start":{"line":70,"column":10},"end":{"line":70,"column":15}}],"line":68},"11":{"loc":{"start":{"line":75,"column":58},"end":{"line":75,"column":84}},"type":"binary-expr","locations":[{"start":{"line":75,"column":58},"end":{"line":75,"column":75}},{"start":{"line":75,"column":80},"end":{"line":75,"column":83}}],"line":75},"12":{"loc":{"start":{"line":77,"column":48},"end":{"line":77,"column":84}},"type":"cond-expr","locations":[{"start":{"line":77,"column":62},"end":{"line":77,"column":75}},{"start":{"line":77,"column":78},"end":{"line":77,"column":84}}],"line":77},"13":{"loc":{"start":{"line":79,"column":17},"end":{"line":95,"column":17}},"type":"binary-expr","locations":[{"start":{"line":79,"column":17},"end":{"line":79,"column":33}},{"start":{},"end":{}}],"line":79},"14":{"loc":{"start":{"line":82,"column":31},"end":{"line":82,"column":87}},"type":"cond-expr","locations":[{"start":{"line":82,"column":60},"end":{"line":82,"column":79}},{"start":{"line":82,"column":82},"end":{"line":82,"column":87}}],"line":82},"15":{"loc":{"start":{"line":82,"column":31},"end":{"line":82,"column":57}},"type":"binary-expr","locations":[{"start":{"line":82,"column":31},"end":{"line":82,"column":42}},{"start":{"line":82,"column":46},"end":{"line":82,"column":57}}],"line":82},"16":{"loc":{"start":{"line":86,"column":41},"end":{"line":86,"column":78}},"type":"binary-expr","locations":[{"start":{"line":86,"column":41},"end":{"line":86,"column":61}},{"start":{"line":86,"column":65},"end":{"line":86,"column":78}}],"line":86},"17":{"loc":{"start":{"line":89,"column":43},"end":{"line":89,"column":73}},"type":"cond-expr","locations":[{"start":{"line":89,"column":57},"end":{"line":89,"column":62}},{"start":{"line":89,"column":65},"end":{"line":89,"column":73}}],"line":89},"18":{"loc":{"start":{"line":90,"column":31},"end":{"line":90,"column":68}},"type":"cond-expr","locations":[{"start":{"line":90,"column":45},"end":{"line":90,"column":63}},{"start":{"line":90,"column":66},"end":{"line":90,"column":68}}],"line":90},"19":{"loc":{"start":{"line":91,"column":34},"end":{"line":91,"column":62}},"type":"binary-expr","locations":[{"start":{"line":91,"column":34},"end":{"line":91,"column":46}},{"start":{"line":91,"column":50},"end":{"line":91,"column":62}}],"line":91},"20":{"loc":{"start":{"line":92,"column":38},"end":{"line":92,"column":74}},"type":"cond-expr","locations":[{"start":{"line":92,"column":50},"end":{"line":92,"column":62}},{"start":{"line":92,"column":65},"end":{"line":92,"column":74}}],"line":92},"21":{"loc":{"start":{"line":97,"column":17},"end":{"line":150,"column":17}},"type":"binary-expr","locations":[{"start":{"line":97,"column":17},"end":{"line":97,"column":32}},{"start":{"line":98,"column":20},"end":{"line":149,"column":27}}],"line":97},"22":{"loc":{"start":{"line":116,"column":32},"end":{"line":118,"column":33}},"type":"if","locations":[{"start":{"line":116,"column":32},"end":{"line":118,"column":33}},{"start":{},"end":{}}],"line":116},"23":{"loc":{"start":{"line":152,"column":17},"end":{"line":156,"column":17}},"type":"binary-expr","locations":[{"start":{"line":152,"column":17},"end":{"line":152,"column":28}},{"start":{"line":153,"column":20},"end":{"line":155,"column":39}}],"line":152},"24":{"loc":{"start":{"line":158,"column":17},"end":{"line":162,"column":17}},"type":"binary-expr","locations":[{"start":{"line":158,"column":17},"end":{"line":158,"column":28}},{"start":{"line":159,"column":20},"end":{"line":161,"column":39}}],"line":158},"25":{"loc":{"start":{"line":164,"column":17},"end":{"line":168,"column":17}},"type":"binary-expr","locations":[{"start":{"line":164,"column":17},"end":{"line":164,"column":37}},{"start":{"line":165,"column":20},"end":{"line":167,"column":39}}],"line":164},"26":{"loc":{"start":{"line":166,"column":39},"end":{"line":166,"column":80}},"type":"cond-expr","locations":[{"start":{"line":166,"column":55},"end":{"line":166,"column":64}},{"start":{"line":166,"column":67},"end":{"line":166,"column":80}}],"line":166},"27":{"loc":{"start":{"line":171,"column":13},"end":{"line":181,"column":13}},"type":"binary-expr","locations":[{"start":{"line":171,"column":13},"end":{"line":171,"column":24}},{"start":{"line":171,"column":28},"end":{"line":171,"column":47}},{"start":{"line":172,"column":16},"end":{"line":180,"column":23}}],"line":171},"28":{"loc":{"start":{"line":183,"column":13},"end":{"line":195,"column":13}},"type":"binary-expr","locations":[{"start":{"line":183,"column":13},"end":{"line":183,"column":24}},{"start":{"line":183,"column":28},"end":{"line":183,"column":47}},{"start":{"line":184,"column":16},"end":{"line":194,"column":23}}],"line":183},"29":{"loc":{"start":{"line":191,"column":21},"end":{"line":193,"column":21}},"type":"binary-expr","locations":[{"start":{"line":191,"column":21},"end":{"line":191,"column":42}},{"start":{"line":192,"column":24},"end":{"line":192,"column":80}}],"line":191}},"s":{"0":2,"1":128,"2":128,"3":128,"4":128,"5":128,"6":128,"7":128,"8":0,"9":0,"10":0,"11":0,"12":0,"13":0,"14":0,"15":0,"16":0,"17":0,"18":128,"19":0,"20":0,"21":0,"22":0,"23":0,"24":0,"25":0,"26":128,"27":0,"28":0,"29":128,"30":128,"31":128,"32":0,"33":0,"34":0,"35":0,"36":0,"37":0,"38":0,"39":0},"f":{"0":128,"1":0,"2":0,"3":0,"4":0,"5":0,"6":0,"7":0,"8":0},"b":{"0":[128],"1":[128],"2":[128],"3":[128],"4":[128,70],"5":[128,70],"6":[0,0],"7":[0,0],"8":[0,0],"9":[0,128],"10":[0,128],"11":[128,66],"12":[0,128],"13":[128,128],"14":[0,128],"15":[128,128],"16":[128,53],"17":[0,128],"18":[0,128],"19":[128,128],"20":[0,128],"21":[128,0],"22":[0,0],"23":[128,0],"24":[128,0],"25":[128,53],"26":[53,0],"27":[128,0,0],"28":[128,0,0],"29":[0,0]},"_coverageSchema":"1a1c01bbd47fc00a2c39e90264f33305004495a9","hash":"1c0dbaf920b7aa2abd3daef7ed0f065128c07bc5"}
,"/Users/sadbacon/Downloads/PF-RedBack/src/client/PFRedback/components/ItemCard.jsx": {"path":"/Users/sadbacon/Downloads/PF-RedBack/src/client/PFRedback/components/ItemCard.jsx","statementMap":{"0":{"start":{"line":7,"column":19},"end":{"line":7,"column":49}},"1":{"start":{"line":9,"column":17},"end":{"line":59,"column":1}},"2":{"start":{"line":11,"column":21},"end":{"line":11,"column":34}},"3":{"start":{"line":12,"column":17},"end":{"line":12,"column":35}},"4":{"start":{"line":13,"column":4},"end":{"line":13,"column":35}},"5":{"start":{"line":15,"column":4},"end":{"line":58,"column":6}},"6":{"start":{"line":18,"column":16},"end":{"line":18,"column":92}}},"fnMap":{"0":{"name":"(anonymous_0)","decl":{"start":{"line":9,"column":17},"end":{"line":9,"column":18}},"loc":{"start":{"line":9,"column":29},"end":{"line":59,"column":1}},"line":9},"1":{"name":"(anonymous_1)","decl":{"start":{"line":17,"column":39},"end":{"line":17,"column":40}},"loc":{"start":{"line":17,"column":45},"end":{"line":19,"column":13}},"line":17}},"branchMap":{"0":{"loc":{"start":{"line":34,"column":25},"end":{"line":43,"column":35}},"type":"binary-expr","locations":[{"start":{"line":34,"column":25},"end":{"line":34,"column":48}},{"start":{"line":34,"column":52},"end":{"line":34,"column":70}},{"start":{},"end":{}},{"start":{},"end":{}}],"line":34}},"s":{"0":1,"1":1,"2":0,"3":0,"4":0,"5":0,"6":0},"f":{"0":0,"1":0},"b":{"0":[0,0,0,0]},"_coverageSchema":"1a1c01bbd47fc00a2c39e90264f33305004495a9","hash":"24349c200d9f7281941772ecd4a0cdd7597d1855"}
,"/Users/sadbacon/Downloads/PF-RedBack/src/client/PFRedback/components/LocationContext.jsx": {"path":"/Users/sadbacon/Downloads/PF-RedBack/src/client/PFRedback/components/LocationContext.jsx","statementMap":{"0":{"start":{"line":4,"column":24},"end":{"line":4,"column":39}},"1":{"start":{"line":6,"column":25},"end":{"line":34,"column":1}},"2":{"start":{"line":8,"column":36},"end":{"line":11,"column":6}},"3":{"start":{"line":12,"column":36},"end":{"line":12,"column":50}},"4":{"start":{"line":14,"column":4},"end":{"line":26,"column":10}},"5":{"start":{"line":15,"column":8},"end":{"line":25,"column":12}},"6":{"start":{"line":16,"column":25},"end":{"line":16,"column":54}},"7":{"start":{"line":17,"column":10},"end":{"line":24,"column":11}},"8":{"start":{"line":18,"column":12},"end":{"line":18,"column":35}},"9":{"start":{"line":19,"column":12},"end":{"line":19,"column":56}},"10":{"start":{"line":22,"column":44},"end":{"line":22,"column":66}},"11":{"start":{"line":23,"column":12},"end":{"line":23,"column":58}},"12":{"start":{"line":28,"column":4},"end":{"line":32,"column":5}}},"fnMap":{"0":{"name":"(anonymous_0)","decl":{"start":{"line":6,"column":25},"end":{"line":6,"column":26}},"loc":{"start":{"line":6,"column":43},"end":{"line":34,"column":1}},"line":6},"1":{"name":"(anonymous_1)","decl":{"start":{"line":14,"column":14},"end":{"line":14,"column":15}},"loc":{"start":{"line":14,"column":20},"end":{"line":26,"column":5}},"line":14},"2":{"name":"(anonymous_2)","decl":{"start":{"line":15,"column":9},"end":{"line":15,"column":10}},"loc":{"start":{"line":15,"column":21},"end":{"line":25,"column":9}},"line":15}},"branchMap":{"0":{"loc":{"start":{"line":17,"column":10},"end":{"line":24,"column":11}},"type":"if","locations":[{"start":{"line":17,"column":10},"end":{"line":24,"column":11}},{"start":{"line":21,"column":17},"end":{"line":24,"column":11}}],"line":17}},"s":{"0":2,"1":2,"2":0,"3":0,"4":0,"5":0,"6":0,"7":0,"8":0,"9":0,"10":0,"11":0,"12":0},"f":{"0":0,"1":0,"2":0},"b":{"0":[0,0]},"_coverageSchema":"1a1c01bbd47fc00a2c39e90264f33305004495a9","hash":"9ca4eabf848368681b3a3a6ffcaa6d6ed21e4671"}
,"/Users/sadbacon/Downloads/PF-RedBack/src/client/PFRedback/components/OverlayTag.jsx": {"path":"/Users/sadbacon/Downloads/PF-RedBack/src/client/PFRedback/components/OverlayTag.jsx","statementMap":{"0":{"start":{"line":4,"column":19},"end":{"line":22,"column":1}},"1":{"start":{"line":6,"column":4},"end":{"line":6,"column":31}},"2":{"start":{"line":8,"column":4},"end":{"line":21,"column":6}}},"fnMap":{"0":{"name":"(anonymous_0)","decl":{"start":{"line":4,"column":19},"end":{"line":4,"column":20}},"loc":{"start":{"line":4,"column":53},"end":{"line":22,"column":1}},"line":4}},"branchMap":{"0":{"loc":{"start":{"line":4,"column":28},"end":{"line":4,"column":46}},"type":"default-arg","locations":[{"start":{"line":4,"column":37},"end":{"line":4,"column":46}}],"line":4}},"s":{"0":2,"1":0,"2":0},"f":{"0":0},"b":{"0":[0]},"_coverageSchema":"1a1c01bbd47fc00a2c39e90264f33305004495a9","hash":"8705e97f7cec0236bb0a1a5fea5c04b6c9a6928e"}
,"/Users/sadbacon/Downloads/PF-RedBack/src/client/PFRedback/components/PostCarousel.jsx": {"path":"/Users/sadbacon/Downloads/PF-RedBack/src/client/PFRedback/components/PostCarousel.jsx","statementMap":{"0":{"start":{"line":7,"column":19},"end":{"line":7,"column":49}},"1":{"start":{"line":11,"column":13},"end":{"line":24,"column":1}},"2":{"start":{"line":32,"column":38},"end":{"line":32,"column":53}},"3":{"start":{"line":33,"column":34},"end":{"line":33,"column":49}},"4":{"start":{"line":34,"column":44},"end":{"line":34,"column":59}},"5":{"start":{"line":35,"column":40},"end":{"line":35,"column":55}},"6":{"start":{"line":36,"column":24},"end":{"line":36,"column":41}},"7":{"start":{"line":37,"column":22},"end":{"line":46,"column":5}},"8":{"start":{"line":48,"column":2},"end":{"line":83,"column":4}},"9":{"start":{"line":59,"column":17},"end":{"line":59,"column":55}}},"fnMap":{"0":{"name":"PostCarousel","decl":{"start":{"line":31,"column":9},"end":{"line":31,"column":21}},"loc":{"start":{"line":31,"column":39},"end":{"line":84,"column":1}},"line":31},"1":{"name":"(anonymous_1)","decl":{"start":{"line":58,"column":30},"end":{"line":58,"column":31}},"loc":{"start":{"line":59,"column":17},"end":{"line":59,"column":55}},"line":59},"2":{"name":"(anonymous_2)","decl":{"start":{"line":73,"column":24},"end":{"line":73,"column":25}},"loc":{"start":{},"end":{}}}},"branchMap":{"0":{"loc":{"start":{"line":31,"column":23},"end":{"line":31,"column":36}},"type":"default-arg","locations":[{"start":{"line":31,"column":32},"end":{"line":31,"column":36}}],"line":31},"1":{"loc":{"start":{"line":37,"column":22},"end":{"line":46,"column":5}},"type":"cond-expr","locations":[{"start":{"line":38,"column":6},"end":{"line":40,"column":5}},{"start":{"line":42,"column":4},"end":{"line":46,"column":5}}],"line":37},"2":{"loc":{"start":{"line":49,"column":25},"end":{"line":49,"column":93}},"type":"cond-expr","locations":[{"start":{"line":49,"column":34},"end":{"line":49,"column":62}},{"start":{"line":49,"column":65},"end":{"line":49,"column":93}}],"line":49},"3":{"loc":{"start":{"line":51,"column":19},"end":{"line":51,"column":51}},"type":"cond-expr","locations":[{"start":{"line":51,"column":28},"end":{"line":51,"column":45}},{"start":{"line":51,"column":48},"end":{"line":51,"column":51}}],"line":51},"4":{"loc":{"start":{"line":52,"column":20},"end":{"line":52,"column":51}},"type":"cond-expr","locations":[{"start":{"line":52,"column":29},"end":{"line":52,"column":45}},{"start":{"line":52,"column":48},"end":{"line":52,"column":51}}],"line":52},"5":{"loc":{"start":{"line":66,"column":41},"end":{"line":66,"column":59}},"type":"cond-expr","locations":[{"start":{"line":66,"column":50},"end":{"line":66,"column":53}},{"start":{"line":66,"column":56},"end":{"line":66,"column":59}}],"line":66},"6":{"loc":{"start":{"line":77,"column":34},"end":{"line":77,"column":106}},"type":"cond-expr","locations":[{"start":{"line":77,"column":43},"end":{"line":77,"column":71}},{"start":{"line":77,"column":74},"end":{"line":77,"column":106}}],"line":77}},"s":{"0":1,"1":1,"2":0,"3":0,"4":0,"5":0,"6":0,"7":0,"8":0,"9":0},"f":{"0":0,"1":0,"2":0},"b":{"0":[0],"1":[0,0],"2":[0,0],"3":[0,0],"4":[0,0],"5":[0,0],"6":[0,0]},"_coverageSchema":"1a1c01bbd47fc00a2c39e90264f33305004495a9","hash":"751e2b45d8e1d98886dbec8aab559e243478fd68"}
,"/Users/sadbacon/Downloads/PF-RedBack/src/client/PFRedback/constants/icons.js": {"path":"/Users/sadbacon/Downloads/PF-RedBack/src/client/PFRedback/constants/icons.js","statementMap":{},"fnMap":{},"branchMap":{},"s":{},"f":{},"b":{},"_coverageSchema":"1a1c01bbd47fc00a2c39e90264f33305004495a9","hash":"c1251be3c05de8af194a0d8c98576817d12f01cf"}
,"/Users/sadbacon/Downloads/PF-RedBack/src/client/PFRedback/constants/images.js": {"path":"/Users/sadbacon/Downloads/PF-RedBack/src/client/PFRedback/constants/images.js","statementMap":{},"fnMap":{},"branchMap":{},"s":{},"f":{},"b":{},"_coverageSchema":"1a1c01bbd47fc00a2c39e90264f33305004495a9","hash":"c5d77818913d7c95647e8a2a1e63c364714bb948"}
,"/Users/sadbacon/Downloads/PF-RedBack/src/client/PFRedback/constants/index.js": {"path":"/Users/sadbacon/Downloads/PF-RedBack/src/client/PFRedback/constants/index.js","statementMap":{},"fnMap":{},"branchMap":{},"s":{},"f":{},"b":{},"_coverageSchema":"1a1c01bbd47fc00a2c39e90264f33305004495a9","hash":"7c254c55ca8a52ebe18909da45c9e58bb73cd858"}
}
