TN:
SF:api/accountApi.js
FN:5,(anonymous_0)
FN:25,(anonymous_1)
FNF:2
FNH:0
FNDA:0,(anonymous_0)
FNDA:0,(anonymous_1)
DA:3,1
DA:5,1
DA:6,0
DA:7,0
DA:8,0
DA:9,0
DA:11,0
DA:13,0
DA:14,0
DA:16,0
DA:17,0
DA:19,0
DA:21,0
DA:25,1
DA:26,0
DA:27,0
DA:28,0
DA:30,0
DA:38,0
DA:40,0
DA:42,0
DA:43,0
DA:45,0
LF:23
LH:3
BRF:0
BRH:0
end_of_record
TN:
SF:api/items.js
FN:7,(anonymous_0)
FN:25,(anonymous_1)
FN:37,(anonymous_2)
FN:47,(anonymous_3)
FNF:4
FNH:1
FNDA:0,(anonymous_0)
FNDA:0,(anonymous_1)
FNDA:0,(anonymous_2)
FNDA:1,(anonymous_3)
DA:5,1
DA:7,1
DA:8,0
DA:9,0
DA:10,0
DA:11,0
DA:13,0
DA:14,0
DA:16,0
DA:17,0
DA:19,0
DA:21,0
DA:25,1
DA:26,0
DA:27,0
DA:28,0
DA:29,0
DA:31,0
DA:32,0
DA:34,0
DA:35,0
DA:37,0
DA:38,0
DA:41,0
DA:43,0
DA:47,1
DA:48,1
DA:49,1
DA:50,1
DA:51,1
DA:53,1
DA:54,0
DA:56,0
DA:57,0
DA:58,0
DA:60,0
DA:62,0
LF:37
LH:9
BRF:0
BRH:0
end_of_record
TN:
SF:api/locations.js
FN:6,(anonymous_0)
FN:25,(anonymous_1)
FN:57,(anonymous_2)
FNF:3
FNH:0
FNDA:0,(anonymous_0)
FNDA:0,(anonymous_1)
FNDA:0,(anonymous_2)
DA:6,2
DA:7,0
DA:9,0
DA:10,0
DA:11,0
DA:13,0
DA:14,0
DA:15,0
DA:16,0
DA:18,0
DA:21,0
DA:25,2
DA:26,0
DA:27,0
DA:28,0
DA:30,0
DA:31,0
DA:32,0
DA:34,0
DA:37,0
DA:41,2
DA:57,2
DA:58,0
DA:59,0
DA:60,0
DA:62,0
DA:63,0
DA:64,0
DA:65,0
DA:66,0
DA:68,0
DA:69,0
DA:70,0
DA:71,0
LF:34
LH:4
BRDA:13,0,0,0
BRDA:13,0,1,0
BRDA:16,1,0,0
BRDA:16,1,1,0
BRDA:30,2,0,0
BRDA:30,2,1,0
BRDA:66,3,0,0
BRDA:66,3,1,0
BRF:8
BRH:0
end_of_record
TN:
SF:api/permission.js
FN:5,(anonymous_0)
FNF:1
FNH:0
FNDA:0,(anonymous_0)
DA:5,2
DA:6,0
DA:7,0
DA:8,0
DA:9,0
DA:11,0
DA:13,0
DA:15,0
LF:8
LH:1
BRDA:8,0,0,0
BRDA:8,0,1,0
BRF:2
BRH:0
end_of_record
TN:
SF:app/settings.jsx
FN:5,(anonymous_0)
FN:10,(anonymous_1)
FN:17,(anonymous_2)
FN:21,(anonymous_3)
FN:27,(anonymous_4)
FN:34,(anonymous_5)
FN:38,(anonymous_6)
FN:54,(anonymous_7)
FN:69,(anonymous_8)
FN:79,(anonymous_9)
FN:101,(anonymous_10)
FNF:11
FNH:7
FNDA:13,(anonymous_0)
FNDA:1,(anonymous_1)
FNDA:0,(anonymous_2)
FNDA:0,(anonymous_3)
FNDA:1,(anonymous_4)
FNDA:0,(anonymous_5)
FNDA:0,(anonymous_6)
FNDA:2,(anonymous_7)
FNDA:2,(anonymous_8)
FNDA:2,(anonymous_9)
FNDA:1,(anonymous_10)
DA:5,1
DA:6,13
DA:7,13
DA:8,13
DA:10,13
DA:11,1
DA:17,0
DA:21,0
DA:27,13
DA:28,1
DA:34,0
DA:38,0
DA:44,13
DA:54,2
DA:69,2
DA:79,2
DA:101,1
LF:17
LH:13
BRF:0
BRH:0
end_of_record
TN:
SF:app/view-post.jsx
FN:12,(anonymous_0)
FN:19,(anonymous_1)
FN:20,(anonymous_2)
FN:21,(anonymous_3)
FNF:4
FNH:3
FNDA:1,(anonymous_0)
FNDA:1,(anonymous_1)
FNDA:1,(anonymous_2)
FNDA:0,(anonymous_3)
DA:12,1
DA:14,1
DA:16,1
DA:17,1
DA:19,1
DA:20,1
DA:21,1
DA:25,1
DA:27,1
LF:9
LH:9
BRDA:30,0,0,1
BRDA:30,0,1,0
BRDA:41,1,0,0
BRDA:41,1,1,0
BRDA:41,1,2,0
BRDA:65,2,0,0
BRDA:65,2,1,0
BRF:7
BRH:1
end_of_record
TN:
SF:app/(auth)/login.jsx
FN:8,(anonymous_0)
FN:20,(anonymous_1)
FN:76,(anonymous_2)
FN:84,(anonymous_3)
FNF:4
FNH:4
FNDA:32,(anonymous_0)
FNDA:7,(anonymous_1)
FNDA:5,(anonymous_2)
FNDA:4,(anonymous_3)
DA:8,1
DA:9,32
DA:13,31
DA:14,31
DA:20,31
DA:21,7
DA:22,7
DA:23,7
DA:24,7
DA:25,7
DA:26,7
DA:35,6
DA:36,1
DA:37,1
DA:38,1
DA:39,1
DA:40,1
DA:42,5
DA:43,5
DA:44,5
DA:45,5
DA:46,5
DA:48,5
DA:49,1
DA:50,4
DA:51,1
DA:52,3
DA:53,1
DA:54,2
DA:55,1
DA:56,1
DA:57,1
DA:61,1
DA:62,1
DA:63,1
DA:67,31
DA:76,5
DA:84,4
LF:38
LH:38
BRDA:35,0,0,1
BRDA:35,0,1,5
BRDA:48,1,0,1
BRDA:48,1,1,4
BRDA:50,2,0,1
BRDA:50,2,1,3
BRDA:52,3,0,1
BRDA:52,3,1,2
BRDA:54,4,0,1
BRDA:54,4,1,1
BRDA:56,5,0,1
BRDA:56,5,1,0
BRF:12
BRH:11
end_of_record
TN:
SF:app/(auth)/otp.jsx
FN:7,(anonymous_0)
FN:28,(anonymous_1)
FN:68,(anonymous_2)
FN:96,(anonymous_3)
FN:100,(anonymous_4)
FN:109,(anonymous_5)
FN:119,(anonymous_6)
FN:120,(anonymous_7)
FN:121,(anonymous_8)
FN:130,(anonymous_9)
FN:152,(anonymous_10)
FN:153,(anonymous_11)
FN:168,(anonymous_12)
FN:180,(anonymous_13)
FNF:14
FNH:6
FNDA:8,(anonymous_0)
FNDA:0,(anonymous_1)
FNDA:7,(anonymous_2)
FNDA:7,(anonymous_3)
FNDA:7,(anonymous_4)
FNDA:7,(anonymous_5)
FNDA:7,(anonymous_6)
FNDA:0,(anonymous_7)
FNDA:0,(anonymous_8)
FNDA:0,(anonymous_9)
FNDA:0,(anonymous_10)
FNDA:0,(anonymous_11)
FNDA:0,(anonymous_12)
FNDA:0,(anonymous_13)
DA:7,1
DA:12,8
DA:13,8
DA:14,7
DA:15,7
DA:17,7
DA:18,7
DA:19,7
DA:21,7
DA:28,7
DA:29,0
DA:30,0
DA:31,0
DA:32,0
DA:33,0
DA:42,0
DA:43,0
DA:44,0
DA:45,0
DA:47,0
DA:48,0
DA:50,0
DA:51,0
DA:52,0
DA:53,0
DA:54,0
DA:55,0
DA:56,0
DA:57,0
DA:61,0
DA:68,7
DA:69,7
DA:70,7
DA:71,7
DA:72,7
DA:73,7
DA:81,6
DA:82,1
DA:83,1
DA:85,5
DA:87,5
DA:88,5
DA:89,5
DA:92,1
DA:96,7
DA:97,7
DA:100,7
DA:101,7
DA:109,7
DA:110,7
DA:111,7
DA:112,7
DA:113,7
DA:114,7
DA:117,7
DA:119,7
DA:120,7
DA:121,0
DA:122,0
DA:123,0
DA:124,0
DA:125,0
DA:127,0
DA:130,7
DA:134,7
DA:152,0
DA:153,0
DA:168,0
DA:180,0
DA:198,1
LF:70
LH:40
BRDA:43,0,0,0
BRDA:43,0,1,0
BRDA:50,1,0,0
BRDA:50,1,1,0
BRDA:52,2,0,0
BRDA:52,2,1,0
BRDA:54,3,0,0
BRDA:54,3,1,0
BRDA:56,4,0,0
BRDA:56,4,1,0
BRDA:81,5,0,1
BRDA:81,5,1,5
BRDA:112,6,0,7
BRDA:112,6,1,0
BRDA:113,7,0,7
BRDA:113,7,1,0
BRDA:122,8,0,0
BRDA:122,8,1,0
BRDA:180,9,0,0
BRDA:180,9,1,0
BRDA:182,10,0,7
BRDA:182,10,1,0
BRDA:184,11,0,0
BRDA:184,11,1,7
BRF:24
BRH:6
end_of_record
TN:
SF:app/(auth)/sign-up.jsx
FN:15,(anonymous_0)
FN:36,(anonymous_1)
FN:90,(anonymous_2)
FN:100,(anonymous_3)
FN:110,(anonymous_4)
FN:120,(anonymous_5)
FNF:6
FNH:6
FNDA:23,(anonymous_0)
FNDA:4,(anonymous_1)
FNDA:2,(anonymous_2)
FNDA:3,(anonymous_3)
FNDA:2,(anonymous_4)
FNDA:1,(anonymous_5)
DA:15,1
DA:16,23
DA:26,23
DA:33,22
DA:34,22
DA:36,22
DA:37,4
DA:38,4
DA:40,4
DA:41,4
DA:42,4
DA:43,4
DA:45,4
DA:53,4
DA:54,1
DA:55,1
DA:56,1
DA:57,1
DA:61,3
DA:62,3
DA:63,3
DA:64,3
DA:66,3
DA:67,1
DA:68,2
DA:69,1
DA:70,1
DA:71,1
DA:76,0
DA:77,0
DA:78,0
DA:82,22
DA:91,2
DA:101,3
DA:111,2
DA:121,1
LF:36
LH:33
BRDA:53,0,0,1
BRDA:53,0,1,3
BRDA:66,1,0,1
BRDA:66,1,1,2
BRDA:68,2,0,1
BRDA:68,2,1,1
BRDA:70,3,0,1
BRDA:70,3,1,0
BRF:8
BRH:7
end_of_record
TN:
SF:app/(tabs)/home/lost.jsx
FN:12,(anonymous_0)
FN:21,(anonymous_1)
FN:22,(anonymous_2)
FN:35,(anonymous_3)
FN:89,(anonymous_4)
FNF:5
FNH:1
FNDA:3,(anonymous_0)
FNDA:0,(anonymous_1)
FNDA:0,(anonymous_2)
FNDA:0,(anonymous_3)
FNDA:0,(anonymous_4)
DA:12,1
DA:14,3
DA:15,0
DA:16,0
DA:18,0
DA:21,0
DA:22,0
DA:23,0
DA:24,0
DA:25,0
DA:26,0
DA:28,0
DA:29,0
DA:32,0
DA:35,0
DA:36,0
DA:37,0
DA:38,0
DA:39,0
DA:43,0
DA:89,0
LF:21
LH:2
BRDA:23,0,0,0
BRDA:23,0,1,0
BRDA:35,1,0,0
BRDA:48,2,0,0
BRDA:48,2,1,0
BRF:5
BRH:0
end_of_record
TN:
SF:app/(tabs)/home/spotted.jsx
FN:14,(anonymous_0)
FN:22,(anonymous_1)
FN:23,(anonymous_2)
FN:36,(anonymous_3)
FN:89,(anonymous_4)
FNF:5
FNH:1
FNDA:3,(anonymous_0)
FNDA:0,(anonymous_1)
FNDA:0,(anonymous_2)
FNDA:0,(anonymous_3)
FNDA:0,(anonymous_4)
DA:14,1
DA:15,3
DA:16,0
DA:17,0
DA:19,0
DA:22,0
DA:23,0
DA:24,0
DA:25,0
DA:26,0
DA:27,0
DA:29,0
DA:30,0
DA:33,0
DA:36,0
DA:37,0
DA:38,0
DA:39,0
DA:40,0
DA:43,0
DA:89,0
LF:21
LH:2
BRDA:24,0,0,0
BRDA:24,0,1,0
BRDA:36,1,0,0
BRDA:48,2,0,0
BRDA:48,2,1,0
BRF:5
BRH:0
end_of_record
TN:
SF:components/1.jpg
FNF:0
FNH:0
DA:1,1
LF:1
LH:1
BRF:0
BRH:0
end_of_record
TN:
SF:components/2.jpg
FNF:0
FNH:0
DA:1,1
LF:1
LH:1
BRF:0
BRH:0
end_of_record
TN:
SF:components/3.jpeg
FNF:0
FNH:0
DA:1,1
LF:1
LH:1
BRF:0
BRH:0
end_of_record
TN:
SF:components/CustomButton.jsx
FN:3,(anonymous_0)
FN:41,(anonymous_1)
FNF:2
FNH:1
FNDA:60,(anonymous_0)
FNDA:0,(anonymous_1)
DA:3,4
DA:13,60
DA:42,0
LF:3
LH:2
BRDA:18,0,0,11
BRDA:18,0,1,49
BRDA:29,1,0,60
BRDA:29,1,1,11
BRDA:38,2,0,60
BRDA:38,2,1,0
BRDA:39,3,0,0
BRDA:39,3,1,0
BRDA:39,4,0,0
BRDA:39,4,1,0
BRF:10
BRH:5
end_of_record
TN:
SF:components/DropdownField.jsx
FN:7,(anonymous_0)
FN:30,(anonymous_1)
FN:31,(anonymous_2)
FNF:3
FNH:1
FNDA:22,(anonymous_0)
FNDA:0,(anonymous_1)
FNDA:0,(anonymous_2)
DA:7,1
DA:8,22
DA:10,22
DA:30,0
DA:31,0
LF:5
LH:3
BRDA:13,0,0,22
BRDA:13,0,1,0
BRDA:27,1,0,22
BRDA:27,1,1,0
BRF:4
BRH:2
end_of_record
TN:
SF:components/FormField.jsx
FN:10,(anonymous_0)
FN:31,(anonymous_1)
FN:47,(anonymous_2)
FN:58,(anonymous_3)
FN:108,(anonymous_4)
FN:114,(anonymous_5)
FN:153,(anonymous_6)
FN:159,(anonymous_7)
FN:165,(anonymous_8)
FNF:9
FNH:1
FNDA:128,(anonymous_0)
FNDA:0,(anonymous_1)
FNDA:0,(anonymous_2)
FNDA:0,(anonymous_3)
FNDA:0,(anonymous_4)
FNDA:0,(anonymous_5)
FNDA:0,(anonymous_6)
FNDA:0,(anonymous_7)
FNDA:0,(anonymous_8)
DA:10,2
DA:23,128
DA:25,128
DA:26,128
DA:27,128
DA:28,128
DA:29,128
DA:31,128
DA:32,0
DA:33,0
DA:34,0
DA:35,0
DA:36,0
DA:37,0
DA:38,0
DA:39,0
DA:41,0
DA:44,0
DA:47,128
DA:48,0
DA:49,0
DA:50,0
DA:51,0
DA:52,0
DA:53,0
DA:55,0
DA:58,128
DA:59,0
DA:60,0
DA:63,128
DA:66,128
DA:73,128
DA:109,0
DA:110,0
DA:115,0
DA:116,0
DA:117,0
DA:153,0
DA:159,0
DA:165,0
LF:40
LH:13
BRDA:17,0,0,128
BRDA:18,1,0,128
BRDA:19,2,0,128
BRDA:20,3,0,128
BRDA:28,4,0,128
BRDA:28,4,1,70
BRDA:29,5,0,128
BRDA:29,5,1,70
BRDA:32,6,0,0
BRDA:32,6,1,0
BRDA:38,7,0,0
BRDA:38,7,1,0
BRDA:48,8,0,0
BRDA:48,8,1,0
BRDA:66,9,0,0
BRDA:66,9,1,128
BRDA:68,10,0,0
BRDA:68,10,1,128
BRDA:75,11,0,128
BRDA:75,11,1,66
BRDA:77,12,0,0
BRDA:77,12,1,128
BRDA:79,13,0,128
BRDA:79,13,1,128
BRDA:82,14,0,0
BRDA:82,14,1,128
BRDA:82,15,0,128
BRDA:82,15,1,128
BRDA:86,16,0,128
BRDA:86,16,1,53
BRDA:89,17,0,0
BRDA:89,17,1,128
BRDA:90,18,0,0
BRDA:90,18,1,128
BRDA:91,19,0,128
BRDA:91,19,1,128
BRDA:92,20,0,0
BRDA:92,20,1,128
BRDA:97,21,0,128
BRDA:97,21,1,0
BRDA:116,22,0,0
BRDA:116,22,1,0
BRDA:152,23,0,128
BRDA:152,23,1,0
BRDA:158,24,0,128
BRDA:158,24,1,0
BRDA:164,25,0,128
BRDA:164,25,1,53
BRDA:166,26,0,53
BRDA:166,26,1,0
BRDA:171,27,0,128
BRDA:171,27,1,0
BRDA:171,27,2,0
BRDA:183,28,0,128
BRDA:183,28,1,0
BRDA:183,28,2,0
BRDA:191,29,0,0
BRDA:191,29,1,0
BRF:58
BRH:33
end_of_record
TN:
SF:components/ItemCard.jsx
FN:9,(anonymous_0)
FN:17,(anonymous_1)
FNF:2
FNH:0
FNDA:0,(anonymous_0)
FNDA:0,(anonymous_1)
DA:7,1
DA:9,1
DA:11,0
DA:12,0
DA:13,0
DA:15,0
DA:18,0
LF:7
LH:2
BRDA:34,0,0,0
BRDA:34,0,1,0
BRDA:34,0,2,0
BRDA:34,0,3,0
BRF:4
BRH:0
end_of_record
TN:
SF:components/LocationContext.jsx
FN:6,(anonymous_0)
FN:14,(anonymous_1)
FN:15,(anonymous_2)
FNF:3
FNH:0
FNDA:0,(anonymous_0)
FNDA:0,(anonymous_1)
FNDA:0,(anonymous_2)
DA:4,2
DA:6,2
DA:8,0
DA:12,0
DA:14,0
DA:15,0
DA:16,0
DA:17,0
DA:18,0
DA:19,0
DA:22,0
DA:23,0
DA:28,0
LF:13
LH:2
BRDA:17,0,0,0
BRDA:17,0,1,0
BRF:2
BRH:0
end_of_record
TN:
SF:components/OverlayTag.jsx
FN:4,(anonymous_0)
FNF:1
FNH:0
FNDA:0,(anonymous_0)
DA:4,2
DA:6,0
DA:8,0
LF:3
LH:1
BRDA:4,0,0,0
BRF:1
BRH:0
end_of_record
TN:
SF:components/PostCarousel.jsx
FN:31,PostCarousel
FN:58,(anonymous_1)
FN:73,(anonymous_2)
FNF:3
FNH:0
FNDA:0,PostCarousel
FNDA:0,(anonymous_1)
FNDA:0,(anonymous_2)
DA:7,1
DA:11,1
DA:32,0
DA:33,0
DA:34,0
DA:35,0
DA:36,0
DA:37,0
DA:48,0
DA:59,0
LF:10
LH:2
BRDA:31,0,0,0
BRDA:37,1,0,0
BRDA:37,1,1,0
BRDA:49,2,0,0
BRDA:49,2,1,0
BRDA:51,3,0,0
BRDA:51,3,1,0
BRDA:52,4,0,0
BRDA:52,4,1,0
BRDA:66,5,0,0
BRDA:66,5,1,0
BRDA:77,6,0,0
BRDA:77,6,1,0
BRF:13
BRH:0
end_of_record
TN:
SF:constants/icons.js
FNF:0
FNH:0
LF:0
LH:0
BRF:0
BRH:0
end_of_record
TN:
SF:constants/images.js
FNF:0
FNH:0
LF:0
LH:0
BRF:0
BRH:0
end_of_record
TN:
SF:constants/index.js
FNF:0
FNH:0
LF:0
LH:0
BRF:0
BRH:0
end_of_record
